{"meta": {"format": 3, "version": "7.14.1", "timestamp": "2026-06-14T15:36:45.386023", "branch_coverage": false, "show_contexts": false}, "files": {"src/futures_signal/__init__.py": {"executed_lines": [3], "summary": {"covered_lines": 1, "num_statements": 1, "percent_covered": 100.0, "percent_covered_display": "100", "missing_lines": 0, "excluded_lines": 0, "percent_statements_covered": 100.0, "percent_statements_covered_display": "100"}, "missing_lines": [], "excluded_lines": [], "functions": {"": {"executed_lines": [3], "summary": {"covered_lines": 1, "num_statements": 1, "percent_covered": 100.0, "percent_covered_display": "100", "missing_lines": 0, "excluded_lines": 0, "percent_statements_covered": 100.0, "percent_statements_covered_display": "100"}, "missing_lines": [], "excluded_lines": [], "start_line": 1}}, "classes": {"": {"executed_lines": [3], "summary": {"covered_lines": 1, "num_statements": 1, "percent_covered": 100.0, "percent_covered_display": "100", "missing_lines": 0, "excluded_lines": 0, "percent_statements_covered": 100.0, "percent_statements_covered_display": "100"}, "missing_lines": [], "excluded_lines": [], "start_line": 1}}}, "src/futures_signal/__main__.py": {"executed_lines": [], "summary": {"covered_lines": 0, "num_statements": 3, "percent_covered": 0.0, "percent_covered_display": "0", "missing_lines": 3, "excluded_lines": 0, "percent_statements_covered": 0.0, "percent_statements_covered_display": "0"}, "missing_lines": [1, 4, 5], "excluded_lines": [], "functions": {"": {"executed_lines": [], "summary": {"covered_lines": 0, "num_statements": 3, "percent_covered": 0.0, "percent_covered_display": "0", "missing_lines": 3, "excluded_lines": 0, "percent_statements_covered": 0.0, "percent_statements_covered_display": "0"}, "missing_lines": [1, 4, 5], "excluded_lines": [], "start_line": 1}}, "classes": {"": {"executed_lines": [], "summary": {"covered_lines": 0, "num_statements": 3, "percent_covered": 0.0, "percent_covered_display": "0", "missing_lines": 3, "excluded_lines": 0, "percent_statements_covered": 0.0, "percent_statements_covered_display": "0"}, "missing_lines": [1, 4, 5], "excluded_lines": [], "start_line": 1}}}, "src/futures_signal/ai_commentary.py": {"executed_lines": [1, 3, 5, 7, 8, 11, 12, 15, 16, 17, 18, 19, 20, 21, 22, 23, 24, 25, 27, 28, 29, 30, 31, 33, 69, 71, 72, 85, 86, 88, 89, 93, 96, 97, 142, 143, 186, 187, 188, 189, 191], "summary": {"covered_lines": 41, "num_statements": 47, "percent_covered": 87.23404255319149, "percent_covered_display": "87", "missing_lines": 6, "excluded_lines": 0, "percent_statements_covered": 87.23404255319149, "percent_statements_covered_display": "87"}, "missing_lines": [70, 82, 83, 90, 91, 190], "excluded_lines": [], "functions": {"AICommentaryClient.__init__": {"executed_lines": [17, 18, 19, 20, 21, 22, 23, 24, 25], "summary": {"covered_lines": 9, "num_statements": 9, "percent_covered": 100.0, "percent_covered_display": "100", "missing_lines": 0, "excluded_lines": 0, "percent_statements_covered": 100.0, "percent_statements_covered_display": "100"}, "missing_lines": [], "excluded_lines": [], "start_line": 16}, "AICommentaryClient.generate": {"executed_lines": [28, 29, 30, 31, 33, 69, 71, 72, 85, 86, 88, 89, 93], "summary": {"covered_lines": 13, "num_statements": 18, "percent_covered": 72.22222222222223, "percent_covered_display": "72", "missing_lines": 5, "excluded_lines": 0, "percent_statements_covered": 72.22222222222223, "percent_statements_covered_display": "72"}, "missing_lines": [70, 82, 83, 90, 91], "excluded_lines": [], "start_line": 27}, "_analysis_for_prompt": {"executed_lines": [97], "summary": {"covered_lines": 1, "num_statements": 1, "percent_covered": 100.0, "percent_covered_display": "100", "missing_lines": 0, "excluded_lines": 0, "percent_statements_covered": 100.0, "percent_statements_covered_display": "100"}, "missing_lines": [], "excluded_lines": [], "start_line": 96}, "_signal_for_prompt": {"executed_lines": [143], "summary": {"covered_lines": 1, "num_statements": 1, "percent_covered": 100.0, "percent_covered_display": "100", "missing_lines": 0, "excluded_lines": 0, "percent_statements_covered": 100.0, "percent_statements_covered_display": "100"}, "missing_lines": [], "excluded_lines": [], "start_line": 142}, "_clean_commentary": {"executed_lines": [187, 188, 189, 191], "summary": {"covered_lines": 4, "num_statements": 5, "percent_covered": 80.0, "percent_covered_display": "80", "missing_lines": 1, "excluded_lines": 0, "percent_statements_covered": 80.0, "percent_statements_covered_display": "80"}, "missing_lines": [190], "excluded_lines": [], "start_line": 186}, "": {"executed_lines": [1, 3, 5, 7, 8, 11, 12, 15, 16, 27, 96, 142, 186], "summary": {"covered_lines": 13, "num_statements": 13, "percent_covered": 100.0, "percent_covered_display": "100", "missing_lines": 0, "excluded_lines": 0, "percent_statements_covered": 100.0, "percent_statements_covered_display": "100"}, "missing_lines": [], "excluded_lines": [], "start_line": 1}}, "classes": {"AICommentaryError": {"executed_lines": [], "summary": {"covered_lines": 0, "num_statements": 0, "percent_covered": 100.0, "percent_covered_display": "100", "missing_lines": 0, "excluded_lines": 0, "percent_statements_covered": 100.0, "percent_statements_covered_display": "100"}, "missing_lines": [], "excluded_lines": [], "start_line": 11}, "AICommentaryClient": {"executed_lines": [17, 18, 19, 20, 21, 22, 23, 24, 25, 28, 29, 30, 31, 33, 69, 71, 72, 85, 86, 88, 89, 93], "summary": {"covered_lines": 22, "num_statements": 27, "percent_covered": 81.48148148148148, "percent_covered_display": "81", "missing_lines": 5, "excluded_lines": 0, "percent_statements_covered": 81.48148148148148, "percent_statements_covered_display": "81"}, "missing_lines": [70, 82, 83, 90, 91], "excluded_lines": [], "start_line": 15}, "": {"executed_lines": [1, 3, 5, 7, 8, 11, 12, 15, 16, 27, 96, 97, 142, 143, 186, 187, 188, 189, 191], "summary": {"covered_lines": 19, "num_statements": 20, "percent_covered": 95.0, "percent_covered_display": "95", "missing_lines": 1, "excluded_lines": 0, "percent_statements_covered": 95.0, "percent_statements_covered_display": "95"}, "missing_lines": [190], "excluded_lines": [], "start_line": 1}}}, "src/futures_signal/akshare_source.py": {"executed_lines": [1, 3, 4, 5, 6, 7, 8, 10, 11, 12, 13, 14, 25, 28, 29, 30, 31, 32, 35, 36, 37, 38, 39, 40, 41, 42, 43, 48, 50, 84, 85, 86, 90, 91, 92, 117, 123, 124, 125, 126, 127, 131, 132, 135, 136, 137, 140, 141, 143, 149, 150, 151, 152, 153, 160, 168, 180, 181, 182, 187, 190, 191, 192, 193, 194, 195, 197, 198, 199, 200, 201, 204, 205, 208, 210, 229, 236, 237, 242, 243, 245, 247, 253, 254, 255, 256, 257, 259, 270, 272, 324, 325, 327, 328, 330, 331, 332, 333, 334, 335, 339, 340, 341, 342, 343, 344, 346, 347, 348, 349, 350, 353, 359, 360, 365, 366, 367, 368, 369, 370, 371, 372, 373, 374, 375, 376, 385, 387, 393, 394, 395, 396, 397, 398, 399, 400, 401, 402, 403, 407, 408, 409, 413, 415, 416, 417, 418, 420, 421, 422, 423, 424, 425, 426, 427, 428, 430, 431, 433, 434, 437, 438, 439, 440, 452, 453, 454, 455, 457, 458, 460, 461, 462, 464, 465, 466, 467, 468, 469, 470, 477, 478, 479, 481, 482, 483, 485, 486, 491, 492, 493, 494, 495, 496, 498, 499, 512, 513, 514, 515, 517, 518, 519, 520, 521, 522, 533, 534, 535, 536, 537, 539, 540, 541, 542, 543, 544, 546, 547, 548, 549, 550, 553, 554, 555, 556, 557, 563, 564, 565, 571, 572, 573, 574, 575, 577, 578, 579, 585, 586, 587, 588, 589, 591, 592, 593, 594, 595, 601, 602, 603, 604, 605, 606, 607, 611, 612, 614, 615, 616, 617, 618, 619, 620, 621, 622, 623, 624, 626, 627, 628, 629, 630], "summary": {"covered_lines": 273, "num_statements": 439, "percent_covered": 62.18678815489749, "percent_covered_display": "62", "missing_lines": 166, "excluded_lines": 0, "percent_statements_covered": 62.18678815489749, "percent_statements_covered_display": "62"}, "missing_lines": [33, 34, 51, 52, 53, 54, 55, 56, 57, 58, 59, 61, 63, 64, 65, 66, 68, 69, 70, 72, 87, 88, 94, 95, 96, 97, 98, 99, 101, 102, 103, 104, 105, 106, 107, 108, 109, 110, 111, 112, 113, 114, 115, 128, 129, 130, 133, 134, 138, 139, 154, 155, 156, 157, 158, 183, 184, 185, 188, 202, 206, 216, 217, 218, 219, 220, 221, 222, 223, 224, 225, 226, 227, 238, 239, 240, 244, 258, 278, 279, 280, 281, 282, 283, 285, 286, 287, 288, 289, 290, 291, 292, 293, 294, 295, 296, 297, 298, 299, 300, 301, 302, 303, 304, 305, 306, 318, 320, 321, 322, 326, 329, 336, 337, 351, 361, 362, 363, 404, 405, 410, 411, 412, 414, 419, 432, 435, 446, 447, 448, 449, 450, 456, 459, 484, 487, 488, 489, 500, 501, 502, 503, 504, 505, 506, 507, 508, 509, 510, 523, 524, 525, 526, 527, 528, 529, 530, 531, 551, 558, 559, 560, 561, 608, 609, 610], "excluded_lines": [], "functions": {"AkShareDataSource.__init__": {"executed_lines": [30, 31, 32, 35, 36, 37, 38, 39, 40, 41, 42, 43, 48], "summary": {"covered_lines": 13, "num_statements": 15, "percent_covered": 86.66666666666667, "percent_covered_display": "87", "missing_lines": 2, "excluded_lines": 0, "percent_statements_covered": 86.66666666666667, "percent_statements_covered_display": "87"}, "missing_lines": [33, 34], "excluded_lines": [], "start_line": 29}, "AkShareDataSource.fetch": {"executed_lines": [], "summary": {"covered_lines": 0, "num_statements": 18, "percent_covered": 0.0, "percent_covered_display": "0", "missing_lines": 18, "excluded_lines": 0, "percent_statements_covered": 0.0, "percent_statements_covered_display": "0"}, "missing_lines": [51, 52, 53, 54, 55, 56, 57, 58, 59, 61, 63, 64, 65, 66, 68, 69, 70, 72], "excluded_lines": [], "start_line": 50}, "AkShareDataSource._fetch_main_futures": {"executed_lines": [85, 86, 90, 91, 92], "summary": {"covered_lines": 5, "num_statements": 28, "percent_covered": 17.857142857142858, "percent_covered_display": "18", "missing_lines": 23, "excluded_lines": 0, "percent_statements_covered": 17.857142857142858, "percent_statements_covered_display": "18"}, "missing_lines": [87, 88, 94, 95, 96, 97, 98, 99, 101, 102, 103, 104, 105, 106, 107, 108, 109, 110, 111, 112, 113, 114, 115], "excluded_lines": [], "start_line": 84}, "AkShareDataSource._fetch_main_futures_from_realtime": {"executed_lines": [123, 124, 125, 126, 127, 131, 132, 135, 136, 137, 140, 141], "summary": {"covered_lines": 12, "num_statements": 19, "percent_covered": 63.1578947368421, "percent_covered_display": "63", "missing_lines": 7, "excluded_lines": 0, "percent_statements_covered": 63.1578947368421, "percent_statements_covered_display": "63"}, "missing_lines": [128, 129, 130, 133, 134, 138, 139], "excluded_lines": [], "start_line": 117}, "AkShareDataSource._select_main_future_row": {"executed_lines": [149, 150, 151, 152, 153], "summary": {"covered_lines": 5, "num_statements": 10, "percent_covered": 50.0, "percent_covered_display": "50", "missing_lines": 5, "excluded_lines": 0, "percent_statements_covered": 50.0, "percent_statements_covered_display": "50"}, "missing_lines": [154, 155, 156, 157, 158], "excluded_lines": [], "start_line": 143}, "AkShareDataSource._future_quote_from_row": {"executed_lines": [168], "summary": {"covered_lines": 1, "num_statements": 1, "percent_covered": 100.0, "percent_covered_display": "100", "missing_lines": 0, "excluded_lines": 0, "percent_statements_covered": 100.0, "percent_statements_covered_display": "100"}, "missing_lines": [], "excluded_lines": [], "start_line": 160}, "AkShareDataSource._main_contract_symbols": {"executed_lines": [181, 182, 187, 190, 191, 192, 193, 194, 195], "summary": {"covered_lines": 9, "num_statements": 13, "percent_covered": 69.23076923076923, "percent_covered_display": "69", "missing_lines": 4, "excluded_lines": 0, "percent_statements_covered": 69.23076923076923, "percent_statements_covered_display": "69"}, "missing_lines": [183, 184, 185, 188], "excluded_lines": [], "start_line": 180}, "AkShareDataSource._fetch_spots": {"executed_lines": [198, 199, 200, 201, 204, 205, 208], "summary": {"covered_lines": 7, "num_statements": 9, "percent_covered": 77.77777777777777, "percent_covered_display": "78", "missing_lines": 2, "excluded_lines": 0, "percent_statements_covered": 77.77777777777777, "percent_statements_covered_display": "78"}, "missing_lines": [202, 206], "excluded_lines": [], "start_line": 197}, "AkShareDataSource._fetch_spots_from_em": {"executed_lines": [], "summary": {"covered_lines": 0, "num_statements": 12, "percent_covered": 0.0, "percent_covered_display": "0", "missing_lines": 12, "excluded_lines": 0, "percent_statements_covered": 0.0, "percent_statements_covered_display": "0"}, "missing_lines": [216, 217, 218, 219, 220, 221, 222, 223, 224, 225, 226, 227], "excluded_lines": [], "start_line": 210}, "AkShareDataSource._fetch_spots_from_sina": {"executed_lines": [236, 237, 242, 243, 245], "summary": {"covered_lines": 5, "num_statements": 9, "percent_covered": 55.55555555555556, "percent_covered_display": "56", "missing_lines": 4, "excluded_lines": 0, "percent_statements_covered": 55.55555555555556, "percent_statements_covered_display": "56"}, "missing_lines": [238, 239, 240, 244], "excluded_lines": [], "start_line": 229}, "AkShareDataSource._parse_spot_rows": {"executed_lines": [253, 254, 255, 256, 257, 259, 270], "summary": {"covered_lines": 7, "num_statements": 8, "percent_covered": 87.5, "percent_covered_display": "88", "missing_lines": 1, "excluded_lines": 0, "percent_statements_covered": 87.5, "percent_statements_covered_display": "88"}, "missing_lines": [258], "excluded_lines": [], "start_line": 247}, "AkShareDataSource._fetch_terms_if_due": {"executed_lines": [], "summary": {"covered_lines": 0, "num_statements": 32, "percent_covered": 0.0, "percent_covered_display": "0", "missing_lines": 32, "excluded_lines": 0, "percent_statements_covered": 0.0, "percent_statements_covered_display": "0"}, "missing_lines": [278, 279, 280, 281, 282, 283, 285, 286, 287, 288, 289, 290, 291, 292, 293, 294, 295, 296, 297, 298, 299, 300, 301, 302, 303, 304, 305, 306, 318, 320, 321, 322], "excluded_lines": [], "start_line": 272}, "AkShareDataSource._fetch_positions_if_due": {"executed_lines": [325, 327, 328, 330, 331, 332, 333, 334, 335, 339, 340, 341, 342, 343, 344, 346, 347, 348, 349, 350], "summary": {"covered_lines": 20, "num_statements": 25, "percent_covered": 80.0, "percent_covered_display": "80", "missing_lines": 5, "excluded_lines": 0, "percent_statements_covered": 80.0, "percent_statements_covered_display": "80"}, "missing_lines": [326, 329, 336, 337, 351], "excluded_lines": [], "start_line": 324}, "AkShareDataSource._fetch_positions_for_date": {"executed_lines": [359, 360, 365, 366, 367, 368, 369, 370, 371, 372, 373, 374, 375, 376, 385], "summary": {"covered_lines": 15, "num_statements": 18, "percent_covered": 83.33333333333333, "percent_covered_display": "83", "missing_lines": 3, "excluded_lines": 0, "percent_statements_covered": 83.33333333333333, "percent_statements_covered_display": "83"}, "missing_lines": [361, 362, 363], "excluded_lines": [], "start_line": 353}, "AkShareDataSource._fetch_previous_available_positions": {"executed_lines": [393, 394, 395, 396, 397, 398, 399, 400, 401, 402, 403], "summary": {"covered_lines": 11, "num_statements": 13, "percent_covered": 84.61538461538461, "percent_covered_display": "85", "missing_lines": 2, "excluded_lines": 0, "percent_statements_covered": 84.61538461538461, "percent_statements_covered_display": "85"}, "missing_lines": [404, 405], "excluded_lines": [], "start_line": 387}, "AkShareDataSource._fetch_citic_net_short_changes": {"executed_lines": [408, 409, 413, 415, 416, 417, 418, 420, 421, 422, 423, 424, 425, 426, 427, 428], "summary": {"covered_lines": 16, "num_statements": 21, "percent_covered": 76.19047619047619, "percent_covered_display": "76", "missing_lines": 5, "excluded_lines": 0, "percent_statements_covered": 76.19047619047619, "percent_statements_covered_display": "76"}, "missing_lines": [410, 411, 412, 414, 419], "excluded_lines": [], "start_line": 407}, "AkShareDataSource._fetch_position_trends_if_due": {"executed_lines": [431, 433, 434, 437, 438, 439, 440, 452, 453, 454, 455, 457, 458, 460, 461, 462, 464, 465, 466, 467, 468, 469, 470, 477, 478, 479], "summary": {"covered_lines": 26, "num_statements": 35, "percent_covered": 74.28571428571429, "percent_covered_display": "74", "missing_lines": 9, "excluded_lines": 0, "percent_statements_covered": 74.28571428571429, "percent_statements_covered_display": "74"}, "missing_lines": [432, 435, 446, 447, 448, 449, 450, 456, 459], "excluded_lines": [], "start_line": 430}, "AkShareDataSource._rows": {"executed_lines": [483, 485, 486], "summary": {"covered_lines": 3, "num_statements": 7, "percent_covered": 42.857142857142854, "percent_covered_display": "43", "missing_lines": 4, "excluded_lines": 0, "percent_statements_covered": 42.857142857142854, "percent_statements_covered_display": "43"}, "missing_lines": [484, 487, 488, 489], "excluded_lines": [], "start_line": 482}, "AkShareDataSource._call_quiet": {"executed_lines": [493, 494, 495, 496], "summary": {"covered_lines": 4, "num_statements": 4, "percent_covered": 100.0, "percent_covered_display": "100", "missing_lines": 0, "excluded_lines": 0, "percent_statements_covered": 100.0, "percent_statements_covered_display": "100"}, "missing_lines": [], "excluded_lines": [], "start_line": 492}, "AkShareDataSource._brief_error": {"executed_lines": [], "summary": {"covered_lines": 0, "num_statements": 11, "percent_covered": 0.0, "percent_covered_display": "0", "missing_lines": 11, "excluded_lines": 0, "percent_statements_covered": 0.0, "percent_statements_covered_display": "0"}, "missing_lines": [500, 501, 502, 503, 504, 505, 506, 507, 508, 509, 510], "excluded_lines": [], "start_line": 499}, "AkShareDataSource._product_from_contract": {"executed_lines": [514, 515], "summary": {"covered_lines": 2, "num_statements": 2, "percent_covered": 100.0, "percent_covered_display": "100", "missing_lines": 0, "excluded_lines": 0, "percent_statements_covered": 100.0, "percent_statements_covered_display": "100"}, "missing_lines": [], "excluded_lines": [], "start_line": 513}, "AkShareDataSource._infer_product": {"executed_lines": [519, 520, 521, 522], "summary": {"covered_lines": 4, "num_statements": 13, "percent_covered": 30.76923076923077, "percent_covered_display": "31", "missing_lines": 9, "excluded_lines": 0, "percent_statements_covered": 30.76923076923077, "percent_statements_covered_display": "31"}, "missing_lines": [523, 524, 525, 526, 527, 528, 529, 530, 531], "excluded_lines": [], "start_line": 518}, "AkShareDataSource._infer_contract": {"executed_lines": [535, 536, 537], "summary": {"covered_lines": 3, "num_statements": 3, "percent_covered": 100.0, "percent_covered_display": "100", "missing_lines": 0, "excluded_lines": 0, "percent_statements_covered": 100.0, "percent_statements_covered_display": "100"}, "missing_lines": [], "excluded_lines": [], "start_line": 534}, "AkShareDataSource._first_float": {"executed_lines": [541, 542, 543, 544], "summary": {"covered_lines": 4, "num_statements": 4, "percent_covered": 100.0, "percent_covered_display": "100", "missing_lines": 0, "excluded_lines": 0, "percent_statements_covered": 100.0, "percent_statements_covered_display": "100"}, "missing_lines": [], "excluded_lines": [], "start_line": 540}, "AkShareDataSource._first_int": {"executed_lines": [548, 549, 550], "summary": {"covered_lines": 3, "num_statements": 4, "percent_covered": 75.0, "percent_covered_display": "75", "missing_lines": 1, "excluded_lines": 0, "percent_statements_covered": 75.0, "percent_statements_covered_display": "75"}, "missing_lines": [551], "excluded_lines": [], "start_line": 547}, "AkShareDataSource._change_pct": {"executed_lines": [555, 556, 557], "summary": {"covered_lines": 3, "num_statements": 7, "percent_covered": 42.857142857142854, "percent_covered_display": "43", "missing_lines": 4, "excluded_lines": 0, "percent_statements_covered": 42.857142857142854, "percent_statements_covered_display": "43"}, "missing_lines": [558, 559, 560, 561], "excluded_lines": [], "start_line": 554}, "AkShareDataSource._parse_tick_time": {"executed_lines": [564, 565, 571, 572, 573, 574, 575], "summary": {"covered_lines": 7, "num_statements": 7, "percent_covered": 100.0, "percent_covered_display": "100", "missing_lines": 0, "excluded_lines": 0, "percent_statements_covered": 100.0, "percent_statements_covered_display": "100"}, "missing_lines": [], "excluded_lines": [], "start_line": 563}, "AkShareDataSource._parse_spot_tick_time": {"executed_lines": [578, 579, 585, 586, 587, 588, 589], "summary": {"covered_lines": 7, "num_statements": 7, "percent_covered": 100.0, "percent_covered_display": "100", "missing_lines": 0, "excluded_lines": 0, "percent_statements_covered": 100.0, "percent_statements_covered_display": "100"}, "missing_lines": [], "excluded_lines": [], "start_line": 577}, "AkShareDataSource._parse_datetime_value": {"executed_lines": [592, 593, 594, 595, 601, 602, 603, 604, 605, 606, 607, 611, 612, 614, 615, 616, 617, 618, 619, 620, 621, 622, 623, 624], "summary": {"covered_lines": 24, "num_statements": 27, "percent_covered": 88.88888888888889, "percent_covered_display": "89", "missing_lines": 3, "excluded_lines": 0, "percent_statements_covered": 88.88888888888889, "percent_statements_covered_display": "89"}, "missing_lines": [608, 609, 610], "excluded_lines": [], "start_line": 591}, "AkShareDataSource._realtime_rows": {"executed_lines": [627, 628, 629, 630], "summary": {"covered_lines": 4, "num_statements": 4, "percent_covered": 100.0, "percent_covered_display": "100", "missing_lines": 0, "excluded_lines": 0, "percent_statements_covered": 100.0, "percent_statements_covered_display": "100"}, "missing_lines": [], "excluded_lines": [], "start_line": 626}, "": {"executed_lines": [1, 3, 4, 5, 6, 7, 8, 10, 11, 12, 13, 14, 25, 28, 29, 50, 84, 117, 143, 160, 180, 197, 210, 229, 247, 272, 324, 353, 387, 407, 430, 481, 482, 491, 492, 498, 499, 512, 513, 517, 518, 533, 534, 539, 540, 546, 547, 553, 554, 563, 577, 591, 626], "summary": {"covered_lines": 53, "num_statements": 53, "percent_covered": 100.0, "percent_covered_display": "100", "missing_lines": 0, "excluded_lines": 0, "percent_statements_covered": 100.0, "percent_statements_covered_display": "100"}, "missing_lines": [], "excluded_lines": [], "start_line": 1}}, "classes": {"AkShareDataSource": {"executed_lines": [30, 31, 32, 35, 36, 37, 38, 39, 40, 41, 42, 43, 48, 85, 86, 90, 91, 92, 123, 124, 125, 126, 127, 131, 132, 135, 136, 137, 140, 141, 149, 150, 151, 152, 153, 168, 181, 182, 187, 190, 191, 192, 193, 194, 195, 198, 199, 200, 201, 204, 205, 208, 236, 237, 242, 243, 245, 253, 254, 255, 256, 257, 259, 270, 325, 327, 328, 330, 331, 332, 333, 334, 335, 339, 340, 341, 342, 343, 344, 346, 347, 348, 349, 350, 359, 360, 365, 366, 367, 368, 369, 370, 371, 372, 373, 374, 375, 376, 385, 393, 394, 395, 396, 397, 398, 399, 400, 401, 402, 403, 408, 409, 413, 415, 416, 417, 418, 420, 421, 422, 423, 424, 425, 426, 427, 428, 431, 433, 434, 437, 438, 439, 440, 452, 453, 454, 455, 457, 458, 460, 461, 462, 464, 465, 466, 467, 468, 469, 470, 477, 478, 479, 483, 485, 486, 493, 494, 495, 496, 514, 515, 519, 520, 521, 522, 535, 536, 537, 541, 542, 543, 544, 548, 549, 550, 555, 556, 557, 564, 565, 571, 572, 573, 574, 575, 578, 579, 585, 586, 587, 588, 589, 592, 593, 594, 595, 601, 602, 603, 604, 605, 606, 607, 611, 612, 614, 615, 616, 617, 618, 619, 620, 621, 622, 623, 624, 627, 628, 629, 630], "summary": {"covered_lines": 220, "num_statements": 386, "percent_covered": 56.994818652849744, "percent_covered_display": "57", "missing_lines": 166, "excluded_lines": 0, "percent_statements_covered": 56.994818652849744, "percent_statements_covered_display": "57"}, "missing_lines": [33, 34, 51, 52, 53, 54, 55, 56, 57, 58, 59, 61, 63, 64, 65, 66, 68, 69, 70, 72, 87, 88, 94, 95, 96, 97, 98, 99, 101, 102, 103, 104, 105, 106, 107, 108, 109, 110, 111, 112, 113, 114, 115, 128, 129, 130, 133, 134, 138, 139, 154, 155, 156, 157, 158, 183, 184, 185, 188, 202, 206, 216, 217, 218, 219, 220, 221, 222, 223, 224, 225, 226, 227, 238, 239, 240, 244, 258, 278, 279, 280, 281, 282, 283, 285, 286, 287, 288, 289, 290, 291, 292, 293, 294, 295, 296, 297, 298, 299, 300, 301, 302, 303, 304, 305, 306, 318, 320, 321, 322, 326, 329, 336, 337, 351, 361, 362, 363, 404, 405, 410, 411, 412, 414, 419, 432, 435, 446, 447, 448, 449, 450, 456, 459, 484, 487, 488, 489, 500, 501, 502, 503, 504, 505, 506, 507, 508, 509, 510, 523, 524, 525, 526, 527, 528, 529, 530, 531, 551, 558, 559, 560, 561, 608, 609, 610], "excluded_lines": [], "start_line": 28}, "": {"executed_lines": [1, 3, 4, 5, 6, 7, 8, 10, 11, 12, 13, 14, 25, 28, 29, 50, 84, 117, 143, 160, 180, 197, 210, 229, 247, 272, 324, 353, 387, 407, 430, 481, 482, 491, 492, 498, 499, 512, 513, 517, 518, 533, 534, 539, 540, 546, 547, 553, 554, 563, 577, 591, 626], "summary": {"covered_lines": 53, "num_statements": 53, "percent_covered": 100.0, "percent_covered_display": "100", "missing_lines": 0, "excluded_lines": 0, "percent_statements_covered": 100.0, "percent_statements_covered_display": "100"}, "missing_lines": [], "excluded_lines": [], "start_line": 1}}}, "src/futures_signal/cli.py": {"executed_lines": [1, 3, 4, 5, 6, 8, 9, 10, 11, 12, 13, 14, 15, 18, 126, 127, 128, 129, 130, 131, 132, 140, 141, 142, 145, 146, 148, 155, 156, 158, 159, 161, 168], "summary": {"covered_lines": 33, "num_statements": 97, "percent_covered": 34.02061855670103, "percent_covered_display": "34", "missing_lines": 64, "excluded_lines": 0, "percent_statements_covered": 34.02061855670103, "percent_statements_covered_display": "34"}, "missing_lines": [19, 20, 22, 24, 25, 26, 32, 33, 34, 35, 37, 38, 39, 40, 42, 43, 44, 46, 47, 48, 49, 50, 52, 53, 55, 57, 69, 70, 71, 73, 74, 76, 81, 82, 83, 84, 85, 86, 87, 88, 89, 90, 91, 92, 94, 102, 104, 105, 106, 107, 108, 117, 118, 119, 121, 122, 123, 149, 150, 151, 152, 153, 157, 160], "excluded_lines": [], "functions": {"main": {"executed_lines": [], "summary": {"covered_lines": 0, "num_statements": 57, "percent_covered": 0.0, "percent_covered_display": "0", "missing_lines": 57, "excluded_lines": 0, "percent_statements_covered": 0.0, "percent_statements_covered_display": "0"}, "missing_lines": [19, 20, 22, 24, 25, 26, 32, 33, 34, 35, 37, 38, 39, 40, 42, 43, 44, 46, 47, 48, 49, 50, 52, 53, 55, 57, 69, 70, 71, 73, 74, 76, 81, 82, 83, 84, 85, 86, 87, 88, 89, 90, 91, 92, 94, 102, 104, 105, 106, 107, 108, 117, 118, 119, 121, 122, 123], "excluded_lines": [], "start_line": 18}, "configure_logging": {"executed_lines": [127, 128, 129, 130, 131, 132, 140, 141, 142], "summary": {"covered_lines": 9, "num_statements": 9, "percent_covered": 100.0, "percent_covered_display": "100", "missing_lines": 0, "excluded_lines": 0, "percent_statements_covered": 100.0, "percent_statements_covered_display": "100"}, "missing_lines": [], "excluded_lines": [], "start_line": 126}, "_SensitiveDataFilter.filter": {"executed_lines": [], "summary": {"covered_lines": 0, "num_statements": 5, "percent_covered": 0.0, "percent_covered_display": "0", "missing_lines": 5, "excluded_lines": 0, "percent_statements_covered": 0.0, "percent_statements_covered_display": "0"}, "missing_lines": [149, 150, 151, 152, 153], "excluded_lines": [], "start_line": 148}, "_SensitiveDataFilter._redact": {"executed_lines": [156, 158, 159, 161, 168], "summary": {"covered_lines": 5, "num_statements": 7, "percent_covered": 71.42857142857143, "percent_covered_display": "71", "missing_lines": 2, "excluded_lines": 0, "percent_statements_covered": 71.42857142857143, "percent_statements_covered_display": "71"}, "missing_lines": [157, 160], "excluded_lines": [], "start_line": 155}, "": {"executed_lines": [1, 3, 4, 5, 6, 8, 9, 10, 11, 12, 13, 14, 15, 18, 126, 145, 146, 148, 155], "summary": {"covered_lines": 19, "num_statements": 19, "percent_covered": 100.0, "percent_covered_display": "100", "missing_lines": 0, "excluded_lines": 0, "percent_statements_covered": 100.0, "percent_statements_covered_display": "100"}, "missing_lines": [], "excluded_lines": [], "start_line": 1}}, "classes": {"_SensitiveDataFilter": {"executed_lines": [156, 158, 159, 161, 168], "summary": {"covered_lines": 5, "num_statements": 12, "percent_covered": 41.666666666666664, "percent_covered_display": "42", "missing_lines": 7, "excluded_lines": 0, "percent_statements_covered": 41.666666666666664, "percent_statements_covered_display": "42"}, "missing_lines": [149, 150, 151, 152, 153, 157, 160], "excluded_lines": [], "start_line": 145}, "": {"executed_lines": [1, 3, 4, 5, 6, 8, 9, 10, 11, 12, 13, 14, 15, 18, 126, 127, 128, 129, 130, 131, 132, 140, 141, 142, 145, 146, 148, 155], "summary": {"covered_lines": 28, "num_statements": 85, "percent_covered": 32.94117647058823, "percent_covered_display": "33", "missing_lines": 57, "excluded_lines": 0, "percent_statements_covered": 32.94117647058823, "percent_statements_covered_display": "33"}, "missing_lines": [19, 20, 22, 24, 25, 26, 32, 33, 34, 35, 37, 38, 39, 40, 42, 43, 44, 46, 47, 48, 49, 50, 52, 53, 55, 57, 69, 70, 71, 73, 74, 76, 81, 82, 83, 84, 85, 86, 87, 88, 89, 90, 91, 92, 94, 102, 104, 105, 106, 107, 108, 117, 118, 119, 121, 122, 123], "excluded_lines": [], "start_line": 1}}}, "src/futures_signal/config.py": {"executed_lines": [1, 3, 4, 5, 6, 7, 10, 17, 24, 31, 43, 44, 45, 46, 47, 48, 49, 50, 51, 52, 53, 54, 55, 56, 57, 58, 59, 60, 61, 62, 63, 64, 65, 66, 67, 68, 69, 70, 71, 72, 73, 74, 75, 76, 77, 78, 79, 80, 82, 83, 84, 86, 87, 88, 90, 91, 134, 135, 136, 137, 138, 139, 140, 141, 142, 146, 147, 148, 149, 150, 151], "summary": {"covered_lines": 71, "num_statements": 96, "percent_covered": 73.95833333333333, "percent_covered_display": "74", "missing_lines": 25, "excluded_lines": 0, "percent_statements_covered": 73.95833333333333, "percent_statements_covered_display": "74"}, "missing_lines": [11, 12, 13, 14, 18, 19, 20, 21, 25, 26, 27, 28, 32, 33, 34, 35, 36, 37, 38, 39, 40, 92, 93, 94, 143], "excluded_lines": [], "functions": {"_bool_env": {"executed_lines": [], "summary": {"covered_lines": 0, "num_statements": 4, "percent_covered": 0.0, "percent_covered_display": "0", "missing_lines": 4, "excluded_lines": 0, "percent_statements_covered": 0.0, "percent_statements_covered_display": "0"}, "missing_lines": [11, 12, 13, 14], "excluded_lines": [], "start_line": 10}, "_int_env": {"executed_lines": [], "summary": {"covered_lines": 0, "num_statements": 4, "percent_covered": 0.0, "percent_covered_display": "0", "missing_lines": 4, "excluded_lines": 0, "percent_statements_covered": 0.0, "percent_statements_covered_display": "0"}, "missing_lines": [18, 19, 20, 21], "excluded_lines": [], "start_line": 17}, "_float_env": {"executed_lines": [], "summary": {"covered_lines": 0, "num_statements": 4, "percent_covered": 0.0, "percent_covered_display": "0", "missing_lines": 4, "excluded_lines": 0, "percent_statements_covered": 0.0, "percent_statements_covered_display": "0"}, "missing_lines": [25, 26, 27, 28], "excluded_lines": [], "start_line": 24}, "_load_dotenv": {"executed_lines": [], "summary": {"covered_lines": 0, "num_statements": 9, "percent_covered": 0.0, "percent_covered_display": "0", "missing_lines": 9, "excluded_lines": 0, "percent_statements_covered": 0.0, "percent_statements_covered_display": "0"}, "missing_lines": [32, 33, 34, 35, 36, 37, 38, 39, 40], "excluded_lines": [], "start_line": 31}, "Settings.tz": {"executed_lines": [84], "summary": {"covered_lines": 1, "num_statements": 1, "percent_covered": 100.0, "percent_covered_display": "100", "missing_lines": 0, "excluded_lines": 0, "percent_statements_covered": 100.0, "percent_statements_covered_display": "100"}, "missing_lines": [], "excluded_lines": [], "start_line": 83}, "Settings.__post_init__": {"executed_lines": [87, 88], "summary": {"covered_lines": 2, "num_statements": 2, "percent_covered": 100.0, "percent_covered_display": "100", "missing_lines": 0, "excluded_lines": 0, "percent_statements_covered": 100.0, "percent_statements_covered_display": "100"}, "missing_lines": [], "excluded_lines": [], "start_line": 86}, "Settings.from_env": {"executed_lines": [], "summary": {"covered_lines": 0, "num_statements": 3, "percent_covered": 0.0, "percent_covered_display": "0", "missing_lines": 3, "excluded_lines": 0, "percent_statements_covered": 0.0, "percent_statements_covered_display": "0"}, "missing_lines": [92, 93, 94], "excluded_lines": [], "start_line": 91}, "_validate_wecom_webhook_url": {"executed_lines": [135, 136, 137, 138, 139, 140, 141, 142], "summary": {"covered_lines": 8, "num_statements": 9, "percent_covered": 88.88888888888889, "percent_covered_display": "89", "missing_lines": 1, "excluded_lines": 0, "percent_statements_covered": 88.88888888888889, "percent_statements_covered_display": "89"}, "missing_lines": [143], "excluded_lines": [], "start_line": 134}, "_validate_ai_base_url": {"executed_lines": [147, 148, 149, 150, 151], "summary": {"covered_lines": 5, "num_statements": 5, "percent_covered": 100.0, "percent_covered_display": "100", "missing_lines": 0, "excluded_lines": 0, "percent_statements_covered": 100.0, "percent_statements_covered_display": "100"}, "missing_lines": [], "excluded_lines": [], "start_line": 146}, "": {"executed_lines": [1, 3, 4, 5, 6, 7, 10, 17, 24, 31, 43, 44, 45, 46, 47, 48, 49, 50, 51, 52, 53, 54, 55, 56, 57, 58, 59, 60, 61, 62, 63, 64, 65, 66, 67, 68, 69, 70, 71, 72, 73, 74, 75, 76, 77, 78, 79, 80, 82, 83, 86, 90, 91, 134, 146], "summary": {"covered_lines": 55, "num_statements": 55, "percent_covered": 100.0, "percent_covered_display": "100", "missing_lines": 0, "excluded_lines": 0, "percent_statements_covered": 100.0, "percent_statements_covered_display": "100"}, "missing_lines": [], "excluded_lines": [], "start_line": 1}}, "classes": {"Settings": {"executed_lines": [84, 87, 88], "summary": {"covered_lines": 3, "num_statements": 6, "percent_covered": 50.0, "percent_covered_display": "50", "missing_lines": 3, "excluded_lines": 0, "percent_statements_covered": 50.0, "percent_statements_covered_display": "50"}, "missing_lines": [92, 93, 94], "excluded_lines": [], "start_line": 44}, "": {"executed_lines": [1, 3, 4, 5, 6, 7, 10, 17, 24, 31, 43, 44, 45, 46, 47, 48, 49, 50, 51, 52, 53, 54, 55, 56, 57, 58, 59, 60, 61, 62, 63, 64, 65, 66, 67, 68, 69, 70, 71, 72, 73, 74, 75, 76, 77, 78, 79, 80, 82, 83, 86, 90, 91, 134, 135, 136, 137, 138, 139, 140, 141, 142, 146, 147, 148, 149, 150, 151], "summary": {"covered_lines": 68, "num_statements": 90, "percent_covered": 75.55555555555556, "percent_covered_display": "76", "missing_lines": 22, "excluded_lines": 0, "percent_statements_covered": 75.55555555555556, "percent_statements_covered_display": "76"}, "missing_lines": [11, 12, 13, 14, 18, 19, 20, 21, 25, 26, 27, 28, 32, 33, 34, 35, 36, 37, 38, 39, 40, 143], "excluded_lines": [], "start_line": 1}}}, "src/futures_signal/data_sources.py": {"executed_lines": [1, 3, 5, 8, 9, 12], "summary": {"covered_lines": 6, "num_statements": 6, "percent_covered": 100.0, "percent_covered_display": "100", "missing_lines": 0, "excluded_lines": 3, "percent_statements_covered": 100.0, "percent_statements_covered_display": "100"}, "missing_lines": [], "excluded_lines": [13, 14, 15], "functions": {"MarketDataSource.fetch": {"executed_lines": [], "summary": {"covered_lines": 0, "num_statements": 0, "percent_covered": 100.0, "percent_covered_display": "100", "missing_lines": 0, "excluded_lines": 1, "percent_statements_covered": 100.0, "percent_statements_covered_display": "100"}, "missing_lines": [], "excluded_lines": [14], "start_line": 13}, "": {"executed_lines": [1, 3, 5, 8, 9, 12], "summary": {"covered_lines": 6, "num_statements": 6, "percent_covered": 100.0, "percent_covered_display": "100", "missing_lines": 0, "excluded_lines": 1, "percent_statements_covered": 100.0, "percent_statements_covered_display": "100"}, "missing_lines": [], "excluded_lines": [13], "start_line": 1}}, "classes": {"DataSourceError": {"executed_lines": [], "summary": {"covered_lines": 0, "num_statements": 0, "percent_covered": 100.0, "percent_covered_display": "100", "missing_lines": 0, "excluded_lines": 0, "percent_statements_covered": 100.0, "percent_statements_covered_display": "100"}, "missing_lines": [], "excluded_lines": [], "start_line": 8}, "MarketDataSource": {"executed_lines": [], "summary": {"covered_lines": 0, "num_statements": 0, "percent_covered": 100.0, "percent_covered_display": "100", "missing_lines": 0, "excluded_lines": 1, "percent_statements_covered": 100.0, "percent_statements_covered_display": "100"}, "missing_lines": [], "excluded_lines": [14], "start_line": 12}, "": {"executed_lines": [1, 3, 5, 8, 9, 12], "summary": {"covered_lines": 6, "num_statements": 6, "percent_covered": 100.0, "percent_covered_display": "100", "missing_lines": 0, "excluded_lines": 1, "percent_statements_covered": 100.0, "percent_statements_covered_display": "100"}, "missing_lines": [], "excluded_lines": [13], "start_line": 1}}}, "src/futures_signal/formatting.py": {"executed_lines": [1, 3, 5, 8, 13, 14, 15, 16, 17, 27, 28, 30, 31, 32, 33, 35, 38, 39, 40, 41, 43, 45, 48, 52, 53, 55, 56, 57, 58, 64, 65, 67, 68, 69, 72, 84, 85, 86, 87, 88, 89, 90, 93, 94, 95, 96, 100, 105, 110, 112, 113, 114, 116, 118, 121, 122, 124, 125, 126, 127, 135, 136, 137, 138, 139, 140, 142, 144, 146, 148, 151, 152, 153, 154, 155, 156, 158, 160, 163, 164, 165, 166, 167, 168, 169, 170, 171, 172, 173, 174, 175, 176, 177, 179, 180, 181, 183, 184, 185, 186, 187, 188, 189, 190, 193, 194, 195, 196, 203, 204, 205, 207, 208, 209, 210, 218, 219, 220, 222, 223, 224, 225, 226, 228, 231, 232, 235, 250, 279, 280, 281, 282, 283, 284, 285, 286, 288, 290, 292, 294, 296, 298, 301, 334, 357, 358, 359, 360, 365, 366, 368, 375, 378, 386, 389, 390, 392, 395, 398, 401, 402, 407, 415, 418, 419, 422, 423, 426, 427, 429, 432, 433, 435, 438, 439, 441, 444, 445, 446, 447, 448, 449, 450, 452, 454, 457, 458, 459, 460, 463, 464, 465, 466, 469], "summary": {"covered_lines": 194, "num_statements": 337, "percent_covered": 57.566765578635014, "percent_covered_display": "58", "missing_lines": 143, "excluded_lines": 0, "percent_statements_covered": 57.566765578635014, "percent_statements_covered_display": "58"}, "missing_lines": [36, 49, 54, 59, 60, 61, 66, 73, 74, 75, 76, 77, 78, 79, 80, 81, 111, 115, 117, 123, 128, 129, 130, 131, 132, 141, 143, 145, 147, 157, 159, 178, 182, 197, 198, 199, 200, 206, 211, 212, 213, 214, 215, 221, 227, 236, 237, 238, 239, 240, 241, 242, 243, 244, 245, 246, 247, 251, 252, 253, 254, 255, 256, 257, 258, 259, 260, 261, 262, 263, 264, 266, 268, 269, 270, 271, 272, 273, 274, 275, 276, 289, 291, 293, 295, 297, 302, 303, 304, 306, 307, 308, 309, 310, 311, 312, 313, 315, 316, 317, 318, 319, 320, 321, 322, 323, 324, 325, 326, 327, 328, 329, 330, 331, 335, 336, 337, 338, 339, 340, 341, 342, 344, 345, 346, 347, 348, 349, 350, 351, 352, 353, 354, 376, 387, 393, 396, 428, 434, 440, 451, 453, 470], "excluded_lines": [], "functions": {"format_analysis": {"executed_lines": [13, 14, 15, 16, 17, 27, 28, 30, 31, 32, 33, 35, 38, 39, 40, 41, 43, 45], "summary": {"covered_lines": 18, "num_statements": 19, "percent_covered": 94.73684210526316, "percent_covered_display": "95", "missing_lines": 1, "excluded_lines": 0, "percent_statements_covered": 94.73684210526316, "percent_statements_covered_display": "95"}, "missing_lines": [36], "excluded_lines": [], "start_line": 8}, "format_once_output": {"executed_lines": [], "summary": {"covered_lines": 0, "num_statements": 1, "percent_covered": 0.0, "percent_covered_display": "0", "missing_lines": 1, "excluded_lines": 0, "percent_statements_covered": 0.0, "percent_statements_covered_display": "0"}, "missing_lines": [49], "excluded_lines": [], "start_line": 48}, "_direction_label": {"executed_lines": [53, 55, 56, 57, 58], "summary": {"covered_lines": 5, "num_statements": 9, "percent_covered": 55.55555555555556, "percent_covered_display": "56", "missing_lines": 4, "excluded_lines": 0, "percent_statements_covered": 55.55555555555556, "percent_statements_covered_display": "56"}, "missing_lines": [54, 59, 60, 61], "excluded_lines": [], "start_line": 52}, "_confidence_label": {"executed_lines": [65, 67, 68, 69], "summary": {"covered_lines": 4, "num_statements": 5, "percent_covered": 80.0, "percent_covered_display": "80", "missing_lines": 1, "excluded_lines": 0, "percent_statements_covered": 80.0, "percent_statements_covered_display": "80"}, "missing_lines": [66], "excluded_lines": [], "start_line": 64}, "_trading_hint": {"executed_lines": [], "summary": {"covered_lines": 0, "num_statements": 9, "percent_covered": 0.0, "percent_covered_display": "0", "missing_lines": 9, "excluded_lines": 0, "percent_statements_covered": 0.0, "percent_statements_covered_display": "0"}, "missing_lines": [73, 74, 75, 76, 77, 78, 79, 80, 81], "excluded_lines": [], "start_line": 72}, "_horizon_label": {"executed_lines": [85, 86, 87, 88, 89, 90], "summary": {"covered_lines": 6, "num_statements": 6, "percent_covered": 100.0, "percent_covered_display": "100", "missing_lines": 0, "excluded_lines": 0, "percent_statements_covered": 100.0, "percent_statements_covered_display": "100"}, "missing_lines": [], "excluded_lines": [], "start_line": 84}, "_lamp_label": {"executed_lines": [94, 95, 96, 100, 105, 110, 112, 113, 114, 116, 118], "summary": {"covered_lines": 11, "num_statements": 14, "percent_covered": 78.57142857142857, "percent_covered_display": "79", "missing_lines": 3, "excluded_lines": 0, "percent_statements_covered": 78.57142857142857, "percent_statements_covered_display": "79"}, "missing_lines": [111, 115, 117], "excluded_lines": [], "start_line": 93}, "_lamp_icon": {"executed_lines": [122, 124, 125, 126, 127], "summary": {"covered_lines": 5, "num_statements": 11, "percent_covered": 45.45454545454545, "percent_covered_display": "45", "missing_lines": 6, "excluded_lines": 0, "percent_statements_covered": 45.45454545454545, "percent_statements_covered_display": "45"}, "missing_lines": [123, 128, 129, 130, 131, 132], "excluded_lines": [], "start_line": 121}, "_focus_line": {"executed_lines": [136, 137, 138, 139, 140, 142, 144, 146, 148], "summary": {"covered_lines": 9, "num_statements": 13, "percent_covered": 69.23076923076923, "percent_covered_display": "69", "missing_lines": 4, "excluded_lines": 0, "percent_statements_covered": 69.23076923076923, "percent_statements_covered_display": "69"}, "missing_lines": [141, 143, 145, 147], "excluded_lines": [], "start_line": 135}, "_action_line": {"executed_lines": [152, 153, 154, 155, 156, 158, 160], "summary": {"covered_lines": 7, "num_statements": 9, "percent_covered": 77.77777777777777, "percent_covered_display": "78", "missing_lines": 2, "excluded_lines": 0, "percent_statements_covered": 77.77777777777777, "percent_statements_covered_display": "78"}, "missing_lines": [157, 159], "excluded_lines": [], "start_line": 151}, "_compact_evidence": {"executed_lines": [164, 165, 166, 167, 168, 169, 170, 171, 172, 173, 174, 175, 176, 177, 179, 180, 181, 183, 184, 185, 186, 187, 188, 189, 190], "summary": {"covered_lines": 25, "num_statements": 27, "percent_covered": 92.5925925925926, "percent_covered_display": "93", "missing_lines": 2, "excluded_lines": 0, "percent_statements_covered": 92.5925925925926, "percent_statements_covered_display": "93"}, "missing_lines": [178, 182], "excluded_lines": [], "start_line": 163}, "_shorten_trap_line": {"executed_lines": [194, 195, 196], "summary": {"covered_lines": 3, "num_statements": 7, "percent_covered": 42.857142857142854, "percent_covered_display": "43", "missing_lines": 4, "excluded_lines": 0, "percent_statements_covered": 42.857142857142854, "percent_statements_covered_display": "43"}, "missing_lines": [197, 198, 199, 200], "excluded_lines": [], "start_line": 193}, "_position_trend_line": {"executed_lines": [204, 205, 207, 208, 209, 210], "summary": {"covered_lines": 6, "num_statements": 12, "percent_covered": 50.0, "percent_covered_display": "50", "missing_lines": 6, "excluded_lines": 0, "percent_statements_covered": 50.0, "percent_statements_covered_display": "50"}, "missing_lines": [206, 211, 212, 213, 214, 215], "excluded_lines": [], "start_line": 203}, "_compact_ai": {"executed_lines": [219, 220, 222, 223, 224, 225, 226, 228], "summary": {"covered_lines": 8, "num_statements": 10, "percent_covered": 80.0, "percent_covered_display": "80", "missing_lines": 2, "excluded_lines": 0, "percent_statements_covered": 80.0, "percent_statements_covered_display": "80"}, "missing_lines": [221, 227], "excluded_lines": [], "start_line": 218}, "_clean_reason": {"executed_lines": [232], "summary": {"covered_lines": 1, "num_statements": 1, "percent_covered": 100.0, "percent_covered_display": "100", "missing_lines": 0, "excluded_lines": 0, "percent_statements_covered": 100.0, "percent_statements_covered_display": "100"}, "missing_lines": [], "excluded_lines": [], "start_line": 231}, "_market_structure_lines": {"executed_lines": [], "summary": {"covered_lines": 0, "num_statements": 12, "percent_covered": 0.0, "percent_covered_display": "0", "missing_lines": 12, "excluded_lines": 0, "percent_statements_covered": 0.0, "percent_statements_covered_display": "0"}, "missing_lines": [236, 237, 238, 239, 240, 241, 242, 243, 244, 245, 246, 247], "excluded_lines": [], "start_line": 235}, "_decision_lines": {"executed_lines": [], "summary": {"covered_lines": 0, "num_statements": 24, "percent_covered": 0.0, "percent_covered_display": "0", "missing_lines": 24, "excluded_lines": 0, "percent_statements_covered": 0.0, "percent_statements_covered_display": "0"}, "missing_lines": [251, 252, 253, 254, 255, 256, 257, 258, 259, 260, 261, 262, 263, 264, 266, 268, 269, 270, 271, 272, 273, 274, 275, 276], "excluded_lines": [], "start_line": 250}, "_style_decision": {"executed_lines": [280, 281, 282, 283, 284, 285, 286, 288, 290, 292, 294, 296, 298], "summary": {"covered_lines": 13, "num_statements": 18, "percent_covered": 72.22222222222223, "percent_covered_display": "72", "missing_lines": 5, "excluded_lines": 0, "percent_statements_covered": 72.22222222222223, "percent_statements_covered_display": "72"}, "missing_lines": [289, 291, 293, 295, 297], "excluded_lines": [], "start_line": 279}, "_signal_bias": {"executed_lines": [], "summary": {"covered_lines": 0, "num_statements": 28, "percent_covered": 0.0, "percent_covered_display": "0", "missing_lines": 28, "excluded_lines": 0, "percent_statements_covered": 0.0, "percent_statements_covered_display": "0"}, "missing_lines": [302, 303, 304, 306, 307, 308, 309, 310, 311, 312, 313, 315, 316, 317, 318, 319, 320, 321, 322, 323, 324, 325, 326, 327, 328, 329, 330, 331], "excluded_lines": [], "start_line": 301}, "_daily_signal_bias": {"executed_lines": [], "summary": {"covered_lines": 0, "num_statements": 19, "percent_covered": 0.0, "percent_covered_display": "0", "missing_lines": 19, "excluded_lines": 0, "percent_statements_covered": 0.0, "percent_statements_covered_display": "0"}, "missing_lines": [335, 336, 337, 338, 339, 340, 341, 342, 344, 345, 346, 347, 348, 349, 350, 351, 352, 353, 354], "excluded_lines": [], "start_line": 334}, "_trap_lines": {"executed_lines": [358, 359, 360, 365, 366, 368, 375, 378, 386, 389, 390, 392, 395, 398], "summary": {"covered_lines": 14, "num_statements": 18, "percent_covered": 77.77777777777777, "percent_covered_display": "78", "missing_lines": 4, "excluded_lines": 0, "percent_statements_covered": 77.77777777777777, "percent_statements_covered_display": "78"}, "missing_lines": [376, 387, 393, 396], "excluded_lines": [], "start_line": 357}, "_is_suspicious_long": {"executed_lines": [402, 407, 415], "summary": {"covered_lines": 3, "num_statements": 3, "percent_covered": 100.0, "percent_covered_display": "100", "missing_lines": 0, "excluded_lines": 0, "percent_statements_covered": 100.0, "percent_statements_covered_display": "100"}, "missing_lines": [], "excluded_lines": [], "start_line": 401}, "_lead_residual_positive": {"executed_lines": [419], "summary": {"covered_lines": 1, "num_statements": 1, "percent_covered": 100.0, "percent_covered_display": "100", "missing_lines": 0, "excluded_lines": 0, "percent_statements_covered": 100.0, "percent_statements_covered_display": "100"}, "missing_lines": [], "excluded_lines": [], "start_line": 418}, "_lead_residual_negative": {"executed_lines": [423], "summary": {"covered_lines": 1, "num_statements": 1, "percent_covered": 100.0, "percent_covered_display": "100", "missing_lines": 0, "excluded_lines": 0, "percent_statements_covered": 100.0, "percent_statements_covered_display": "100"}, "missing_lines": [], "excluded_lines": [], "start_line": 422}, "_net_short_expanding": {"executed_lines": [427, 429], "summary": {"covered_lines": 2, "num_statements": 3, "percent_covered": 66.66666666666667, "percent_covered_display": "67", "missing_lines": 1, "excluded_lines": 0, "percent_statements_covered": 66.66666666666667, "percent_statements_covered_display": "67"}, "missing_lines": [428], "excluded_lines": [], "start_line": 426}, "_net_short_contracting": {"executed_lines": [433, 435], "summary": {"covered_lines": 2, "num_statements": 3, "percent_covered": 66.66666666666667, "percent_covered_display": "67", "missing_lines": 1, "excluded_lines": 0, "percent_statements_covered": 66.66666666666667, "percent_statements_covered_display": "67"}, "missing_lines": [434], "excluded_lines": [], "start_line": 432}, "_citic_net_short_expanding": {"executed_lines": [439, 441], "summary": {"covered_lines": 2, "num_statements": 3, "percent_covered": 66.66666666666667, "percent_covered_display": "67", "missing_lines": 1, "excluded_lines": 0, "percent_statements_covered": 66.66666666666667, "percent_statements_covered_display": "67"}, "missing_lines": [440], "excluded_lines": [], "start_line": 438}, "_has_aligned_confirmation": {"executed_lines": [445, 446, 447, 448, 449, 450, 452, 454], "summary": {"covered_lines": 8, "num_statements": 10, "percent_covered": 80.0, "percent_covered_display": "80", "missing_lines": 2, "excluded_lines": 0, "percent_statements_covered": 80.0, "percent_statements_covered_display": "80"}, "missing_lines": [451, 453], "excluded_lines": [], "start_line": 444}, "_is_weight_support_small_cap_weak": {"executed_lines": [458, 459, 460], "summary": {"covered_lines": 3, "num_statements": 3, "percent_covered": 100.0, "percent_covered_display": "100", "missing_lines": 0, "excluded_lines": 0, "percent_statements_covered": 100.0, "percent_statements_covered_display": "100"}, "missing_lines": [], "excluded_lines": [], "start_line": 457}, "_is_small_cap_hot_weight_weak": {"executed_lines": [464, 465, 466], "summary": {"covered_lines": 3, "num_statements": 3, "percent_covered": 100.0, "percent_covered_display": "100", "missing_lines": 0, "excluded_lines": 0, "percent_statements_covered": 100.0, "percent_statements_covered_display": "100"}, "missing_lines": [], "excluded_lines": [], "start_line": 463}, "_style_label": {"executed_lines": [], "summary": {"covered_lines": 0, "num_statements": 1, "percent_covered": 0.0, "percent_covered_display": "0", "missing_lines": 1, "excluded_lines": 0, "percent_statements_covered": 0.0, "percent_statements_covered_display": "0"}, "missing_lines": [470], "excluded_lines": [], "start_line": 469}, "": {"executed_lines": [1, 3, 5, 8, 48, 52, 64, 72, 84, 93, 121, 135, 151, 163, 193, 203, 218, 231, 235, 250, 279, 301, 334, 357, 401, 418, 422, 426, 432, 438, 444, 457, 463, 469], "summary": {"covered_lines": 34, "num_statements": 34, "percent_covered": 100.0, "percent_covered_display": "100", "missing_lines": 0, "excluded_lines": 0, "percent_statements_covered": 100.0, "percent_statements_covered_display": "100"}, "missing_lines": [], "excluded_lines": [], "start_line": 1}}, "classes": {"": {"executed_lines": [1, 3, 5, 8, 13, 14, 15, 16, 17, 27, 28, 30, 31, 32, 33, 35, 38, 39, 40, 41, 43, 45, 48, 52, 53, 55, 56, 57, 58, 64, 65, 67, 68, 69, 72, 84, 85, 86, 87, 88, 89, 90, 93, 94, 95, 96, 100, 105, 110, 112, 113, 114, 116, 118, 121, 122, 124, 125, 126, 127, 135, 136, 137, 138, 139, 140, 142, 144, 146, 148, 151, 152, 153, 154, 155, 156, 158, 160, 163, 164, 165, 166, 167, 168, 169, 170, 171, 172, 173, 174, 175, 176, 177, 179, 180, 181, 183, 184, 185, 186, 187, 188, 189, 190, 193, 194, 195, 196, 203, 204, 205, 207, 208, 209, 210, 218, 219, 220, 222, 223, 224, 225, 226, 228, 231, 232, 235, 250, 279, 280, 281, 282, 283, 284, 285, 286, 288, 290, 292, 294, 296, 298, 301, 334, 357, 358, 359, 360, 365, 366, 368, 375, 378, 386, 389, 390, 392, 395, 398, 401, 402, 407, 415, 418, 419, 422, 423, 426, 427, 429, 432, 433, 435, 438, 439, 441, 444, 445, 446, 447, 448, 449, 450, 452, 454, 457, 458, 459, 460, 463, 464, 465, 466, 469], "summary": {"covered_lines": 194, "num_statements": 337, "percent_covered": 57.566765578635014, "percent_covered_display": "58", "missing_lines": 143, "excluded_lines": 0, "percent_statements_covered": 57.566765578635014, "percent_statements_covered_display": "58"}, "missing_lines": [36, 49, 54, 59, 60, 61, 66, 73, 74, 75, 76, 77, 78, 79, 80, 81, 111, 115, 117, 123, 128, 129, 130, 131, 132, 141, 143, 145, 147, 157, 159, 178, 182, 197, 198, 199, 200, 206, 211, 212, 213, 214, 215, 221, 227, 236, 237, 238, 239, 240, 241, 242, 243, 244, 245, 246, 247, 251, 252, 253, 254, 255, 256, 257, 258, 259, 260, 261, 262, 263, 264, 266, 268, 269, 270, 271, 272, 273, 274, 275, 276, 289, 291, 293, 295, 297, 302, 303, 304, 306, 307, 308, 309, 310, 311, 312, 313, 315, 316, 317, 318, 319, 320, 321, 322, 323, 324, 325, 326, 327, 328, 329, 330, 331, 335, 336, 337, 338, 339, 340, 341, 342, 344, 345, 346, 347, 348, 349, 350, 351, 352, 353, 354, 376, 387, 393, 396, 428, 434, 440, 451, 453, 470], "excluded_lines": [], "start_line": 1}}}, "src/futures_signal/market_calendar.py": {"executed_lines": [1, 3, 4, 5, 6, 7, 8, 9, 12, 13, 14, 15, 16, 19, 20, 23, 27, 28, 31, 32, 33, 34, 35, 38, 39, 40, 41, 44, 45, 52, 53, 54, 55, 56, 57, 58, 60, 61, 62, 63, 64, 66, 70, 71, 72, 73, 74, 75, 78, 86, 99, 100, 101, 102, 103, 105, 106, 107, 112, 113, 114, 115, 116, 117, 118, 128, 129, 130, 139, 140, 141, 147, 148, 149, 150, 151, 152, 153, 154, 157, 158, 160, 161, 162, 163, 165, 166, 167, 176], "summary": {"covered_lines": 89, "num_statements": 153, "percent_covered": 58.169934640522875, "percent_covered_display": "58", "missing_lines": 64, "excluded_lines": 0, "percent_statements_covered": 58.169934640522875, "percent_statements_covered_display": "58"}, "missing_lines": [24, 67, 68, 76, 79, 80, 81, 82, 83, 84, 87, 88, 89, 90, 91, 92, 93, 94, 95, 96, 97, 108, 109, 110, 119, 120, 121, 122, 123, 124, 125, 126, 131, 133, 134, 135, 136, 137, 142, 143, 144, 145, 159, 164, 168, 169, 170, 171, 172, 173, 177, 178, 179, 180, 181, 182, 183, 184, 185, 186, 187, 188, 189, 190], "excluded_lines": [], "functions": {"is_weekday_market_day": {"executed_lines": [20], "summary": {"covered_lines": 1, "num_statements": 1, "percent_covered": 100.0, "percent_covered_display": "100", "missing_lines": 0, "excluded_lines": 0, "percent_statements_covered": 100.0, "percent_statements_covered_display": "100"}, "missing_lines": [], "excluded_lines": [], "start_line": 19}, "is_intraday_session": {"executed_lines": [], "summary": {"covered_lines": 0, "num_statements": 1, "percent_covered": 0.0, "percent_covered_display": "0", "missing_lines": 1, "excluded_lines": 0, "percent_statements_covered": 0.0, "percent_statements_covered_display": "0"}, "missing_lines": [24], "excluded_lines": [], "start_line": 23}, "is_tail_session": {"executed_lines": [28], "summary": {"covered_lines": 1, "num_statements": 1, "percent_covered": 100.0, "percent_covered_display": "100", "missing_lines": 0, "excluded_lines": 0, "percent_statements_covered": 100.0, "percent_statements_covered_display": "100"}, "missing_lines": [], "excluded_lines": [], "start_line": 27}, "third_friday": {"executed_lines": [32, 33, 34, 35], "summary": {"covered_lines": 4, "num_statements": 4, "percent_covered": 100.0, "percent_covered_display": "100", "missing_lines": 0, "excluded_lines": 0, "percent_statements_covered": 100.0, "percent_statements_covered_display": "100"}, "missing_lines": [], "excluded_lines": [], "start_line": 31}, "is_roll_window": {"executed_lines": [39, 40, 41], "summary": {"covered_lines": 3, "num_statements": 3, "percent_covered": 100.0, "percent_covered_display": "100", "missing_lines": 0, "excluded_lines": 0, "percent_statements_covered": 100.0, "percent_statements_covered_display": "100"}, "missing_lines": [], "excluded_lines": [], "start_line": 38}, "TradingCalendar.__init__": {"executed_lines": [52, 53, 54, 55, 56, 57, 58], "summary": {"covered_lines": 7, "num_statements": 7, "percent_covered": 100.0, "percent_covered_display": "100", "missing_lines": 0, "excluded_lines": 0, "percent_statements_covered": 100.0, "percent_statements_covered_display": "100"}, "missing_lines": [], "excluded_lines": [], "start_line": 45}, "TradingCalendar.is_trading_day": {"executed_lines": [61, 62, 63, 64], "summary": {"covered_lines": 4, "num_statements": 4, "percent_covered": 100.0, "percent_covered_display": "100", "missing_lines": 0, "excluded_lines": 0, "percent_statements_covered": 100.0, "percent_statements_covered_display": "100"}, "missing_lines": [], "excluded_lines": [], "start_line": 60}, "TradingCalendar.is_market_open": {"executed_lines": [], "summary": {"covered_lines": 0, "num_statements": 2, "percent_covered": 0.0, "percent_covered_display": "0", "missing_lines": 2, "excluded_lines": 0, "percent_statements_covered": 0.0, "percent_statements_covered_display": "0"}, "missing_lines": [67, 68], "excluded_lines": [], "start_line": 66}, "TradingCalendar.next_trading_day": {"executed_lines": [71, 72, 73, 74, 75], "summary": {"covered_lines": 5, "num_statements": 6, "percent_covered": 83.33333333333333, "percent_covered_display": "83", "missing_lines": 1, "excluded_lines": 0, "percent_statements_covered": 83.33333333333333, "percent_statements_covered_display": "83"}, "missing_lines": [76], "excluded_lines": [], "start_line": 70}, "TradingCalendar.previous_trading_day": {"executed_lines": [], "summary": {"covered_lines": 0, "num_statements": 6, "percent_covered": 0.0, "percent_covered_display": "0", "missing_lines": 6, "excluded_lines": 0, "percent_statements_covered": 0.0, "percent_statements_covered_display": "0"}, "missing_lines": [79, 80, 81, 82, 83, 84], "excluded_lines": [], "start_line": 78}, "TradingCalendar.seconds_until_next_session": {"executed_lines": [], "summary": {"covered_lines": 0, "num_statements": 11, "percent_covered": 0.0, "percent_covered_display": "0", "missing_lines": 11, "excluded_lines": 0, "percent_statements_covered": 0.0, "percent_statements_covered_display": "0"}, "missing_lines": [87, 88, 89, 90, 91, 92, 93, 94, 95, 96, 97], "excluded_lines": [], "start_line": 86}, "TradingCalendar._trade_dates": {"executed_lines": [100, 101, 102, 103, 105, 106, 107, 112, 113, 114, 115, 116, 117, 118], "summary": {"covered_lines": 14, "num_statements": 25, "percent_covered": 56.0, "percent_covered_display": "56", "missing_lines": 11, "excluded_lines": 0, "percent_statements_covered": 56.0, "percent_statements_covered_display": "56"}, "missing_lines": [108, 109, 110, 119, 120, 121, 122, 123, 124, 125, 126], "excluded_lines": [], "start_line": 99}, "TradingCalendar._fetch_dates": {"executed_lines": [129, 130], "summary": {"covered_lines": 2, "num_statements": 8, "percent_covered": 25.0, "percent_covered_display": "25", "missing_lines": 6, "excluded_lines": 0, "percent_statements_covered": 25.0, "percent_statements_covered_display": "25"}, "missing_lines": [131, 133, 134, 135, 136, 137], "excluded_lines": [], "start_line": 128}, "TradingCalendar._read_cache": {"executed_lines": [140, 141], "summary": {"covered_lines": 2, "num_statements": 6, "percent_covered": 33.333333333333336, "percent_covered_display": "33", "missing_lines": 4, "excluded_lines": 0, "percent_statements_covered": 33.333333333333336, "percent_statements_covered_display": "33"}, "missing_lines": [142, 143, 144, 145], "excluded_lines": [], "start_line": 139}, "TradingCalendar._write_cache": {"executed_lines": [148, 149, 150, 151, 152, 153, 154], "summary": {"covered_lines": 7, "num_statements": 7, "percent_covered": 100.0, "percent_covered_display": "100", "missing_lines": 0, "excluded_lines": 0, "percent_statements_covered": 100.0, "percent_statements_covered_display": "100"}, "missing_lines": [], "excluded_lines": [], "start_line": 147}, "_parse_date": {"executed_lines": [158, 160, 161, 162, 163, 165, 166, 167], "summary": {"covered_lines": 8, "num_statements": 16, "percent_covered": 50.0, "percent_covered_display": "50", "missing_lines": 8, "excluded_lines": 0, "percent_statements_covered": 50.0, "percent_statements_covered_display": "50"}, "missing_lines": [159, 164, 168, 169, 170, 171, 172, 173], "excluded_lines": [], "start_line": 157}, "seconds_until_next_session": {"executed_lines": [], "summary": {"covered_lines": 0, "num_statements": 14, "percent_covered": 0.0, "percent_covered_display": "0", "missing_lines": 14, "excluded_lines": 0, "percent_statements_covered": 0.0, "percent_statements_covered_display": "0"}, "missing_lines": [177, 178, 179, 180, 181, 182, 183, 184, 185, 186, 187, 188, 189, 190], "excluded_lines": [], "start_line": 176}, "": {"executed_lines": [1, 3, 4, 5, 6, 7, 8, 9, 12, 13, 14, 15, 16, 19, 23, 27, 31, 38, 44, 45, 60, 66, 70, 78, 86, 99, 128, 139, 147, 157, 176], "summary": {"covered_lines": 31, "num_statements": 31, "percent_covered": 100.0, "percent_covered_display": "100", "missing_lines": 0, "excluded_lines": 0, "percent_statements_covered": 100.0, "percent_statements_covered_display": "100"}, "missing_lines": [], "excluded_lines": [], "start_line": 1}}, "classes": {"TradingCalendar": {"executed_lines": [52, 53, 54, 55, 56, 57, 58, 61, 62, 63, 64, 71, 72, 73, 74, 75, 100, 101, 102, 103, 105, 106, 107, 112, 113, 114, 115, 116, 117, 118, 129, 130, 140, 141, 148, 149, 150, 151, 152, 153, 154], "summary": {"covered_lines": 41, "num_statements": 82, "percent_covered": 50.0, "percent_covered_display": "50", "missing_lines": 41, "excluded_lines": 0, "percent_statements_covered": 50.0, "percent_statements_covered_display": "50"}, "missing_lines": [67, 68, 76, 79, 80, 81, 82, 83, 84, 87, 88, 89, 90, 91, 92, 93, 94, 95, 96, 97, 108, 109, 110, 119, 120, 121, 122, 123, 124, 125, 126, 131, 133, 134, 135, 136, 137, 142, 143, 144, 145], "excluded_lines": [], "start_line": 44}, "": {"executed_lines": [1, 3, 4, 5, 6, 7, 8, 9, 12, 13, 14, 15, 16, 19, 20, 23, 27, 28, 31, 32, 33, 34, 35, 38, 39, 40, 41, 44, 45, 60, 66, 70, 78, 86, 99, 128, 139, 147, 157, 158, 160, 161, 162, 163, 165, 166, 167, 176], "summary": {"covered_lines": 48, "num_statements": 71, "percent_covered": 67.6056338028169, "percent_covered_display": "68", "missing_lines": 23, "excluded_lines": 0, "percent_statements_covered": 67.6056338028169, "percent_statements_covered_display": "68"}, "missing_lines": [24, 159, 164, 168, 169, 170, 171, 172, 173, 177, 178, 179, 180, 181, 182, 183, 184, 185, 186, 187, 188, 189, 190], "excluded_lines": [], "start_line": 1}}}, "src/futures_signal/metrics.py": {"executed_lines": [1, 3, 4, 5, 6, 9, 10, 12, 14, 18, 19, 24, 25, 28, 30, 33, 34, 36, 39, 40, 41, 42, 43, 47, 48, 49, 50, 51, 52, 53, 57, 58, 59, 60, 61, 62, 65, 66, 67, 68, 69, 70, 71, 72, 74, 77, 78, 81, 82, 85, 86, 87, 88, 89, 90, 91, 92, 93, 94, 95, 99, 100, 101, 102, 103, 104, 105, 106, 107, 108, 111, 112, 113, 115, 116, 119], "summary": {"covered_lines": 76, "num_statements": 98, "percent_covered": 77.55102040816327, "percent_covered_display": "78", "missing_lines": 22, "excluded_lines": 0, "percent_statements_covered": 77.55102040816327, "percent_statements_covered_display": "78"}, "missing_lines": [11, 13, 15, 16, 17, 20, 21, 35, 44, 54, 73, 96, 114, 120, 121, 122, 123, 124, 125, 126, 127, 128], "excluded_lines": [], "functions": {"to_float": {"executed_lines": [10, 12, 14, 18, 19], "summary": {"covered_lines": 5, "num_statements": 12, "percent_covered": 41.666666666666664, "percent_covered_display": "42", "missing_lines": 7, "excluded_lines": 0, "percent_statements_covered": 41.666666666666664, "percent_statements_covered_display": "42"}, "missing_lines": [11, 13, 15, 16, 17, 20, 21], "excluded_lines": [], "start_line": 9}, "to_int": {"executed_lines": [25], "summary": {"covered_lines": 1, "num_statements": 1, "percent_covered": 100.0, "percent_covered_display": "100", "missing_lines": 0, "excluded_lines": 0, "percent_statements_covered": 100.0, "percent_statements_covered_display": "100"}, "missing_lines": [], "excluded_lines": [], "start_line": 24}, "basis": {"executed_lines": [30], "summary": {"covered_lines": 1, "num_statements": 1, "percent_covered": 100.0, "percent_covered_display": "100", "missing_lines": 0, "excluded_lines": 0, "percent_statements_covered": 100.0, "percent_statements_covered_display": "100"}, "missing_lines": [], "excluded_lines": [], "start_line": 28}, "basis_bp": {"executed_lines": [34, 36], "summary": {"covered_lines": 2, "num_statements": 3, "percent_covered": 66.66666666666667, "percent_covered_display": "67", "missing_lines": 1, "excluded_lines": 0, "percent_statements_covered": 66.66666666666667, "percent_statements_covered_display": "67"}, "missing_lines": [35], "excluded_lines": [], "start_line": 33}, "basis_state": {"executed_lines": [40, 41, 42, 43], "summary": {"covered_lines": 4, "num_statements": 5, "percent_covered": 80.0, "percent_covered_display": "80", "missing_lines": 1, "excluded_lines": 0, "percent_statements_covered": 80.0, "percent_statements_covered_display": "80"}, "missing_lines": [44], "excluded_lines": [], "start_line": 39}, "basis_change_label": {"executed_lines": [48, 49, 50, 51, 52, 53], "summary": {"covered_lines": 6, "num_statements": 7, "percent_covered": 85.71428571428571, "percent_covered_display": "86", "missing_lines": 1, "excluded_lines": 0, "percent_statements_covered": 85.71428571428571, "percent_statements_covered_display": "86"}, "missing_lines": [54], "excluded_lines": [], "start_line": 47}, "percentile_rank": {"executed_lines": [58, 59, 60, 61, 62], "summary": {"covered_lines": 5, "num_statements": 5, "percent_covered": 100.0, "percent_covered_display": "100", "missing_lines": 0, "excluded_lines": 0, "percent_statements_covered": 100.0, "percent_statements_covered_display": "100"}, "missing_lines": [], "excluded_lines": [], "start_line": 57}, "zscore": {"executed_lines": [66, 67, 68, 69, 70, 71, 72, 74], "summary": {"covered_lines": 8, "num_statements": 9, "percent_covered": 88.88888888888889, "percent_covered_display": "89", "missing_lines": 1, "excluded_lines": 0, "percent_statements_covered": 88.88888888888889, "percent_statements_covered_display": "89"}, "missing_lines": [73], "excluded_lines": [], "start_line": 65}, "is_dividend_season": {"executed_lines": [78], "summary": {"covered_lines": 1, "num_statements": 1, "percent_covered": 100.0, "percent_covered_display": "100", "missing_lines": 0, "excluded_lines": 0, "percent_statements_covered": 100.0, "percent_statements_covered_display": "100"}, "missing_lines": [], "excluded_lines": [], "start_line": 77}, "clamp": {"executed_lines": [82], "summary": {"covered_lines": 1, "num_statements": 1, "percent_covered": 100.0, "percent_covered_display": "100", "missing_lines": 0, "excluded_lines": 0, "percent_statements_covered": 100.0, "percent_statements_covered_display": "100"}, "missing_lines": [], "excluded_lines": [], "start_line": 81}, "classify_price_oi": {"executed_lines": [86, 87, 88, 89, 90, 91, 92, 93, 94, 95], "summary": {"covered_lines": 10, "num_statements": 11, "percent_covered": 90.9090909090909, "percent_covered_display": "91", "missing_lines": 1, "excluded_lines": 0, "percent_statements_covered": 90.9090909090909, "percent_statements_covered_display": "91"}, "missing_lines": [96], "excluded_lines": [], "start_line": 85}, "score_band": {"executed_lines": [100, 101, 102, 103, 104, 105, 106, 107, 108], "summary": {"covered_lines": 9, "num_statements": 9, "percent_covered": 100.0, "percent_covered_display": "100", "missing_lines": 0, "excluded_lines": 0, "percent_statements_covered": 100.0, "percent_statements_covered_display": "100"}, "missing_lines": [], "excluded_lines": [], "start_line": 99}, "normalize_index_code": {"executed_lines": [112, 113, 115, 116], "summary": {"covered_lines": 4, "num_statements": 5, "percent_covered": 80.0, "percent_covered_display": "80", "missing_lines": 1, "excluded_lines": 0, "percent_statements_covered": 80.0, "percent_statements_covered_display": "80"}, "missing_lines": [114], "excluded_lines": [], "start_line": 111}, "contract_sort_key": {"executed_lines": [], "summary": {"covered_lines": 0, "num_statements": 9, "percent_covered": 0.0, "percent_covered_display": "0", "missing_lines": 9, "excluded_lines": 0, "percent_statements_covered": 0.0, "percent_statements_covered_display": "0"}, "missing_lines": [120, 121, 122, 123, 124, 125, 126, 127, 128], "excluded_lines": [], "start_line": 119}, "": {"executed_lines": [1, 3, 4, 5, 6, 9, 24, 28, 33, 39, 47, 57, 65, 77, 81, 85, 99, 111, 119], "summary": {"covered_lines": 19, "num_statements": 19, "percent_covered": 100.0, "percent_covered_display": "100", "missing_lines": 0, "excluded_lines": 0, "percent_statements_covered": 100.0, "percent_statements_covered_display": "100"}, "missing_lines": [], "excluded_lines": [], "start_line": 1}}, "classes": {"": {"executed_lines": [1, 3, 4, 5, 6, 9, 10, 12, 14, 18, 19, 24, 25, 28, 30, 33, 34, 36, 39, 40, 41, 42, 43, 47, 48, 49, 50, 51, 52, 53, 57, 58, 59, 60, 61, 62, 65, 66, 67, 68, 69, 70, 71, 72, 74, 77, 78, 81, 82, 85, 86, 87, 88, 89, 90, 91, 92, 93, 94, 95, 99, 100, 101, 102, 103, 104, 105, 106, 107, 108, 111, 112, 113, 115, 116, 119], "summary": {"covered_lines": 76, "num_statements": 98, "percent_covered": 77.55102040816327, "percent_covered_display": "78", "missing_lines": 22, "excluded_lines": 0, "percent_statements_covered": 77.55102040816327, "percent_statements_covered_display": "78"}, "missing_lines": [11, 13, 15, 16, 17, 20, 21, 35, 44, 54, 73, 96, 114, 120, 121, 122, 123, 124, 125, 126, 127, 128], "excluded_lines": [], "start_line": 1}}}, "src/futures_signal/models.py": {"executed_lines": [1, 3, 4, 5, 8, 9, 10, 11, 12, 13, 14, 17, 24, 25, 28, 29, 30, 31, 32, 33, 34, 35, 36, 37, 38, 41, 42, 43, 44, 45, 46, 47, 48, 49, 50, 51, 54, 55, 56, 57, 58, 59, 60, 61, 62, 63, 66, 67, 68, 69, 70, 71, 72, 73, 74, 77, 78, 79, 80, 81, 82, 85, 86, 87, 88, 89, 90, 91, 92, 93, 94, 95, 96, 99, 100, 101, 102, 103, 104, 105, 106, 107, 108, 111, 112, 113, 114, 115, 118, 119, 120, 121, 122, 123, 124, 125, 126, 127, 128, 129, 130, 131, 132, 133, 134, 135, 136, 137, 138, 139, 140, 141, 142, 143, 144, 145, 146, 147, 148, 149, 150, 151, 152, 153, 154, 155, 156, 157, 158, 159, 162, 163, 164, 165, 166, 167, 168, 169, 170, 171, 172, 173, 174, 175, 176, 177, 178], "summary": {"covered_lines": 147, "num_statements": 147, "percent_covered": 100.0, "percent_covered_display": "100", "missing_lines": 0, "excluded_lines": 0, "percent_statements_covered": 100.0, "percent_statements_covered_display": "100"}, "missing_lines": [], "excluded_lines": [], "functions": {"": {"executed_lines": [1, 3, 4, 5, 8, 9, 10, 11, 12, 13, 14, 17, 24, 25, 28, 29, 30, 31, 32, 33, 34, 35, 36, 37, 38, 41, 42, 43, 44, 45, 46, 47, 48, 49, 50, 51, 54, 55, 56, 57, 58, 59, 60, 61, 62, 63, 66, 67, 68, 69, 70, 71, 72, 73, 74, 77, 78, 79, 80, 81, 82, 85, 86, 87, 88, 89, 90, 91, 92, 93, 94, 95, 96, 99, 100, 101, 102, 103, 104, 105, 106, 107, 108, 111, 112, 113, 114, 115, 118, 119, 120, 121, 122, 123, 124, 125, 126, 127, 128, 129, 130, 131, 132, 133, 134, 135, 136, 137, 138, 139, 140, 141, 142, 143, 144, 145, 146, 147, 148, 149, 150, 151, 152, 153, 154, 155, 156, 157, 158, 159, 162, 163, 164, 165, 166, 167, 168, 169, 170, 171, 172, 173, 174, 175, 176, 177, 178], "summary": {"covered_lines": 147, "num_statements": 147, "percent_covered": 100.0, "percent_covered_display": "100", "missing_lines": 0, "excluded_lines": 0, "percent_statements_covered": 100.0, "percent_statements_covered_display": "100"}, "missing_lines": [], "excluded_lines": [], "start_line": 1}}, "classes": {"ProductConfig": {"executed_lines": [], "summary": {"covered_lines": 0, "num_statements": 0, "percent_covered": 100.0, "percent_covered_display": "100", "missing_lines": 0, "excluded_lines": 0, "percent_statements_covered": 100.0, "percent_statements_covered_display": "100"}, "missing_lines": [], "excluded_lines": [], "start_line": 9}, "FutureQuote": {"executed_lines": [], "summary": {"covered_lines": 0, "num_statements": 0, "percent_covered": 100.0, "percent_covered_display": "100", "missing_lines": 0, "excluded_lines": 0, "percent_statements_covered": 100.0, "percent_statements_covered_display": "100"}, "missing_lines": [], "excluded_lines": [], "start_line": 29}, "SpotQuote": {"executed_lines": [], "summary": {"covered_lines": 0, "num_statements": 0, "percent_covered": 100.0, "percent_covered_display": "100", "missing_lines": 0, "excluded_lines": 0, "percent_statements_covered": 100.0, "percent_statements_covered_display": "100"}, "missing_lines": [], "excluded_lines": [], "start_line": 42}, "TermQuote": {"executed_lines": [], "summary": {"covered_lines": 0, "num_statements": 0, "percent_covered": 100.0, "percent_covered_display": "100", "missing_lines": 0, "excluded_lines": 0, "percent_statements_covered": 100.0, "percent_statements_covered_display": "100"}, "missing_lines": [], "excluded_lines": [], "start_line": 55}, "PositionRankSignal": {"executed_lines": [], "summary": {"covered_lines": 0, "num_statements": 0, "percent_covered": 100.0, "percent_covered_display": "100", "missing_lines": 0, "excluded_lines": 0, "percent_statements_covered": 100.0, "percent_statements_covered_display": "100"}, "missing_lines": [], "excluded_lines": [], "start_line": 67}, "PositionTrendSignal": {"executed_lines": [], "summary": {"covered_lines": 0, "num_statements": 0, "percent_covered": 100.0, "percent_covered_display": "100", "missing_lines": 0, "excluded_lines": 0, "percent_statements_covered": 100.0, "percent_statements_covered_display": "100"}, "missing_lines": [], "excluded_lines": [], "start_line": 78}, "MarketSnapshot": {"executed_lines": [], "summary": {"covered_lines": 0, "num_statements": 0, "percent_covered": 100.0, "percent_covered_display": "100", "missing_lines": 0, "excluded_lines": 0, "percent_statements_covered": 100.0, "percent_statements_covered_display": "100"}, "missing_lines": [], "excluded_lines": [], "start_line": 86}, "HistoricalProductSnapshot": {"executed_lines": [], "summary": {"covered_lines": 0, "num_statements": 0, "percent_covered": 100.0, "percent_covered_display": "100", "missing_lines": 0, "excluded_lines": 0, "percent_statements_covered": 100.0, "percent_statements_covered_display": "100"}, "missing_lines": [], "excluded_lines": [], "start_line": 100}, "BasisHistoryStats": {"executed_lines": [], "summary": {"covered_lines": 0, "num_statements": 0, "percent_covered": 100.0, "percent_covered_display": "100", "missing_lines": 0, "excluded_lines": 0, "percent_statements_covered": 100.0, "percent_statements_covered_display": "100"}, "missing_lines": [], "excluded_lines": [], "start_line": 112}, "ProductSignal": {"executed_lines": [], "summary": {"covered_lines": 0, "num_statements": 0, "percent_covered": 100.0, "percent_covered_display": "100", "missing_lines": 0, "excluded_lines": 0, "percent_statements_covered": 100.0, "percent_statements_covered_display": "100"}, "missing_lines": [], "excluded_lines": [], "start_line": 119}, "MarketAnalysis": {"executed_lines": [], "summary": {"covered_lines": 0, "num_statements": 0, "percent_covered": 100.0, "percent_covered_display": "100", "missing_lines": 0, "excluded_lines": 0, "percent_statements_covered": 100.0, "percent_statements_covered_display": "100"}, "missing_lines": [], "excluded_lines": [], "start_line": 163}, "": {"executed_lines": [1, 3, 4, 5, 8, 9, 10, 11, 12, 13, 14, 17, 24, 25, 28, 29, 30, 31, 32, 33, 34, 35, 36, 37, 38, 41, 42, 43, 44, 45, 46, 47, 48, 49, 50, 51, 54, 55, 56, 57, 58, 59, 60, 61, 62, 63, 66, 67, 68, 69, 70, 71, 72, 73, 74, 77, 78, 79, 80, 81, 82, 85, 86, 87, 88, 89, 90, 91, 92, 93, 94, 95, 96, 99, 100, 101, 102, 103, 104, 105, 106, 107, 108, 111, 112, 113, 114, 115, 118, 119, 120, 121, 122, 123, 124, 125, 126, 127, 128, 129, 130, 131, 132, 133, 134, 135, 136, 137, 138, 139, 140, 141, 142, 143, 144, 145, 146, 147, 148, 149, 150, 151, 152, 153, 154, 155, 156, 157, 158, 159, 162, 163, 164, 165, 166, 167, 168, 169, 170, 171, 172, 173, 174, 175, 176, 177, 178], "summary": {"covered_lines": 147, "num_statements": 147, "percent_covered": 100.0, "percent_covered_display": "100", "missing_lines": 0, "excluded_lines": 0, "percent_statements_covered": 100.0, "percent_statements_covered_display": "100"}, "missing_lines": [], "excluded_lines": [], "start_line": 1}}}, "src/futures_signal/scoring.py": {"executed_lines": [1, 3, 5, 6, 18, 28, 31, 42, 43, 44, 45, 46, 47, 48, 49, 51, 52, 53, 54, 55, 56, 57, 58, 59, 60, 61, 62, 63, 64, 65, 70, 71, 72, 73, 74, 75, 76, 81, 82, 83, 84, 85, 86, 87, 88, 131, 148, 149, 150, 151, 160, 162, 181, 182, 183, 184, 192, 201, 202, 203, 205, 208, 209, 210, 211, 212, 213, 214, 215, 216, 218, 219, 224, 227, 228, 229, 230, 233, 238, 239, 240, 241, 242, 243, 244, 246, 247, 248, 250, 251, 256, 259, 260, 261, 262, 263, 264, 265, 266, 267, 268, 269, 271, 272, 279, 282, 283, 284, 285, 286, 287, 288, 289, 290, 291, 293, 294, 295, 296, 298, 299, 300, 301, 308, 311, 312, 313, 314, 315, 316, 317, 318, 319, 321, 322, 323, 324, 327, 330, 331, 332, 333, 336, 337, 338, 339, 340, 341, 342, 344, 345, 350, 353, 354, 356, 357, 358, 359, 360, 362, 363, 369, 370, 371, 373, 374, 375, 376, 377, 379, 380, 386, 387, 388, 389, 390, 391, 392, 393, 394, 395, 410, 413, 414, 415, 416, 417, 418, 419, 420, 421, 430, 433, 434, 435, 436, 437, 438, 450, 453, 454, 455, 456, 457, 459, 460, 461, 462, 463, 464, 465, 466, 468, 469, 470, 471, 474, 477, 486, 487, 489, 490, 491, 493, 494, 499, 500, 504, 505, 507, 508, 510, 511, 515, 516, 517, 518, 520, 521, 522, 523, 525, 526, 527, 529, 530, 531, 532, 533, 534, 535, 536, 538, 542, 543, 544, 546, 547, 548, 551, 552, 553, 554, 555, 557, 560, 563, 564, 565, 567, 583, 586, 587, 588, 590, 603, 606, 607, 608, 609, 611, 614, 622, 627, 628, 631, 632, 633, 634, 637, 638, 639, 640, 643, 644, 653, 654, 663, 664, 665, 666, 667, 675, 678, 679, 680, 681, 684, 685, 686, 687, 690, 691, 693], "summary": {"covered_lines": 314, "num_statements": 409, "percent_covered": 76.77261613691931, "percent_covered_display": "77", "missing_lines": 95, "excluded_lines": 0, "percent_statements_covered": 76.77261613691931, "percent_statements_covered_display": "77"}, "missing_lines": [50, 204, 217, 220, 221, 223, 245, 249, 252, 253, 255, 270, 273, 274, 275, 276, 278, 297, 302, 303, 304, 305, 307, 320, 326, 343, 346, 347, 349, 355, 361, 364, 365, 366, 372, 378, 381, 382, 383, 396, 397, 398, 399, 400, 401, 402, 403, 404, 405, 406, 407, 409, 422, 423, 424, 425, 426, 427, 429, 439, 440, 441, 442, 443, 444, 445, 446, 447, 449, 458, 467, 473, 501, 502, 512, 513, 539, 540, 549, 558, 566, 589, 610, 615, 616, 617, 618, 619, 668, 669, 670, 671, 673, 674, 692], "excluded_lines": [], "functions": {"analyze_market": {"executed_lines": [42, 43, 44, 45, 46, 47, 48, 49, 51, 52, 53, 54, 55, 56, 57, 58, 59, 60, 61, 62, 63, 64, 65, 70, 71, 72, 73, 74, 75, 76, 81, 82, 83, 84, 85, 86, 87, 88, 131, 148, 149, 150, 151, 160, 162], "summary": {"covered_lines": 45, "num_statements": 46, "percent_covered": 97.82608695652173, "percent_covered_display": "98", "missing_lines": 1, "excluded_lines": 0, "percent_statements_covered": 97.82608695652173, "percent_statements_covered_display": "98"}, "missing_lines": [50], "excluded_lines": [], "start_line": 31}, "score_weights": {"executed_lines": [182, 183, 184, 192], "summary": {"covered_lines": 4, "num_statements": 4, "percent_covered": 100.0, "percent_covered_display": "100", "missing_lines": 0, "excluded_lines": 0, "percent_statements_covered": 100.0
[...]
ed": 88.04347826086956, "percent_statements_covered_display": "88"}, "missing_lines": [158, 296, 346, 377, 381, 384, 387, 390, 413, 438, 439, 453, 454, 455, 478, 488, 489, 490, 491, 497, 498, 499], "excluded_lines": [], "functions": {"Storage.__init__": {"executed_lines": [20, 21], "summary": {"covered_lines": 2, "num_statements": 2, "percent_covered": 100.0, "percent_covered_display": "100", "missing_lines": 0, "excluded_lines": 0, "percent_statements_covered": 100.0, "percent_statements_covered_display": "100"}, "missing_lines": [], "excluded_lines": [], "start_line": 19}, "Storage.init": {"executed_lines": [24, 25, 26, 101, 102, 103], "summary": {"covered_lines": 6, "num_statements": 6, "percent_covered": 100.0, "percent_covered_display": "100", "missing_lines": 0, "excluded_lines": 0, "percent_statements_covered": 100.0, "percent_statements_covered_display": "100"}, "missing_lines": [], "excluded_lines": [], "start_line": 23}, "Storage._ensure_snapshot_columns": {"executed_lines": [111, 112, 119, 120, 121], "summary": {"covered_lines": 5, "num_statements": 5, "percent_covered": 100.0, "percent_covered_display": "100", "missing_lines": 0, "excluded_lines": 0, "percent_statements_covered": 100.0, "percent_statements_covered_display": "100"}, "missing_lines": [], "excluded_lines": [], "start_line": 110}, "Storage._ensure_prediction_label_columns": {"executed_lines": [124, 125, 129, 130, 131], "summary": {"covered_lines": 5, "num_statements": 5, "percent_covered": 100.0, "percent_covered_display": "100", "missing_lines": 0, "excluded_lines": 0, "percent_statements_covered": 100.0, "percent_statements_covered_display": "100"}, "missing_lines": [], "excluded_lines": [], "start_line": 123}, "Storage.get_reference_snapshot": {"executed_lines": [140, 141, 142, 143, 156, 157], "summary": {"covered_lines": 6, "num_statements": 7, "percent_covered": 85.71428571428571, "percent_covered_display": "86", "missing_lines": 1, "excluded_lines": 0, "percent_statements_covered": 85.71428571428571, "percent_statements_covered_display": "86"}, "missing_lines": [158], "excluded_lines": [], "start_line": 133}, "Storage.get_daily_reference_snapshot": {"executed_lines": [170, 171, 172, 173, 180, 181, 189, 190, 191], "summary": {"covered_lines": 9, "num_statements": 9, "percent_covered": 100.0, "percent_covered_display": "100", "missing_lines": 0, "excluded_lines": 0, "percent_statements_covered": 100.0, "percent_statements_covered_display": "100"}, "missing_lines": [], "excluded_lines": [], "start_line": 169}, "Storage._reference_row": {"executed_lines": [210], "summary": {"covered_lines": 1, "num_statements": 1, "percent_covered": 100.0, "percent_covered_display": "100", "missing_lines": 0, "excluded_lines": 0, "percent_statements_covered": 100.0, "percent_statements_covered_display": "100"}, "missing_lines": [], "excluded_lines": [], "start_line": 202}, "Storage.latest_contracts": {"executed_lines": [224, 225, 236], "summary": {"covered_lines": 3, "num_statements": 3, "percent_covered": 100.0, "percent_covered_display": "100", "missing_lines": 0, "excluded_lines": 0, "percent_statements_covered": 100.0, "percent_statements_covered_display": "100"}, "missing_lines": [], "excluded_lines": [], "start_line": 223}, "Storage.latest_score": {"executed_lines": [239, 240, 241, 242, 243], "summary": {"covered_lines": 5, "num_statements": 5, "percent_covered": 100.0, "percent_covered_display": "100", "missing_lines": 0, "excluded_lines": 0, "percent_statements_covered": 100.0, "percent_statements_covered_display": "100"}, "missing_lines": [], "excluded_lines": [], "start_line": 238}, "Storage.get_basis_history": {"executed_lines": [246, 247, 248, 261], "summary": {"covered_lines": 4, "num_statements": 4, "percent_covered": 100.0, "percent_covered_display": "100", "missing_lines": 0, "excluded_lines": 0, "percent_statements_covered": 100.0, "percent_statements_covered_display": "100"}, "missing_lines": [], "excluded_lines": [], "start_line": 245}, "Storage.save_analysis": {"executed_lines": [264, 265, 266, 267, 295, 308, 312, 313], "summary": {"covered_lines": 8, "num_statements": 9, "percent_covered": 88.88888888888889, "percent_covered_display": "89", "missing_lines": 1, "excluded_lines": 0, "percent_statements_covered": 88.88888888888889, "percent_statements_covered_display": "89"}, "missing_lines": [296], "excluded_lines": [], "start_line": 263}, "Storage.label_due_predictions": {"executed_lines": [325, 326, 327, 338, 339, 340, 341, 342, 343, 344, 345, 347, 348, 365, 366], "summary": {"covered_lines": 15, "num_statements": 16, "percent_covered": 93.75, "percent_covered_display": "94", "missing_lines": 1, "excluded_lines": 0, "percent_statements_covered": 93.75, "percent_statements_covered_display": "94"}, "missing_lines": [346], "excluded_lines": [], "start_line": 324}, "Storage._future_return_bp": {"executed_lines": [375, 376, 378, 379, 380, 382, 383, 385, 386, 388, 389, 391], "summary": {"covered_lines": 12, "num_statements": 17, "percent_covered": 70.58823529411765, "percent_covered_display": "71", "missing_lines": 5, "excluded_lines": 0, "percent_statements_covered": 70.58823529411765, "percent_statements_covered_display": "71"}, "missing_lines": [377, 381, 384, 387, 390], "excluded_lines": [], "start_line": 368}, "Storage._nearest_spot_price": {"executed_lines": [400, 401, 402, 412, 414, 415], "summary": {"covered_lines": 6, "num_statements": 7, "percent_covered": 85.71428571428571, "percent_covered_display": "86", "missing_lines": 1, "excluded_lines": 0, "percent_statements_covered": 85.71428571428571, "percent_statements_covered_display": "86"}, "missing_lines": [413], "excluded_lines": [], "start_line": 393}, "Storage.has_recent_alert": {"executed_lines": [418, 419, 420, 424], "summary": {"covered_lines": 4, "num_statements": 4, "percent_covered": 100.0, "percent_covered_display": "100", "missing_lines": 0, "excluded_lines": 0, "percent_statements_covered": 100.0, "percent_statements_covered_display": "100"}, "missing_lines": [], "excluded_lines": [], "start_line": 417}, "Storage.save_alert": {"executed_lines": [427, 428], "summary": {"covered_lines": 2, "num_statements": 2, "percent_covered": 100.0, "percent_covered_display": "100", "missing_lines": 0, "excluded_lines": 0, "percent_statements_covered": 100.0, "percent_statements_covered_display": "100"}, "missing_lines": [], "excluded_lines": [], "start_line": 426}, "Storage._connect": {"executed_lines": [434, 435, 436, 437, 440], "summary": {"covered_lines": 5, "num_statements": 7, "percent_covered": 71.42857142857143, "percent_covered_display": "71", "missing_lines": 2, "excluded_lines": 0, "percent_statements_covered": 71.42857142857143, "percent_statements_covered_display": "71"}, "missing_lines": [438, 439], "excluded_lines": [], "start_line": 433}, "_dt": {"executed_lines": [444], "summary": {"covered_lines": 1, "num_statements": 1, "percent_covered": 100.0, "percent_covered_display": "100", "missing_lines": 0, "excluded_lines": 0, "percent_statements_covered": 100.0, "percent_statements_covered_display": "100"}, "missing_lines": [], "excluded_lines": [], "start_line": 443}, "_prediction_horizons": {"executed_lines": [448, 449, 450, 451, 452], "summary": {"covered_lines": 5, "num_statements": 8, "percent_covered": 62.5, "percent_covered_display": "62", "missing_lines": 3, "excluded_lines": 0, "percent_statements_covered": 62.5, "percent_statements_covered_display": "62"}, "missing_lines": [453, 454, 455], "excluded_lines": [], "start_line": 447}, "_target_time": {"executed_lines": [463, 468, 469, 470, 472, 477, 479, 480, 481], "summary": {"covered_lines": 9, "num_statements": 10, "percent_covered": 90.0, "percent_covered_display": "90", "missing_lines": 1, "excluded_lines": 0, "percent_statements_covered": 90.0, "percent_statements_covered_display": "90"}, "missing_lines": [478], "excluded_lines": [], "start_line": 458}, "_next_trading_day": {"executed_lines": [485, 486, 487], "summary": {"covered_lines": 3, "num_statements": 7, "percent_covered": 42.857142857142854, "percent_covered_display": "43", "missing_lines": 4, "excluded_lines": 0, "percent_statements_covered": 42.857142857142854, "percent_statements_covered_display": "43"}, "missing_lines": [488, 489, 490, 491], "excluded_lines": [], "start_line": 484}, "_direction_hit": {"executed_lines": [495, 496], "summary": {"covered_lines": 2, "num_statements": 5, "percent_covered": 40.0, "percent_covered_display": "40", "missing_lines": 3, "excluded_lines": 0, "percent_statements_covered": 40.0, "percent_statements_covered_display": "40"}, "missing_lines": [497, 498, 499], "excluded_lines": [], "start_line": 494}, "_signal_payload": {"executed_lines": [503], "summary": {"covered_lines": 1, "num_statements": 1, "percent_covered": 100.0, "percent_covered_display": "100", "missing_lines": 0, "excluded_lines": 0, "percent_statements_covered": 100.0, "percent_statements_covered_display": "100"}, "missing_lines": [], "excluded_lines": [], "start_line": 502}, "_analysis_payload": {"executed_lines": [547], "summary": {"covered_lines": 1, "num_statements": 1, "percent_covered": 100.0, "percent_covered_display": "100", "missing_lines": 0, "excluded_lines": 0, "percent_statements_covered": 100.0, "percent_statements_covered_display": "100"}, "missing_lines": [], "excluded_lines": [], "start_line": 546}, "_alert_record": {"executed_lines": [574, 575, 576, 577], "summary": {"covered_lines": 4, "num_statements": 4, "percent_covered": 100.0, "percent_covered_display": "100", "missing_lines": 0, "excluded_lines": 0, "percent_statements_covered": 100.0, "percent_statements_covered_display": "100"}, "missing_lines": [], "excluded_lines": [], "start_line": 573}, "": {"executed_lines": [1, 3, 4, 5, 6, 7, 8, 10, 11, 13, 14, 15, 18, 19, 23, 110, 123, 133, 169, 202, 223, 238, 245, 263, 324, 368, 393, 417, 426, 433, 443, 447, 458, 484, 494, 502, 546, 573], "summary": {"covered_lines": 38, "num_statements": 38, "percent_covered": 100.0, "percent_covered_display": "100", "missing_lines": 0, "excluded_lines": 0, "percent_statements_covered": 100.0, "percent_statements_covered_display": "100"}, "missing_lines": [], "excluded_lines": [], "start_line": 1}}, "classes": {"Storage": {"executed_lines": [20, 21, 24, 25, 26, 101, 102, 103, 111, 112, 119, 120, 121, 124, 125, 129, 130, 131, 140, 141, 142, 143, 156, 157, 170, 171, 172, 173, 180, 181, 189, 190, 191, 210, 224, 225, 236, 239, 240, 241, 242, 243, 246, 247, 248, 261, 264, 265, 266, 267, 295, 308, 312, 313, 325, 326, 327, 338, 339, 340, 341, 342, 343, 344, 345, 347, 348, 365, 366, 375, 376, 378, 379, 380, 382, 383, 385, 386, 388, 389, 391, 400, 401, 402, 412, 414, 415, 418, 419, 420, 424, 427, 428, 434, 435, 436, 437, 440], "summary": {"covered_lines": 98, "num_statements": 109, "percent_covered": 89.90825688073394, "percent_covered_display": "90", "missing_lines": 11, "excluded_lines": 0, "percent_statements_covered": 89.90825688073394, "percent_statements_covered_display": "90"}, "missing_lines": [158, 296, 346, 377, 381, 384, 387, 390, 413, 438, 439], "excluded_lines": [], "start_line": 18}, "": {"executed_lines": [1, 3, 4, 5, 6, 7, 8, 10, 11, 13, 14, 15, 18, 19, 23, 110, 123, 133, 169, 202, 223, 238, 245, 263, 324, 368, 393, 417, 426, 433, 443, 444, 447, 448, 449, 450, 451, 452, 458, 463, 468, 469, 470, 472, 477, 479, 480, 481, 484, 485, 486, 487, 494, 495, 496, 502, 503, 546, 547, 573, 574, 575, 576, 577], "summary": {"covered_lines": 64, "num_statements": 75, "percent_covered": 85.33333333333333, "percent_covered_display": "85", "missing_lines": 11, "excluded_lines": 0, "percent_statements_covered": 85.33333333333333, "percent_statements_covered_display": "85"}, "missing_lines": [453, 454, 455, 478, 488, 489, 490, 491, 497, 498, 499], "excluded_lines": [], "start_line": 1}}}, "src/futures_signal/validation.py": {"executed_lines": [1, 3, 4, 5, 7, 10, 11, 14, 15, 21, 22, 23, 25, 26, 27, 28, 29, 30, 31, 32, 34, 35, 36, 37, 38, 40, 41, 42, 44, 45, 46, 47, 48, 49, 51, 52, 53, 55, 56, 57, 58, 60, 62, 63, 65, 66, 79, 80, 81, 82, 84, 87, 88, 89, 90, 93, 98, 99, 100], "summary": {"covered_lines": 59, "num_statements": 61, "percent_covered": 96.72131147540983, "percent_covered_display": "97", "missing_lines": 2, "excluded_lines": 0, "percent_statements_covered": 96.72131147540983, "percent_statements_covered_display": "97"}, "missing_lines": [59, 83], "excluded_lines": [], "functions": {"QuoteValidator.__init__": {"executed_lines": [21, 22, 23], "summary": {"covered_lines": 3, "num_statements": 3, "percent_covered": 100.0, "percent_covered_display": "100", "missing_lines": 0, "excluded_lines": 0, "percent_statements_covered": 100.0, "percent_statements_covered_display": "100"}, "missing_lines": [], "excluded_lines": [], "start_line": 15}, "QuoteValidator.validate": {"executed_lines": [26, 27, 28, 29, 30, 31, 32, 34, 35, 36, 37, 38, 40, 41, 42, 44, 45, 46, 47, 48, 49, 51, 52, 53, 55, 56, 57, 58, 60, 62, 63, 65, 66], "summary": {"covered_lines": 33, "num_statements": 34, "percent_covered": 97.05882352941177, "percent_covered_display": "97", "missing_lines": 1, "excluded_lines": 0, "percent_statements_covered": 97.05882352941177, "percent_statements_covered_display": "97"}, "missing_lines": [59], "excluded_lines": [], "start_line": 25}, "_localize": {"executed_lines": [80, 81, 82, 84], "summary": {"covered_lines": 4, "num_statements": 5, "percent_covered": 80.0, "percent_covered_display": "80", "missing_lines": 1, "excluded_lines": 0, "percent_statements_covered": 80.0, "percent_statements_covered_display": "80"}, "missing_lines": [83], "excluded_lines": [], "start_line": 79}, "_is_stale": {"executed_lines": [88, 89, 90], "summary": {"covered_lines": 3, "num_statements": 3, "percent_covered": 100.0, "percent_covered_display": "100", "missing_lines": 0, "excluded_lines": 0, "percent_statements_covered": 100.0, "percent_statements_covered_display": "100"}, "missing_lines": [], "excluded_lines": [], "start_line": 87}, "_is_out_of_sync": {"executed_lines": [98, 99, 100], "summary": {"covered_lines": 3, "num_statements": 3, "percent_covered": 100.0, "percent_covered_display": "100", "missing_lines": 0, "excluded_lines": 0, "percent_statements_covered": 100.0, "percent_statements_covered_display": "100"}, "missing_lines": [], "excluded_lines": [], "start_line": 93}, "": {"executed_lines": [1, 3, 4, 5, 7, 10, 11, 14, 15, 25, 79, 87, 93], "summary": {"covered_lines": 13, "num_statements": 13, "percent_covered": 100.0, "percent_covered_display": "100", "missing_lines": 0, "excluded_lines": 0, "percent_statements_covered": 100.0, "percent_statements_covered_display": "100"}, "missing_lines": [], "excluded_lines": [], "start_line": 1}}, "classes": {"QuoteValidationError": {"executed_lines": [], "summary": {"covered_lines": 0, "num_statements": 0, "percent_covered": 100.0, "percent_covered_display": "100", "missing_lines": 0, "excluded_lines": 0, "percent_statements_covered": 100.0, "percent_statements_covered_display": "100"}, "missing_lines": [], "excluded_lines": [], "start_line": 10}, "QuoteValidator": {"executed_lines": [21, 22, 23, 26, 27, 28, 29, 30, 31, 32, 34, 35, 36, 37, 38, 40, 41, 42, 44, 45, 46, 47, 48, 49, 51, 52, 53, 55, 56, 57, 58, 60, 62, 63, 65, 66], "summary": {"covered_lines": 36, "num_statements": 37, "percent_covered": 97.29729729729729, "percent_covered_display": "97", "missing_lines": 1, "excluded_lines": 0, "percent_statements_covered": 97.29729729729729, "percent_statements_covered_display": "97"}, "missing_lines": [59], "excluded_lines": [], "start_line": 14}, "": {"executed_lines": [1, 3, 4, 5, 7, 10, 11, 14, 15, 25, 79, 80, 81, 82, 84, 87, 88, 89, 90, 93, 98, 99, 100], "summary": {"covered_lines": 23, "num_statements": 24, "percent_covered": 95.83333333333333, "percent_covered_display": "96", "missing_lines": 1, "excluded_lines": 0, "percent_statements_covered": 95.83333333333333, "percent_statements_covered_display": "96"}, "missing_lines": [83], "excluded_lines": [], "start_line": 1}}}, "src/futures_signal/wecom.py": {"executed_lines": [1, 3, 5, 8, 9, 12, 13, 14, 15, 16, 18, 19, 20, 21, 24, 25, 27, 28, 39, 42, 43, 46, 50, 51, 54, 55, 56, 57, 58, 61, 62, 64, 68, 70, 71, 72], "summary": {"covered_lines": 36, "num_statements": 46, "percent_covered": 78.26086956521739, "percent_covered_display": "78", "missing_lines": 10, "excluded_lines": 0, "percent_statements_covered": 78.26086956521739, "percent_statements_covered_display": "78"}, "missing_lines": [22, 40, 44, 45, 47, 52, 59, 60, 65, 66], "excluded_lines": [], "functions": {"WeComClient.__init__": {"executed_lines": [14, 15, 16], "summary": {"covered_lines": 3, "num_statements": 3, "percent_covered": 100.0, "percent_covered_display": "100", "missing_lines": 0, "excluded_lines": 0, "percent_statements_covered": 100.0, "percent_statements_covered_display": "100"}, "missing_lines": [], "excluded_lines": [], "start_line": 13}, "WeComClient.send_message": {"executed_lines": [19, 20, 21, 24, 25], "summary": {"covered_lines": 5, "num_statements": 6, "percent_covered": 83.33333333333333, "percent_covered_display": "83", "missing_lines": 1, "excluded_lines": 0, "percent_statements_covered": 83.33333333333333, "percent_statements_covered_display": "83"}, "missing_lines": [22], "excluded_lines": [], "start_line": 18}, "WeComClient._send_text": {"executed_lines": [28, 39, 42, 43, 46], "summary": {"covered_lines": 5, "num_statements": 9, "percent_covered": 55.55555555555556, "percent_covered_display": "56", "missing_lines": 4, "excluded_lines": 0, "percent_statements_covered": 55.55555555555556, "percent_statements_covered_display": "56"}, "missing_lines": [40, 44, 45, 47], "excluded_lines": [], "start_line": 27}, "_split_text": {"executed_lines": [51, 54, 55, 56, 57, 58, 61, 62, 64, 68, 70, 71, 72], "summary": {"covered_lines": 13, "num_statements": 18, "percent_covered": 72.22222222222223, "percent_covered_display": "72", "missing_lines": 5, "excluded_lines": 0, "percent_statements_covered": 72.22222222222223, "percent_statements_covered_display": "72"}, "missing_lines": [52, 59, 60, 65, 66], "excluded_lines": [], "start_line": 50}, "": {"executed_lines": [1, 3, 5, 8, 9, 12, 13, 18, 27, 50], "summary": {"covered_lines": 10, "num_statements": 10, "percent_covered": 100.0, "percent_covered_display": "100", "missing_lines": 0, "excluded_lines": 0, "percent_statements_covered": 100.0, "percent_statements_covered_display": "100"}, "missing_lines": [], "excluded_lines": [], "start_line": 1}}, "classes": {"WeComError": {"executed_lines": [], "summary": {"covered_lines": 0, "num_statements": 0, "percent_covered": 100.0, "percent_covered_display": "100", "missing_lines": 0, "excluded_lines": 0, "percent_statements_covered": 100.0, "percent_statements_covered_display": "100"}, "missing_lines": [], "excluded_lines": [], "start_line": 8}, "WeComClient": {"executed_lines": [14, 15, 16, 19, 20, 21, 24, 25, 28, 39, 42, 43, 46], "summary": {"covered_lines": 13, "num_statements": 18, "percent_covered": 72.22222222222223, "percent_covered_display": "72", "missing_lines": 5, "excluded_lines": 0, "percent_statements_covered": 72.22222222222223, "percent_statements_covered_display": "72"}, "missing_lines": [22, 40, 44, 45, 47], "excluded_lines": [], "start_line": 12}, "": {"executed_lines": [1, 3, 5, 8, 9, 12, 13, 18, 27, 50, 51, 54, 55, 56, 57, 58, 61, 62, 64, 68, 70, 71, 72], "summary": {"covered_lines": 23, "num_statements": 28, "percent_covered": 82.14285714285714, "percent_covered_display": "82", "missing_lines": 5, "excluded_lines": 0, "percent_statements_covered": 82.14285714285714, "percent_statements_covered_display": "82"}, "missing_lines": [52, 59, 60, 65, 66], "excluded_lines": [], "start_line": 1}}}}, "totals": {"covered_lines": 1599, "num_statements": 2274, "percent_covered": 70.31662269129288, "percent_covered_display": "70", "missing_lines": 675, "excluded_lines": 3, "percent_statements_covered": 70.31662269129288, "percent_statements_covered_display": "70"}}