{"meta": {"format": 3, "version": "7.14.1", "timestamp": "2026-06-14T19:10:59.013380", "branch_coverage": false, "show_contexts": false}, "files": {"src/futures_signal/__init__.py": {"executed_lines": [3], "summary": {"covered_lines": 1, "num_statements": 1, "percent_covered": 100.0, "percent_covered_display": "100", "missing_lines": 0, "excluded_lines": 0, "percent_statements_covered": 100.0, "percent_statements_covered_display": "100"}, "missing_lines": [], "excluded_lines": [], "functions": {"": {"executed_lines": [3], "summary": {"covered_lines": 1, "num_statements": 1, "percent_covered": 100.0, "percent_covered_display": "100", "missing_lines": 0, "excluded_lines": 0, "percent_statements_covered": 100.0, "percent_statements_covered_display": "100"}, "missing_lines": [], "excluded_lines": [], "start_line": 1}}, "classes": {"": {"executed_lines": [3], "summary": {"covered_lines": 1, "num_statements": 1, "percent_covered": 100.0, "percent_covered_display": "100", "missing_lines": 0, "excluded_lines": 0, "percent_statements_covered": 100.0, "percent_statements_covered_display": "100"}, "missing_lines": [], "excluded_lines": [], "start_line": 1}}}, "src/futures_signal/ai_commentary.py": {"executed_lines": [1, 3, 5, 7, 8, 11, 12, 15, 16, 17, 18, 19, 20, 21, 22, 23, 24, 25, 27, 28, 29, 30, 31, 33, 69, 71, 72, 85, 86, 88, 89, 93, 96, 97, 142, 143, 186, 187, 188, 189, 191], "summary": {"covered_lines": 41, "num_statements": 47, "percent_covered": 87.23404255319149, "percent_covered_display": "87", "missing_lines": 6, "excluded_lines": 0, "percent_statements_covered": 87.23404255319149, "percent_statements_covered_display": "87"}, "missing_lines": [70, 82, 83, 90, 91, 190], "excluded_lines": [], "functions": {"AICommentaryClient.__init__": {"executed_lines": [17, 18, 19, 20, 21, 22, 23, 24, 25], "summary": {"covered_lines": 9, "num_statements": 9, "percent_covered": 100.0, "percent_covered_display": "100", "missing_lines": 0, "excluded_lines": 0, "percent_statements_covered": 100.0, "percent_statements_covered_display": "100"}, "missing_lines": [], "excluded_lines": [], "start_line": 16}, "AICommentaryClient.generate": {"executed_lines": [28, 29, 30, 31, 33, 69, 71, 72, 85, 86, 88, 89, 93], "summary": {"covered_lines": 13, "num_statements": 18, "percent_covered": 72.22222222222223, "percent_covered_display": "72", "missing_lines": 5, "excluded_lines": 0, "percent_statements_covered": 72.22222222222223, "percent_statements_covered_display": "72"}, "missing_lines": [70, 82, 83, 90, 91], "excluded_lines": [], "start_line": 27}, "_analysis_for_prompt": {"executed_lines": [97], "summary": {"covered_lines": 1, "num_statements": 1, "percent_covered": 100.0, "percent_covered_display": "100", "missing_lines": 0, "excluded_lines": 0, "percent_statements_covered": 100.0, "percent_statements_covered_display": "100"}, "missing_lines": [], "excluded_lines": [], "start_line": 96}, "_signal_for_prompt": {"executed_lines": [143], "summary": {"covered_lines": 1, "num_statements": 1, "percent_covered": 100.0, "percent_covered_display": "100", "missing_lines": 0, "excluded_lines": 0, "percent_statements_covered": 100.0, "percent_statements_covered_display": "100"}, "missing_lines": [], "excluded_lines": [], "start_line": 142}, "_clean_commentary": {"executed_lines": [187, 188, 189, 191], "summary": {"covered_lines": 4, "num_statements": 5, "percent_covered": 80.0, "percent_covered_display": "80", "missing_lines": 1, "excluded_lines": 0, "percent_statements_covered": 80.0, "percent_statements_covered_display": "80"}, "missing_lines": [190], "excluded_lines": [], "start_line": 186}, "": {"executed_lines": [1, 3, 5, 7, 8, 11, 12, 15, 16, 27, 96, 142, 186], "summary": {"covered_lines": 13, "num_statements": 13, "percent_covered": 100.0, "percent_covered_display": "100", "missing_lines": 0, "excluded_lines": 0, "percent_statements_covered": 100.0, "percent_statements_covered_display": "100"}, "missing_lines": [], "excluded_lines": [], "start_line": 1}}, "classes": {"AICommentaryError": {"executed_lines": [], "summary": {"covered_lines": 0, "num_statements": 0, "percent_covered": 100.0, "percent_covered_display": "100", "missing_lines": 0, "excluded_lines": 0, "percent_statements_covered": 100.0, "percent_statements_covered_display": "100"}, "missing_lines": [], "excluded_lines": [], "start_line": 11}, "AICommentaryClient": {"executed_lines": [17, 18, 19, 20, 21, 22, 23, 24, 25, 28, 29, 30, 31, 33, 69, 71, 72, 85, 86, 88, 89, 93], "summary": {"covered_lines": 22, "num_statements": 27, "percent_covered": 81.48148148148148, "percent_covered_display": "81", "missing_lines": 5, "excluded_lines": 0, "percent_statements_covered": 81.48148148148148, "percent_statements_covered_display": "81"}, "missing_lines": [70, 82, 83, 90, 91], "excluded_lines": [], "start_line": 15}, "": {"executed_lines": [1, 3, 5, 7, 8, 11, 12, 15, 16, 27, 96, 97, 142, 143, 186, 187, 188, 189, 191], "summary": {"covered_lines": 19, "num_statements": 20, "percent_covered": 95.0, "percent_covered_display": "95", "missing_lines": 1, "excluded_lines": 0, "percent_statements_covered": 95.0, "percent_statements_covered_display": "95"}, "missing_lines": [190], "excluded_lines": [], "start_line": 1}}}, "src/futures_signal/akshare_source.py": {"executed_lines": [1, 3, 4, 5, 6, 7, 8, 10, 11, 12, 13, 14, 25, 26, 29, 30, 31, 32, 33, 34, 35, 36, 37, 38, 39, 40, 41, 42, 43, 44, 49, 51, 52, 53, 54, 55, 56, 57, 58, 59, 60, 62, 64, 65, 66, 67, 69, 70, 71, 73, 85, 86, 87, 88, 89, 91, 92, 93, 95, 96, 97, 102, 103, 114, 115, 116, 118, 124, 125, 126, 127, 128, 129, 130, 131, 132, 133, 134, 135, 136, 137, 138, 139, 140, 141, 142, 144, 150, 151, 152, 153, 154, 155, 156, 157, 158, 159, 161, 169, 181, 182, 183, 184, 185, 186, 188, 189, 191, 192, 193, 194, 195, 196, 198, 199, 200, 201, 202, 203, 205, 206, 207, 209, 211, 217, 218, 219, 220, 221, 222, 223, 224, 225, 226, 227, 228, 230, 237, 238, 239, 240, 241, 243, 244, 245, 246, 248, 254, 255, 256, 257, 258, 260, 271, 273, 279, 280, 281, 282, 283, 284, 286, 287, 288, 289, 290, 291, 292, 293, 294, 295, 296, 298, 299, 300, 301, 302, 303, 304, 305, 306, 307, 319, 321, 322, 323, 325, 326, 327, 328, 329, 330, 331, 332, 333, 334, 335, 336, 337, 338, 340, 341, 342, 343, 344, 345, 347, 348, 349, 350, 351, 354, 360, 361, 362, 363, 364, 366, 367, 368, 369, 370, 371, 372, 373, 374, 375, 376, 377, 386, 388, 394, 395, 396, 397, 398, 399, 400, 401, 402, 403, 404, 405, 406, 408, 409, 410, 411, 412, 413, 414, 415, 416, 417, 418, 419, 421, 422, 423, 424, 425, 426, 427, 428, 429, 431, 432, 433, 434, 435, 436, 438, 439, 440, 441, 447, 448, 449, 450, 451, 453, 454, 455, 456, 458, 459, 461, 462, 463, 465, 466, 467, 468, 469, 470, 471, 478, 479, 480, 482, 483, 484, 485, 486, 487, 488, 489, 490, 492, 493, 494, 495, 496, 497, 499, 500, 501, 502, 503, 504, 505, 506, 507, 508, 509, 510, 511, 513, 514, 515, 516, 518, 519, 520, 521, 522, 523, 524, 525, 526, 527, 528, 529, 530, 531, 532, 534, 535, 536, 537, 538, 540, 541, 542, 543, 544, 545, 547, 548, 549, 550, 551, 552, 554, 555, 556, 557, 558, 559, 560, 561, 562, 564, 565, 566, 572, 573, 574, 575, 576, 578, 579, 580, 586, 587, 588, 589, 590, 592, 593, 594, 595, 596, 602, 603, 604, 605, 606, 607, 608, 609, 610, 611, 612, 613, 615, 616, 617, 618, 619, 620, 621, 622, 623, 624, 625, 627, 628, 629, 630, 631], "summary": {"covered_lines": 421, "num_statements": 440, "percent_covered": 95.68181818181819, "percent_covered_display": "96", "missing_lines": 19, "excluded_lines": 0, "percent_statements_covered": 95.68181818181819, "percent_statements_covered_display": "96"}, "missing_lines": [98, 99, 100, 104, 105, 106, 107, 108, 109, 110, 111, 112, 113, 259, 297, 352, 420, 457, 460], "excluded_lines": [], "functions": {"AkShareDataSource.__init__": {"executed_lines": [31, 32, 33, 34, 35, 36, 37, 38, 39, 40, 41, 42, 43, 44, 49], "summary": {"covered_lines": 15, "num_statements": 15, "percent_covered": 100.0, "percent_covered_display": "100", "missing_lines": 0, "excluded_lines": 0, "percent_statements_covered": 100.0, "percent_statements_covered_display": "100"}, "missing_lines": [], "excluded_lines": [], "start_line": 30}, "AkShareDataSource.fetch": {"executed_lines": [52, 53, 54, 55, 56, 57, 58, 59, 60, 62, 64, 65, 66, 67, 69, 70, 71, 73], "summary": {"covered_lines": 18, "num_statements": 18, "percent_covered": 100.0, "percent_covered_display": "100", "missing_lines": 0, "excluded_lines": 0, "percent_statements_covered": 100.0, "percent_statements_covered_display": "100"}, "missing_lines": [], "excluded_lines": [], "start_line": 51}, "AkShareDataSource._fetch_main_futures": {"executed_lines": [86, 87, 88, 89, 91, 92, 93, 95, 96, 97, 102, 103, 114, 115, 116], "summary": {"covered_lines": 15, "num_statements": 28, "percent_covered": 53.57142857142857, "percent_covered_display": "54", "missing_lines": 13, "excluded_lines": 0, "percent_statements_covered": 53.57142857142857, "percent_statements_covered_display": "54"}, "missing_lines": [98, 99, 100, 104, 105, 106, 107, 108, 109, 110, 111, 112, 113], "excluded_lines": [], "start_line": 85}, "AkShareDataSource._fetch_main_futures_from_realtime": {"executed_lines": [124, 125, 126, 127, 128, 129, 130, 131, 132, 133, 134, 135, 136, 137, 138, 139, 140, 141, 142], "summary": {"covered_lines": 19, "num_statements": 19, "percent_covered": 100.0, "percent_covered_display": "100", "missing_lines": 0, "excluded_lines": 0, "percent_statements_covered": 100.0, "percent_statements_covered_display": "100"}, "missing_lines": [], "excluded_lines": [], "start_line": 118}, "AkShareDataSource._select_main_future_row": {"executed_lines": [150, 151, 152, 153, 154, 155, 156, 157, 158, 159], "summary": {"covered_lines": 10, "num_statements": 10, "percent_covered": 100.0, "percent_covered_display": "100", "missing_lines": 0, "excluded_lines": 0, "percent_statements_covered": 100.0, "percent_statements_covered_display": "100"}, "missing_lines": [], "excluded_lines": [], "start_line": 144}, "AkShareDataSource._future_quote_from_row": {"executed_lines": [169], "summary": {"covered_lines": 1, "num_statements": 1, "percent_covered": 100.0, "percent_covered_display": "100", "missing_lines": 0, "excluded_lines": 0, "percent_statements_covered": 100.0, "percent_statements_covered_display": "100"}, "missing_lines": [], "excluded_lines": [], "start_line": 161}, "AkShareDataSource._main_contract_symbols": {"executed_lines": [182, 183, 184, 185, 186, 188, 189, 191, 192, 193, 194, 195, 196], "summary": {"covered_lines": 13, "num_statements": 13, "percent_covered": 100.0, "percent_covered_display": "100", "missing_lines": 0, "excluded_lines": 0, "percent_statements_covered": 100.0, "percent_statements_covered_display": "100"}, "missing_lines": [], "excluded_lines": [], "start_line": 181}, "AkShareDataSource._fetch_spots": {"executed_lines": [199, 200, 201, 202, 203, 205, 206, 207, 209], "summary": {"covered_lines": 9, "num_statements": 9, "percent_covered": 100.0, "percent_covered_display": "100", "missing_lines": 0, "excluded_lines": 0, "percent_statements_covered": 100.0, "percent_statements_covered_display": "100"}, "missing_lines": [], "excluded_lines": [], "start_line": 198}, "AkShareDataSource._fetch_spots_from_em": {"executed_lines": [217, 218, 219, 220, 221, 222, 223, 224, 225, 226, 227, 228], "summary": {"covered_lines": 12, "num_statements": 12, "percent_covered": 100.0, "percent_covered_display": "100", "missing_lines": 0, "excluded_lines": 0, "percent_statements_covered": 100.0, "percent_statements_covered_display": "100"}, "missing_lines": [], "excluded_lines": [], "start_line": 211}, "AkShareDataSource._fetch_spots_from_sina": {"executed_lines": [237, 238, 239, 240, 241, 243, 244, 245, 246], "summary": {"covered_lines": 9, "num_statements": 9, "percent_covered": 100.0, "percent_covered_display": "100", "missing_lines": 0, "excluded_lines": 0, "percent_statements_covered": 100.0, "percent_statements_covered_display": "100"}, "missing_lines": [], "excluded_lines": [], "start_line": 230}, "AkShareDataSource._parse_spot_rows": {"executed_lines": [254, 255, 256, 257, 258, 260, 271], "summary": {"covered_lines": 7, "num_statements": 8, "percent_covered": 87.5, "percent_covered_display": "88", "missing_lines": 1, "excluded_lines": 0, "percent_statements_covered": 87.5, "percent_statements_covered_display": "88"}, "missing_lines": [259], "excluded_lines": [], "start_line": 248}, "AkShareDataSource._fetch_terms_if_due": {"executed_lines": [279, 280, 281, 282, 283, 284, 286, 287, 288, 289, 290, 291, 292, 293, 294, 295, 296, 298, 299, 300, 301, 302, 303, 304, 305, 306, 307, 319, 321, 322, 323], "summary": {"covered_lines": 31, "num_statements": 32, "percent_covered": 96.875, "percent_covered_display": "97", "missing_lines": 1, "excluded_lines": 0, "percent_statements_covered": 96.875, "percent_statements_covered_display": "97"}, "missing_lines": [297], "excluded_lines": [], "start_line": 273}, "AkShareDataSource._fetch_positions_if_due": {"executed_lines": [326, 327, 328, 329, 330, 331, 332, 333, 334, 335, 336, 337, 338, 340, 341, 342, 343, 344, 345, 347, 348, 349, 350, 351], "summary": {"covered_lines": 24, "num_statements": 25, "percent_covered": 96.0, "percent_covered_display": "96", "missing_lines": 1, "excluded_lines": 0, "percent_statements_covered": 96.0, "percent_statements_covered_display": "96"}, "missing_lines": [352], "excluded_lines": [], "start_line": 325}, "AkShareDataSource._fetch_positions_for_date": {"executed_lines": [360, 361, 362, 363, 364, 366, 367, 368, 369, 370, 371, 372, 373, 374, 375, 376, 377, 386], "summary": {"covered_lines": 18, "num_statements": 18, "percent_covered": 100.0, "percent_covered_display": "100", "missing_lines": 0, "excluded_lines": 0, "percent_statements_covered": 100.0, "percent_statements_covered_display": "100"}, "missing_lines": [], "excluded_lines": [], "start_line": 354}, "AkShareDataSource._fetch_previous_available_positions": {"executed_lines": [394, 395, 396, 397, 398, 399, 400, 401, 402, 403, 404, 405, 406], "summary": {"covered_lines": 13, "num_statements": 13, "percent_covered": 100.0, "percent_covered_display": "100", "missing_lines": 0, "excluded_lines": 0, "percent_statements_covered": 100.0, "percent_statements_covered_display": "100"}, "missing_lines": [], "excluded_lines": [], "start_line": 388}, "AkShareDataSource._fetch_citic_net_short_changes": {"executed_lines": [409, 410, 411, 412, 413, 414, 415, 416, 417, 418, 419, 421, 422, 423, 424, 425, 426, 427, 428, 429], "summary": {"covered_lines": 20, "num_statements": 21, "percent_covered": 95.23809523809524, "percent_covered_display": "95", "missing_lines": 1, "excluded_lines": 0, "percent_statements_covered": 95.23809523809524, "percent_statements_covered_display": "95"}, "missing_lines": [420], "excluded_lines": [], "start_line": 408}, "AkShareDataSource._fetch_position_trends_if_due": {"executed_lines": [432, 433, 434, 435, 436, 438, 439, 440, 441, 447, 448, 449, 450, 451, 453, 454, 455, 456, 458, 459, 461, 462, 463, 465, 466, 467, 468, 469, 470, 471, 478, 479, 480], "summary": {"covered_lines": 33, "num_statements": 35, "percent_covered": 94.28571428571429, "percent_covered_display": "94", "missing_lines": 2, "excluded_lines": 0, "percent_statements_covered": 94.28571428571429, "percent_statements_covered_display": "94"}, "missing_lines": [457, 460], "excluded_lines": [], "start_line": 431}, "AkShareDataSource._rows": {"executed_lines": [484, 485, 486, 487, 488, 489, 490], "summary": {"covered_lines": 7, "num_statements": 7, "percent_covered": 100.0, "percent_covered_display": "100", "missing_lines": 0, "excluded_lines": 0, "percent_statements_covered": 100.0, "percent_statements_covered_display": "100"}, "missing_lines": [], "excluded_lines": [], "start_line": 483}, "AkShareDataSource._call_quiet": {"executed_lines": [494, 495, 496, 497], "summary": {"covered_lines": 4, "num_statements": 4, "percent_covered": 100.0, "percent_covered_display": "100", "missing_lines": 0, "excluded_lines": 0, "percent_statements_covered": 100.0, "percent_statements_covered_display": "100"}, "missing_lines": [], "excluded_lines": [], "start_line": 493}, "AkShareDataSource._brief_error": {"executed_lines": [501, 502, 503, 504, 505, 506, 507, 508, 509, 510, 511], "summary": {"covered_lines": 11, "num_statements": 11, "percent_covered": 100.0, "percent_covered_display": "100", "missing_lines": 0, "excluded_lines": 0, "percent_statements_covered": 100.0, "percent_statements_covered_display": "100"}, "missing_lines": [], "excluded_lines": [], "start_line": 500}, "AkShareDataSource._product_from_contract": {"executed_lines": [515, 516], "summary": {"covered_lines": 2, "num_statements": 2, "percent_covered": 100.0, "percent_covered_display": "100", "missing_lines": 0, "excluded_lines": 0, "percent_statements_covered": 100.0, "percent_statements_covered_display": "100"}, "missing_lines": [], "excluded_lines": [], "start_line": 514}, "AkShareDataSource._infer_product": {"executed_lines": [520, 521, 522, 523, 524, 525, 526, 527, 528, 529, 530, 531, 532], "summary": {"covered_lines": 13, "num_statements": 13, "percent_covered": 100.0, "percent_covered_display": "100", "missing_lines": 0, "excluded_lines": 0, "percent_statements_covered": 100.0, "percent_statements_covered_display": "100"}, "missing_lines": [], "excluded_lines": [], "start_line": 519}, "AkShareDataSource._infer_contract": {"executed_lines": [536, 537, 538], "summary": {"covered_lines": 3, "num_statements": 3, "percent_covered": 100.0, "percent_covered_display": "100", "missing_lines": 0, "excluded_lines": 0, "percent_statements_covered": 100.0, "percent_statements_covered_display": "100"}, "missing_lines": [], "excluded_lines": [], "start_line": 535}, "AkShareDataSource._first_float": {"executed_lines": [542, 543, 544, 545], "summary": {"covered_lines": 4, "num_statements": 4, "percent_covered": 100.0, "percent_covered_display": "100", "missing_lines": 0, "excluded_lines": 0, "percent_statements_covered": 100.0, "percent_statements_covered_display": "100"}, "missing_lines": [], "excluded_lines": [], "start_line": 541}, "AkShareDataSource._first_int": {"executed_lines": [549, 550, 551, 552], "summary": {"covered_lines": 4, "num_statements": 4, "percent_covered": 100.0, "percent_covered_display": "100", "missing_lines": 0, "excluded_lines": 0, "percent_statements_covered": 100.0, "percent_statements_covered_display": "100"}, "missing_lines": [], "excluded_lines": [], "start_line": 548}, "AkShareDataSource._change_pct": {"executed_lines": [556, 557, 558, 559, 560, 561, 562], "summary": {"covered_lines": 7, "num_statements": 7, "percent_covered": 100.0, "percent_covered_display": "100", "missing_lines": 0, "excluded_lines": 0, "percent_statements_covered": 100.0, "percent_statements_covered_display": "100"}, "missing_lines": [], "excluded_lines": [], "start_line": 555}, "AkShareDataSource._parse_tick_time": {"executed_lines": [565, 566, 572, 573, 574, 575, 576], "summary": {"covered_lines": 7, "num_statements": 7, "percent_covered": 100.0, "percent_covered_display": "100", "missing_lines": 0, "excluded_lines": 0, "percent_statements_covered": 100.0, "percent_statements_covered_display": "100"}, "missing_lines": [], "excluded_lines": [], "start_line": 564}, "AkShareDataSource._parse_spot_tick_time": {"executed_lines": [579, 580, 586, 587, 588, 589, 590], "summary": {"covered_lines": 7, "num_statements": 7, "percent_covered": 100.0, "percent_covered_display": "100", "missing_lines": 0, "excluded_lines": 0, "percent_statements_covered": 100.0, "percent_statements_covered_display": "100"}, "missing_lines": [], "excluded_lines": [], "start_line": 578}, "AkShareDataSource._parse_datetime_value": {"executed_lines": [593, 594, 595, 596, 602, 603, 604, 605, 606, 607, 608, 609, 610, 611, 612, 613, 615, 616, 617, 618, 619, 620, 621, 622, 623, 624, 625], "summary": {"covered_lines": 27, "num_statements": 27, "percent_covered": 100.0, "percent_covered_display": "100", "missing_lines": 0, "excluded_lines": 0, "percent_statements_covered": 100.0, "percent_statements_covered_display": "100"}, "missing_lines": [], "excluded_lines": [], "start_line": 592}, "AkShareDataSource._realtime_rows": {"executed_lines": [628, 629, 630, 631], "summary": {"covered_lines": 4, "num_statements": 4, "percent_covered": 100.0, "percent_covered_display": "100", "missing_lines": 0, "excluded_lines": 0, "percent_statements_covered": 100.0, "percent_statements_covered_display": "100"}, "missing_lines": [], "excluded_lines": [], "start_line": 627}, "": {"executed_lines": [1, 3, 4, 5, 6, 7, 8, 10, 11, 12, 13, 14, 25, 26, 29, 30, 51, 85, 118, 144, 161, 181, 198, 211, 230, 248, 273, 325, 354, 388, 408, 431, 482, 483, 492, 493, 499, 500, 513, 514, 518, 519, 534, 535, 540, 541, 547, 548, 554, 555, 564, 578, 592, 627], "summary": {"covered_lines": 54, "num_statements": 54, "percent_covered": 100.0, "percent_covered_display": "100", "missing_lines": 0, "excluded_lines": 0, "percent_statements_covered": 100.0, "percent_statements_covered_display": "100"}, "missing_lines": [], "excluded_lines": [], "start_line": 1}}, "classes": {"AkShareDataSource": {"executed_lines": [31, 32, 33, 34, 35, 36, 37, 38, 39, 40, 41, 42, 43, 44, 49, 52, 53, 54, 55, 56, 57, 58, 59, 60, 62, 64, 65, 66, 67, 69, 70, 71, 73, 86, 87, 88, 89, 91, 92, 93, 95, 96, 97, 102, 103, 114, 115, 116, 124, 125, 126, 127, 128, 129, 130, 131, 132, 133, 134, 135, 136, 137, 138, 139, 140, 141, 142, 150, 151, 152, 153, 154, 155, 156, 157, 158, 159, 169, 182, 183, 184, 185, 186, 188, 189, 191, 192, 193, 194, 195, 196, 199, 200, 201, 202, 203, 205, 206, 207, 209, 217, 218, 219, 220, 221, 222, 223, 224, 225, 226, 227, 228, 237, 238, 239, 240, 241, 243, 244, 245, 246, 254, 255, 256, 257, 258, 260, 271, 279, 280, 281, 282, 283, 284, 286, 287, 288, 289, 290, 291, 292, 293, 294, 295, 296, 298, 299, 300, 301, 302, 303, 304, 305, 306, 307, 319, 321, 322, 323, 326, 327, 328, 329, 330, 331, 332, 333, 334, 335, 336, 337, 338, 340, 341, 342, 343, 344, 345, 347, 348, 349, 350, 351, 360, 361, 362, 363, 364, 366, 367, 368, 369, 370, 371, 372, 373, 374, 375, 376, 377, 386, 394, 395, 396, 397, 398, 399, 400, 401, 402, 403, 404, 405, 406, 409, 410, 411, 412, 413, 414, 415, 416, 417, 418, 419, 421, 422, 423, 424, 425, 426, 427, 428, 429, 432, 433, 434, 435, 436, 438, 439, 440, 441, 447, 448, 449, 450, 451, 453, 454, 455, 456, 458, 459, 461, 462, 463, 465, 466, 467, 468, 469, 470, 471, 478, 479, 480, 484, 485, 486, 487, 488, 489, 490, 494, 495, 496, 497, 501, 502, 503, 504, 505, 506, 507, 508, 509, 510, 511, 515, 516, 520, 521, 522, 523, 524, 525, 526, 527, 528, 529, 530, 531, 532, 536, 537, 538, 542, 543, 544, 545, 549, 550, 551, 552, 556, 557, 558, 559, 560, 561, 562, 565, 566, 572, 573, 574, 575, 576, 579, 580, 586, 587, 588, 589, 590, 593, 594, 595, 596, 602, 603, 604, 605, 606, 607, 608, 609, 610, 611, 612, 613, 615, 616, 617, 618, 619, 620, 621, 622, 623, 624, 625, 628, 629, 630, 631], "summary": {"covered_lines": 367, "num_statements": 386, "percent_covered": 95.07772020725389, "percent_covered_display": "95", "missing_lines": 19, "excluded_lines": 0, "percent_statements_covered": 95.07772020725389, "percent_statements_covered_display": "95"}, "missing_lines": [98, 99, 100, 104, 105, 106, 107, 108, 109, 110, 111, 112, 113, 259, 297, 352, 420, 457, 460], "excluded_lines": [], "start_line": 29}, "": {"executed_lines": [1, 3, 4, 5, 6, 7, 8, 10, 11, 12, 13, 14, 25, 26, 29, 30, 51, 85, 118, 144, 161, 181, 198, 211, 230, 248, 273, 325, 354, 388, 408, 431, 482, 483, 492, 493, 499, 500, 513, 514, 518, 519, 534, 535, 540, 541, 547, 548, 554, 555, 564, 578, 592, 627], "summary": {"covered_lines": 54, "num_statements": 54, "percent_covered": 100.0, "percent_covered_display": "100", "missing_lines": 0, "excluded_lines": 0, "percent_statements_covered": 100.0, "percent_statements_covered_display": "100"}, "missing_lines": [], "excluded_lines": [], "start_line": 1}}}, "src/futures_signal/cli.py": {"executed_lines": [1, 3, 4, 5, 6, 8, 9, 10, 11, 12, 13, 14, 15, 18, 19, 20, 22, 24, 25, 26, 32, 33, 34, 35, 37, 38, 39, 40, 42, 46, 52, 73, 94, 102, 104, 121, 122, 123, 126, 127, 128, 129, 130, 131, 132, 140, 141, 142, 145, 146, 148, 149, 150, 151, 152, 153, 155, 156, 157, 158, 159, 160, 161, 168], "summary": {"covered_lines": 64, "num_statements": 97, "percent_covered": 65.97938144329896, "percent_covered_display": "66", "missing_lines": 33, "excluded_lines": 0, "percent_statements_covered": 65.97938144329896, "percent_statements_covered_display": "66"}, "missing_lines": [43, 44, 47, 48, 49, 50, 53, 55, 57, 69, 70, 71, 74, 76, 81, 82, 83, 84, 85, 86, 87, 88, 89, 90, 91, 92, 105, 106, 107, 108, 117, 118, 119], "excluded_lines": [], "functions": {"main": {"executed_lines": [19, 20, 22, 24, 25, 26, 32, 33, 34, 35, 37, 38, 39, 40, 42, 46, 52, 73, 94, 102, 104, 121, 122, 123], "summary": {"covered_lines": 24, "num_statements": 57, "percent_covered": 42.10526315789474, "percent_covered_display": "42", "missing_lines": 33, "excluded_lines": 0, "percent_statements_covered": 42.10526315789474, "percent_statements_covered_display": "42"}, "missing_lines": [43, 44, 47, 48, 49, 50, 53, 55, 57, 69, 70, 71, 74, 76, 81, 82, 83, 84, 85, 86, 87, 88, 89, 90, 91, 92, 105, 106, 107, 108, 117, 118, 119], "excluded_lines": [], "start_line": 18}, "configure_logging": {"executed_lines": [127, 128, 129, 130, 131, 132, 140, 141, 142], "summary": {"covered_lines": 9, "num_statements": 9, "percent_covered": 100.0, "percent_covered_display": "100", "missing_lines": 0, "excluded_lines": 0, "percent_statements_covered": 100.0, "percent_statements_covered_display": "100"}, "missing_lines": [], "excluded_lines": [], "start_line": 126}, "_SensitiveDataFilter.filter": {"executed_lines": [149, 150, 151, 152, 153], "summary": {"covered_lines": 5, "num_statements": 5, "percent_covered": 100.0, "percent_covered_display": "100", "missing_lines": 0, "excluded_lines": 0, "percent_statements_covered": 100.0, "percent_statements_covered_display": "100"}, "missing_lines": [], "excluded_lines": [], "start_line": 148}, "_SensitiveDataFilter._redact": {"executed_lines": [156, 157, 158, 159, 160, 161, 168], "summary": {"covered_lines": 7, "num_statements": 7, "percent_covered": 100.0, "percent_covered_display": "100", "missing_lines": 0, "excluded_lines": 0, "percent_statements_covered": 100.0, "percent_statements_covered_display": "100"}, "missing_lines": [], "excluded_lines": [], "start_line": 155}, "": {"executed_lines": [1, 3, 4, 5, 6, 8, 9, 10, 11, 12, 13, 14, 15, 18, 126, 145, 146, 148, 155], "summary": {"covered_lines": 19, "num_statements": 19, "percent_covered": 100.0, "percent_covered_display": "100", "missing_lines": 0, "excluded_lines": 0, "percent_statements_covered": 100.0, "percent_statements_covered_display": "100"}, "missing_lines": [], "excluded_lines": [], "start_line": 1}}, "classes": {"_SensitiveDataFilter": {"executed_lines": [149, 150, 151, 152, 153, 156, 157, 158, 159, 160, 161, 168], "summary": {"covered_lines": 12, "num_statements": 12, "percent_covered": 100.0, "percent_covered_display": "100", "missing_lines": 0, "excluded_lines": 0, "percent_statements_covered": 100.0, "percent_statements_covered_display": "100"}, "missing_lines": [], "excluded_lines": [], "start_line": 145}, "": {"executed_lines": [1, 3, 4, 5, 6, 8, 9, 10, 11, 12, 13, 14, 15, 18, 19, 20, 22, 24, 25, 26, 32, 33, 34, 35, 37, 38, 39, 40, 42, 46, 52, 73, 94, 102, 104, 121, 122, 123, 126, 127, 128, 129, 130, 131, 132, 140, 141, 142, 145, 146, 148, 155], "summary": {"covered_lines": 52, "num_statements": 85, "percent_covered": 61.1764705882353, "percent_covered_display": "61", "missing_lines": 33, "excluded_lines": 0, "percent_statements_covered": 61.1764705882353, "percent_statements_covered_display": "61"}, "missing_lines": [43, 44, 47, 48, 49, 50, 53, 55, 57, 69, 70, 71, 74, 76, 81, 82, 83, 84, 85, 86, 87, 88, 89, 90, 91, 92, 105, 106, 107, 108, 117, 118, 119], "excluded_lines": [], "start_line": 1}}}, "src/futures_signal/config.py": {"executed_lines": [1, 3, 4, 5, 6, 7, 10, 11, 12, 13, 14, 17, 18, 19, 20, 24, 25, 26, 27, 31, 32, 33, 34, 35, 36, 37, 38, 39, 40, 43, 44, 45, 46, 47, 48, 49, 50, 51, 52, 53, 54, 55, 56, 57, 58, 59, 60, 61, 62, 63, 64, 65, 66, 67, 68, 69, 70, 71, 72, 73, 74, 75, 76, 77, 78, 79, 80, 81, 82, 83, 84, 86, 87, 88, 90, 91, 92, 93, 95, 96, 97, 98, 99, 143, 144, 145, 146, 147, 148, 149, 150, 151, 152, 155, 156, 157, 158, 159, 160, 163, 164, 166, 168, 169], "summary": {"covered_lines": 104, "num_statements": 108, "percent_covered": 96.29629629629629, "percent_covered_display": "96", "missing_lines": 4, "excluded_lines": 0, "percent_statements_covered": 96.29629629629629, "percent_statements_covered_display": "96"}, "missing_lines": [21, 28, 165, 167], "excluded_lines": [], "functions": {"_bool_env": {"executed_lines": [11, 12, 13, 14], "summary": {"covered_lines": 4, "num_statements": 4, "percent_covered": 100.0, "percent_covered_display": "100", "missing_lines": 0, "excluded_lines": 0, "percent_statements_covered": 100.0, "percent_statements_covered_display": "100"}, "missing_lines": [], "excluded_lines": [], "start_line": 10}, "_int_env": {"executed_lines": [18, 19, 20], "summary": {"covered_lines": 3, "num_statements": 4, "percent_covered": 75.0, "percent_covered_display": "75", "missing_lines": 1, "excluded_lines": 0, "percent_statements_covered": 75.0, "percent_statements_covered_display": "75"}, "missing_lines": [21], "excluded_lines": [], "start_line": 17}, "_float_env": {"executed_lines": [25, 26, 27], "summary": {"covered_lines": 3, "num_statements": 4, "percent_covered": 75.0, "percent_covered_display": "75", "missing_lines": 1, "excluded_lines": 0, "percent_statements_covered": 75.0, "percent_statements_covered_display": "75"}, "missing_lines": [28], "excluded_lines": [], "start_line": 24}, "_load_dotenv": {"executed_lines": [32, 33, 34, 35, 36, 37, 38, 39, 40], "summary": {"covered_lines": 9, "num_statements": 9, "percent_covered": 100.0, "percent_covered_display": "100", "missing_lines": 0, "excluded_lines": 0, "percent_statements_covered": 100.0, "percent_statements_covered_display": "100"}, "missing_lines": [], "excluded_lines": [], "start_line": 31}, "Settings.tz": {"executed_lines": [88], "summary": {"covered_lines": 1, "num_statements": 1, "percent_covered": 100.0, "percent_covered_display": "100", "missing_lines": 0, "excluded_lines": 0, "percent_statements_covered": 100.0, "percent_statements_covered_display": "100"}, "missing_lines": [], "excluded_lines": [], "start_line": 87}, "Settings.__post_init__": {"executed_lines": [91, 92, 93], "summary": {"covered_lines": 3, "num_statements": 3, "percent_covered": 100.0, "percent_covered_display": "100", "missing_lines": 0, "excluded_lines": 0, "percent_statements_covered": 100.0, "percent_statements_covered_display": "100"}, "missing_lines": [], "excluded_lines": [], "start_line": 90}, "Settings.from_env": {"executed_lines": [97, 98, 99], "summary": {"covered_lines": 3, "num_statements": 3, "percent_covered": 100.0, "percent_covered_display": "100", "missing_lines": 0, "excluded_lines": 0, "percent_statements_covered": 100.0, "percent_statements_covered_display": "100"}, "missing_lines": [], "excluded_lines": [], "start_line": 96}, "_validate_wecom_webhook_url": {"executed_lines": [144, 145, 146, 147, 148, 149, 150, 151, 152], "summary": {"covered_lines": 9, "num_statements": 9, "percent_covered": 100.0, "percent_covered_display": "100", "missing_lines": 0, "excluded_lines": 0, "percent_statements_covered": 100.0, "percent_statements_covered_display": "100"}, "missing_lines": [], "excluded_lines": [], "start_line": 143}, "_validate_ai_base_url": {"executed_lines": [156, 157, 158, 159, 160], "summary": {"covered_lines": 5, "num_statements": 5, "percent_covered": 100.0, "percent_covered_display": "100", "missing_lines": 0, "excluded_lines": 0, "percent_statements_covered": 100.0, "percent_statements_covered_display": "100"}, "missing_lines": [], "excluded_lines": [], "start_line": 155}, "_validate_healthcheck": {"executed_lines": [164, 166, 168, 169], "summary": {"covered_lines": 4, "num_statements": 6, "percent_covered": 66.66666666666667, "percent_covered_display": "67", "missing_lines": 2, "excluded_lines": 0, "percent_statements_covered": 66.66666666666667, "percent_statements_covered_display": "67"}, "missing_lines": [165, 167], "excluded_lines": [], "start_line": 163}, "": {"executed_lines": [1, 3, 4, 5, 6, 7, 10, 17, 24, 31, 43, 44, 45, 46, 47, 48, 49, 50, 51, 52, 53, 54, 55, 56, 57, 58, 59, 60, 61, 62, 63, 64, 65, 66, 67, 68, 69, 70, 71, 72, 73, 74, 75, 76, 77, 78, 79, 80, 81, 82, 83, 84, 86, 87, 90, 95, 96, 143, 155, 163], "summary": {"covered_lines": 60, "num_statements": 60, "percent_covered": 100.0, "percent_covered_display": "100", "missing_lines": 0, "excluded_lines": 0, "percent_statements_covered": 100.0, "percent_statements_covered_display": "100"}, "missing_lines": [], "excluded_lines": [], "start_line": 1}}, "classes": {"Settings": {"executed_lines": [88, 91, 92, 93, 97, 98, 99], "summary": {"covered_lines": 7, "num_statements": 7, "percent_covered": 100.0, "percent_covered_display": "100", "missing_lines": 0, "excluded_lines": 0, "percent_statements_covered": 100.0, "percent_statements_covered_display": "100"}, "missing_lines": [], "excluded_lines": [], "start_line": 44}, "": {"executed_lines": [1, 3, 4, 5, 6, 7, 10, 11, 12, 13, 14, 17, 18, 19, 20, 24, 25, 26, 27, 31, 32, 33, 34, 35, 36, 37, 38, 39, 40, 43, 44, 45, 46, 47, 48, 49, 50, 51, 52, 53, 54, 55, 56, 57, 58, 59, 60, 61, 62, 63, 64, 65, 66, 67, 68, 69, 70, 71, 72, 73, 74, 75, 76, 77, 78, 79, 80, 81, 82, 83, 84, 86, 87, 90, 95, 96, 143, 144, 145, 146, 147, 148, 149, 150, 151, 152, 155, 156, 157, 158, 159, 160, 163, 164, 166, 168, 169], "summary": {"covered_lines": 97, "num_statements": 101, "percent_covered": 96.03960396039604, "percent_covered_display": "96", "missing_lines": 4, "excluded_lines": 0, "percent_statements_covered": 96.03960396039604, "percent_statements_covered_display": "96"}, "missing_lines": [21, 28, 165, 167], "excluded_lines": [], "start_line": 1}}}, "src/futures_signal/data_sources.py": {"executed_lines": [1, 3, 5, 8, 9, 12], "summary": {"covered_lines": 6, "num_statements": 6, "percent_covered": 100.0, "percent_covered_display": "100", "missing_lines": 0, "excluded_lines": 3, "percent_statements_covered": 100.0, "percent_statements_covered_display": "100"}, "missing_lines": [], "excluded_lines": [13, 14, 15], "functions": {"MarketDataSource.fetch": {"executed_lines": [], "summary": {"covered_lines": 0, "num_statements": 0, "percent_covered": 100.0, "percent_covered_display": "100", "missing_lines": 0, "excluded_lines": 1, "percent_statements_covered": 100.0, "percent_statements_covered_display": "100"}, "missing_lines": [], "excluded_lines": [14], "start_line": 13}, "": {"executed_lines": [1, 3, 5, 8, 9, 12], "summary": {"covered_lines": 6, "num_statements": 6, "percent_covered": 100.0, "percent_covered_display": "100", "missing_lines": 0, "excluded_lines": 1, "percent_statements_covered": 100.0, "percent_statements_covered_display": "100"}, "missing_lines": [], "excluded_lines": [13], "start_line": 1}}, "classes": {"DataSourceError": {"executed_lines": [], "summary": {"covered_lines": 0, "num_statements": 0, "percent_covered": 100.0, "percent_covered_display": "100", "missing_lines": 0, "excluded_lines": 0, "percent_statements_covered": 100.0, "percent_statements_covered_display": "100"}, "missing_lines": [], "excluded_lines": [], "start_line": 8}, "MarketDataSource": {"executed_lines": [], "summary": {"covered_lines": 0, "num_statements": 0, "percent_covered": 100.0, "percent_covered_display": "100", "missing_lines": 0, "excluded_lines": 1, "percent_statements_covered": 100.0, "percent_statements_covered_display": "100"}, "missing_lines": [], "excluded_lines": [14], "start_line": 12}, "": {"executed_lines": [1, 3, 5, 8, 9, 12], "summary": {"covered_lines": 6, "num_statements": 6, "percent_covered": 100.0, "percent_covered_display": "100", "missing_lines": 0, "excluded_lines": 1, "percent_statements_covered": 100.0, "percent_statements_covered_display": "100"}, "missing_lines": [], "excluded_lines": [13], "start_line": 1}}}, "src/futures_signal/formatting.py": {"executed_lines": [1, 3, 5, 8, 13, 14, 15, 16, 17, 27, 28, 30, 31, 32, 33, 35, 38, 39, 40, 41, 43, 45, 48, 52, 53, 55, 56, 57, 58, 64, 65, 67, 68, 69, 72, 84, 85, 86, 87, 88, 89, 90, 93, 94, 95, 96, 100, 105, 110, 112, 113, 114, 116, 117, 118, 121, 122, 123, 124, 125, 126, 127, 135, 136, 137, 138, 139, 140, 142, 144, 145, 146, 148, 151, 152, 153, 154, 155, 156, 157, 158, 160, 163, 164, 165, 166, 167, 168, 169, 170, 171, 172, 173, 174, 175, 176, 177, 179, 180, 181, 183, 184, 185, 186, 187, 188, 189, 190, 193, 194, 195, 196, 203, 204, 205, 207, 208, 209, 210, 218, 219, 220, 222, 223, 224, 225, 226, 228, 231, 232, 235, 250, 279, 280, 281, 282, 283, 284, 285, 286, 288, 290, 292, 294, 296, 298, 301, 334, 357, 358, 359, 360, 365, 366, 368, 375, 378, 386, 389, 390, 392, 395, 398, 401, 402, 407, 415, 418, 419, 422, 423, 426, 427, 429, 432, 433, 435, 438, 439, 441, 444, 445, 446, 447, 448, 449, 450, 452, 454, 457, 458, 459, 460, 463, 464, 465, 466, 469], "summary": {"covered_lines": 198, "num_statements": 337, "percent_covered": 58.753709198813056, "percent_covered_display": "59", "missing_lines": 139, "excluded_lines": 0, "percent_statements_covered": 58.753709198813056, "percent_statements_covered_display": "59"}, "missing_lines": [36, 49, 54, 59, 60, 61, 66, 73, 74, 75, 76, 77, 78, 79, 80, 81, 111, 115, 128, 129, 130, 131, 132, 141, 143, 147, 159, 178, 182, 197, 198, 199, 200, 206, 211, 212, 213, 214, 215, 221, 227, 236, 237, 238, 239, 240, 241, 242, 243, 244, 245, 246, 247, 251, 252, 253, 254, 255, 256, 257, 258, 259, 260, 261, 262, 263, 264, 266, 268, 269, 270, 271, 272, 273, 274, 275, 276, 289, 291, 293, 295, 297, 302, 303, 304, 306, 307, 308, 309, 310, 311, 312, 313, 315, 316, 317, 318, 319, 320, 321, 322, 323, 324, 325, 326, 327, 328, 329, 330, 331, 335, 336, 337, 338, 339, 340, 341, 342, 344, 345, 346, 347, 348, 349, 350, 351, 352, 353, 354, 376, 387, 393, 396, 428, 434, 440, 451, 453, 470], "excluded_lines": [], "functions": {"format_analysis": {"executed_lines": [13, 14, 15, 16, 17, 27, 28, 30, 31, 32, 33, 35, 38, 39, 40, 41, 43, 45], "summary": {"covered_lines": 18, "num_statements": 19, "percent_covered": 94.73684210526316, "percent_covered_display": "95", "missing_lines": 1, "excluded_lines": 0, "percent_statements_covered": 94.73684210526316, "percent_statements_covered_display": "95"}, "missing_lines": [36], "excluded_lines": [], "start_line": 8}, "format_once_output": {"executed_lines": [], "summary": {"covered_lines": 0, "num_statements": 1, "percent_covered": 0.0, "percent_covered_display": "0", "missing_lines": 1, "excluded_lines": 0, "percent_statements_covered": 0.0, "percent_statements_covered_display": "0"}, "missing_lines": [49], "excluded_lines": [], "start_line": 48}, "_direction_label": {"executed_lines": [53, 55, 56, 57, 58], "summary": {"covered_lines": 5, "num_statements": 9, "percent_covered": 55.55555555555556, "percent_covered_display": "56", "missing_lines": 4, "excluded_lines": 0, "percent_statements_covered": 55.55555555555556, "percent_statements_covered_display": "56"}, "missing_lines": [54, 59, 60, 61], "excluded_lines": [], "start_line": 52}, "_confidence_label": {"executed_lines": [65, 67, 68, 69], "summary": {"covered_lines": 4, "num_statements": 5, "percent_covered": 80.0, "percent_covered_display": "80", "missing_lines": 1, "excluded_lines": 0, "percent_statements_covered": 80.0, "percent_statements_covered_display": "80"}, "missing_lines": [66], "excluded_lines": [], "start_line": 64}, "_trading_hint": {"executed_lines": [], "summary": {"covered_lines": 0, "num_statements": 9, "percent_covered": 0.0, "percent_covered_display": "0", "missing_lines": 9, "excluded_lines": 0, "percent_statements_covered": 0.0, "percent_statements_covered_display": "0"}, "missing_lines": [73, 74, 75, 76, 77, 78, 79, 80, 81], "excluded_lines": [], "start_line": 72}, "_horizon_label": {"executed_lines": [85, 86, 87, 88, 89, 90], "summary": {"covered_lines": 6, "num_statements": 6, "percent_covered": 100.0, "percent_covered_display": "100", "missing_lines": 0, "excluded_lines": 0, "percent_statements_covered": 100.0, "percent_statements_covered_display": "100"}, "missing_lines": [], "excluded_lines": [], "start_line": 84}, "_lamp_label": {"executed_lines": [94, 95, 96, 100, 105, 110, 112, 113, 114, 116, 117, 118], "summary": {"covered_lines": 12, "num_statements": 14, "percent_covered": 85.71428571428571, "percent_covered_display": "86", "missing_lines": 2, "excluded_lines": 0, "percent_statements_covered": 85.71428571428571, "percent_statements_covered_display": "86"}, "missing_lines": [111, 115], "excluded_lines": [], "start_line": 93}, "_lamp_icon": {"executed_lines": [122, 123, 124, 125, 126, 127], "summary": {"covered_lines": 6, "num_statements": 11, "percent_covered": 54.54545454545455, "percent_covered_display": "55", "missing_lines": 5, "excluded_lines": 0, "percent_statements_covered": 54.54545454545455, "percent_statements_covered_display": "55"}, "missing_lines": [128, 129, 130, 131, 132], "excluded_lines": [], "start_line": 121}, "_focus_line": {"executed_lines": [136, 137, 138, 139, 140, 142, 144, 145, 146, 148], "summary": {"covered_lines": 10, "num_statements": 13, "percent_covered": 76.92307692307692, "percent_covered_display": "77", "missing_lines": 3, "excluded_lines": 0, "percent_statements_covered": 76.92307692307692, "percent_statements_covered_display": "77"}, "missing_lines": [141, 143, 147], "excluded_lines": [], "start_line": 135}, "_action_line": {"executed_lines": [152, 153, 154, 155, 156, 157, 158, 160], "summary": {"covered_lines": 8, "num_statements": 9, "percent_covered": 88.88888888888889, "percent_covered_display": "89", "missing_lines": 1, "excluded_lines": 0, "percent_statements_covered": 88.88888888888889, "percent_statements_covered_display": "89"}, "missing_lines": [159], "excluded_lines": [], "start_line": 151}, "_compact_evidence": {"executed_lines": [164, 165, 166, 167, 168, 169, 170, 171, 172, 173, 174, 175, 176, 177, 179, 180, 181, 183, 184, 185, 186, 187, 188, 189, 190], "summary": {"covered_lines": 25, "num_statements": 27, "percent_covered": 92.5925925925926, "percent_covered_display": "93", "missing_lines": 2, "excluded_lines": 0, "percent_statements_covered": 92.5925925925926, "percent_statements_covered_display": "93"}, "missing_lines": [178, 182], "excluded_lines": [], "start_line": 163}, "_shorten_trap_line": {"executed_lines": [194, 195, 196], "summary": {"covered_lines": 3, "num_statements": 7, "percent_covered": 42.857142857142854, "percent_covered_display": "43", "missing_lines": 4, "excluded_lines": 0, "percent_statements_covered": 42.857142857142854, "percent_statements_covered_display": "43"}, "missing_lines": [197, 198, 199, 200], "excluded_lines": [], "start_line": 193}, "_position_trend_line": {"executed_lines": [204, 205, 207, 208, 209, 210], "summary": {"covered_lines": 6, "num_statements": 12, "percent_covered": 50.0, "percent_covered_display": "50", "missing_lines": 6, "excluded_lines": 0, "percent_statements_covered": 50.0, "percent_statements_covered_display": "50"}, "missing_lines": [206, 211, 212, 213, 214, 215], "excluded_lines": [], "start_line": 203}, "_compact_ai": {"executed_lines": [219, 220, 222, 223, 224, 225, 226, 228], "summary": {"covered_lines": 8, "num_statements": 10, "percent_covered": 80.0, "percent_covered_display": "80", "missing_lines": 2, "excluded_lines": 0, "percent_statements_covered": 80.0, "percent_statements_covered_display": "80"}, "missing_lines": [221, 227], "excluded_lines": [], "start_line": 218}, "_clean_reason": {"executed_lines": [232], "summary": {"covered_lines": 1, "num_statements": 1, "percent_covered": 100.0, "percent_covered_display": "100", "missing_lines": 0, "excluded_lines": 0, "percent_statements_covered": 100.0, "percent_statements_covered_display": "100"}, "missing_lines": [], "excluded_lines": [], "start_line": 231}, "_market_structure_lines": {"executed_lines": [], "summary": {"covered_lines": 0, "num_statements": 12, "percent_covered": 0.0, "percent_covered_display": "0", "missing_lines": 12, "excluded_lines": 0, "percent_statements_covered": 0.0, "percent_statements_covered_display": "0"}, "missing_lines": [236, 237, 238, 239, 240, 241, 242, 243, 244, 245, 246, 247], "excluded_lines": [], "start_line": 235}, "_decision_lines": {"executed_lines": [], "summary": {"covered_lines": 0, "num_statements": 24, "percent_covered": 0.0, "percent_covered_display": "0", "missing_lines": 24, "excluded_lines": 0, "percent_statements_covered": 0.0, "percent_statements_covered_display": "0"}, "missing_lines": [251, 252, 253, 254, 255, 256, 257, 258, 259, 260, 261, 262, 263, 264, 266, 268, 269, 270, 271, 272, 273, 274, 275, 276], "excluded_lines": [], "start_line": 250}, "_style_decision": {"executed_lines": [280, 281, 282, 283, 284, 285, 286, 288, 290, 292, 294, 296, 298], "summary": {"covered_lines": 13, "num_statements": 18, "percent_covered": 72.22222222222223, "percent_covered_display": "72", "missing_lines": 5, "excluded_lines": 0, "percent_statements_covered": 72.22222222222223, "percent_statements_covered_display": "72"}, "missing_lines": [289, 291, 293, 295, 297], "excluded_lines": [], "start_line": 279}, "_signal_bias": {"executed_lines": [], "summary": {"covered_lines": 0, "num_statements": 28, "percent_covered": 0.0, "percent_covered_display": "0", "missing_lines": 28, "excluded_lines": 0, "percent_statements_covered": 0.0, "percent_statements_covered_display": "0"}, "missing_lines": [302, 303, 304, 306, 307, 308, 309, 310, 311, 312, 313, 315, 316, 317, 318, 319, 320, 321, 322, 323, 324, 325, 326, 327, 328, 329, 330, 331], "excluded_lines": [], "start_line": 301}, "_daily_signal_bias": {"executed_lines": [], "summary": {"covered_lines": 0, "num_statements": 19, "percent_covered": 0.0, "percent_covered_display": "0", "missing_lines": 19, "excluded_lines": 0, "percent_statements_covered": 0.0, "percent_statements_covered_display": "0"}, "missing_lines": [335, 336, 337, 338, 339, 340, 341, 342, 344, 345, 346, 347, 348, 349, 350, 351, 352, 353, 354], "excluded_lines": [], "start_line": 334}, "_trap_lines": {"executed_lines": [358, 359, 360, 365, 366, 368, 375, 378, 386, 389, 390, 392, 395, 398], "summary": {"covered_lines": 14, "num_statements": 18, "percent_covered": 77.77777777777777, "percent_covered_display": "78", "missing_lines": 4, "excluded_lines": 0, "percent_statements_covered": 77.77777777777777, "percent_statements_covered_display": "78"}, "missing_lines": [376, 387, 393, 396], "excluded_lines": [], "start_line": 357}, "_is_suspicious_long": {"executed_lines": [402, 407, 415], "summary": {"covered_lines": 3, "num_statements": 3, "percent_covered": 100.0, "percent_covered_display": "100", "missing_lines": 0, "excluded_lines": 0, "percent_statements_covered": 100.0, "percent_statements_covered_display": "100"}, "missing_lines": [], "excluded_lines": [], "start_line": 401}, "_lead_residual_positive": {"executed_lines": [419], "summary": {"covered_lines": 1, "num_statements": 1, "percent_covered": 100.0, "percent_covered_display": "100", "missing_lines": 0, "excluded_lines": 0, "percent_statements_covered": 100.0, "percent_statements_covered_display": "100"}, "missing_lines": [], "excluded_lines": [], "start_line": 418}, "_lead_residual_negative": {"executed_lines": [423], "summary": {"covered_lines": 1, "num_statements": 1, "percent_covered": 100.0, "percent_covered_display": "100", "missing_lines": 0, "excluded_lines": 0, "percent_statements_covered": 100.0, "percent_statements_covered_display": "100"}, "missing_lines": [], "excluded_lines": [], "start_line": 422}, "_net_short_expanding": {"executed_lines": [427, 429], "summary": {"covered_lines": 2, "num_statements": 3, "percent_covered": 66.66666666666667, "percent_covered_display": "67", "missing_lines": 1, "excluded_lines": 0, "percent_statements_covered": 66.66666666666667, "percent_statements_covered_display": "67"}, "missing_lines": [428], "excluded_lines": [], "start_line": 426}, "_net_short_contracting": {"executed_lines": [433, 435], "summary": {"covered_lines": 2, "num_statements": 3, "percent_covered": 66.66666666666667, "percent_covered_display": "67", "missing_lines": 1, "excluded_lines": 0, "percent_statements_covered": 66.66666666666667, "percent_statements_covered_display": "67"}, "missing_lines": [434], "excluded_lines": [], "start_line": 432}, "_citic_net_short_expanding": {"executed_lines": [439, 441], "summary": {"covered_lines": 2, "num_statements": 3, "percent_covered": 66.66666666666667, "percent_covered_display": "67", "missing_lines": 1, "excluded_lines": 0, "percent_statements_covered": 66.66666666666667, "percent_statements_covered_display": "67"}, "missing_lines": [440], "excluded_lines": [], "start_line": 438}, "_has_aligned_confirmation": {"executed_lines": [445, 446, 447, 448, 449, 450, 452, 454], "summary": {"covered_lines": 8, "num_statements": 10, "percent_covered": 80.0, "percent_covered_display": "80", "missing_lines": 2, "excluded_lines": 0, "percent_statements_covered": 80.0, "percent_statements_covered_display": "80"}, "missing_lines": [451, 453], "excluded_lines": [], "start_line": 444}, "_is_weight_support_small_cap_weak": {"executed_lines": [458, 459, 460], "summary": {"covered_lines": 3, "num_statements": 3, "percent_covered": 100.0, "percent_covered_display": "100", "missing_lines": 0, "excluded_lines": 0, "percent_statements_covered": 100.0, "percent_statements_covered_display": "100"}, "missing_lines": [], "excluded_lines": [], "start_line": 457}, "_is_small_cap_hot_weight_weak": {"executed_lines": [464, 465, 466], "summary": {"covered_lines": 3, "num_statements": 3, "percent_covered": 100.0, "percent_covered_display": "100", "missing_lines": 0, "excluded_lines": 0, "percent_statements_covered": 100.0, "percent_statements_covered_display": "100"}, "missing_lines": [], "excluded_lines": [], "start_line": 463}, "_style_label": {"executed_lines": [], "summary": {"covered_lines": 0, "num_statements": 1, "percent_covered": 0.0, "percent_covered_display": "0", "missing_lines": 1, "excluded_lines": 0, "percent_statements_covered": 0.0, "percent_statements_covered_display": "0"}, "missing_lines": [470], "excluded_lines": [], "start_line": 469}, "": {"executed_lines": [1, 3, 5, 8, 48, 52, 64, 72, 84, 93, 121, 135, 151, 163, 193, 203, 218, 231, 235, 250, 279, 301, 334, 357, 401, 418, 422, 426, 432, 438, 444, 457, 463, 469], "summary": {"covered_lines": 34, "num_statements": 34, "percent_covered": 100.0, "percent_covered_display": "100", "missing_lines": 0, "excluded_lines": 0, "percent_statements_covered": 100.0, "percent_statements_covered_display": "100"}, "missing_lines": [], "excluded_lines": [], "start_line": 1}}, "classes": {"": {"executed_lines": [1, 3, 5, 8, 13, 14, 15, 16, 17, 27, 28, 30, 31, 32, 33, 35, 38, 39, 40, 41, 43, 45, 48, 52, 53, 55, 56, 57, 58, 64, 65, 67, 68, 69, 72, 84, 85, 86, 87, 88, 89, 90, 93, 94, 95, 96, 100, 105, 110, 112, 113, 114, 116, 117, 118, 121, 122, 123, 124, 125, 126, 127, 135, 136, 137, 138, 139, 140, 142, 144, 145, 146, 148, 151, 152, 153, 154, 155, 156, 157, 158, 160, 163, 164, 165, 166, 167, 168, 169, 170, 171, 172, 173, 174, 175, 176, 177, 179, 180, 181, 183, 184, 185, 186, 187, 188, 189, 190, 193, 194, 195, 196, 203, 204, 205, 207, 208, 209, 210, 218, 219, 220, 222, 223, 224, 225, 226, 228, 231, 232, 235, 250, 279, 280, 281, 282, 283, 284, 285, 286, 288, 290, 292, 294, 296, 298, 301, 334, 357, 358, 359, 360, 365, 366, 368, 375, 378, 386, 389, 390, 392, 395, 398, 401, 402, 407, 415, 418, 419, 422, 423, 426, 427, 429, 432, 433, 435, 438, 439, 441, 444, 445, 446, 447, 448, 449, 450, 452, 454, 457, 458, 459, 460, 463, 464, 465, 466, 469], "summary": {"covered_lines": 198, "num_statements": 337, "percent_covered": 58.753709198813056, "percent_covered_display": "59", "missing_lines": 139, "excluded_lines": 0, "percent_statements_covered": 58.753709198813056, "percent_statements_covered_display": "59"}, "missing_lines": [36, 49, 54, 59, 60, 61, 66, 73, 74, 75, 76, 77, 78, 79, 80, 81, 111, 115, 128, 129, 130, 131, 132, 141, 143, 147, 159, 178, 182, 197, 198, 199, 200, 206, 211, 212, 213, 214, 215, 221, 227, 236, 237, 238, 239, 240, 241, 242, 243, 244, 245, 246, 247, 251, 252, 253, 254, 255, 256, 257, 258, 259, 260, 261, 262, 263, 264, 266, 268, 269, 270, 271, 272, 273, 274, 275, 276, 289, 291, 293, 295, 297, 302, 303, 304, 306, 307, 308, 309, 310, 311, 312, 313, 315, 316, 317, 318, 319, 320, 321, 322, 323, 324, 325, 326, 327, 328, 329, 330, 331, 335, 336, 337, 338, 339, 340, 341, 342, 344, 345, 346, 347, 348, 349, 350, 351, 352, 353, 354, 376, 387, 393, 396, 428, 434, 440, 451, 453, 470], "excluded_lines": [], "start_line": 1}}}, "src/futures_signal/health.py": {"executed_lines": [1, 3, 4, 5, 6, 7, 8, 9, 10, 11, 13, 15, 17, 20, 21, 22, 23, 24, 25, 26, 27, 29, 30, 31, 32, 34, 35, 36, 37, 39, 40, 41, 42, 44, 49, 50, 51, 52, 53, 55, 69, 92, 93, 94, 96, 97, 98, 102, 107, 108, 109, 110, 111, 113, 121, 122, 124, 127, 128, 129, 134, 135, 137, 138, 142, 143, 144, 145, 147], "summary": {"covered_lines": 69, "num_statements": 89, "percent_covered": 77.52808988764045, "percent_covered_display": "78", "missing_lines": 20, "excluded_lines": 0, "percent_statements_covered": 77.52808988764045, "percent_statements_covered_display": "78"}, "missing_lines": [45, 46, 47, 70, 71, 73, 77, 82, 83, 89, 99, 100, 114, 115, 116, 117, 118, 119, 139, 140], "excluded_lines": [], "functions": {"HealthState.mark_ready": {"executed_lines": [30, 31, 32], "summary": {"covered_lines": 3, "num_statements": 3, "percent_covered": 100.0, "percent_covered_display": "100", "missing_lines": 0, "excluded_lines": 0, "percent_statements_covered": 100.0, "percent_statements_covered_display": "100"}, "missing_lines": [], "excluded_lines": [], "start_line": 29}, "HealthState.mark_sample_ok": {"executed_lines": [35, 36, 37], "summary": {"covered_lines": 3, "num_statements": 3, "percent_covered": 100.0, "percent_covered_display": "100", "missing_lines": 0, "excluded_lines": 0, "percent_statements_covered": 100.0, "percent_statements_covered_display": "100"}, "missing_lines": [], "excluded_lines": [], "start_line": 34}, "HealthState.mark_idle": {"executed_lines": [40, 41, 42], "summary": {"covered_lines": 3, "num_statements": 3, "percent_covered": 100.0, "percent_covered_display": "100", "missing_lines": 0, "excluded_lines": 0, "percent_statements_covered": 100.0, "percent_statements_covered_display": "100"}, "missing_lines": [], "excluded_lines": [], "start_line": 39}, "HealthState.mark_error": {"executed_lines": [], "summary": {"covered_lines": 0, "num_statements": 3, "percent_covered": 0.0, "percent_covered_display": "0", "missing_lines": 3, "excluded_lines": 0, "percent_statements_covered": 0.0, "percent_statements_covered_display": "0"}, "missing_lines": [45, 46, 47], "excluded_lines": [], "start_line": 44}, "HealthState.snapshot": {"executed_lines": [50, 51, 52, 53, 55], "summary": {"covered_lines": 5, "num_statements": 5, "percent_covered": 100.0, "percent_covered_display": "100", "missing_lines": 0, "excluded_lines": 0, "percent_statements_covered": 100.0, "percent_statements_covered_display": "100"}, "missing_lines": [], "excluded_lines": [], "start_line": 49}, "start_healthcheck_server": {"executed_lines": [], "summary": {"covered_lines": 0, "num_statements": 7, "percent_covered": 0.0, "percent_covered_display": "0", "missing_lines": 7, "excluded_lines": 0, "percent_statements_covered": 0.0, "percent_statements_covered_display": "0"}, "missing_lines": [70, 71, 73, 77, 82, 83, 89], "excluded_lines": [], "start_line": 69}, "_build_handler": {"executed_lines": [93, 94, 96, 97, 113, 121, 124], "summary": {"covered_lines": 7, "num_statements": 7, "percent_covered": 100.0, "percent_covered_display": "100", "missing_lines": 0, "excluded_lines": 0, "percent_statements_covered": 100.0, "percent_statements_covered_display": "100"}, "missing_lines": [], "excluded_lines": [], "start_line": 92}, "_build_handler.HealthHandler.do_GET": {"executed_lines": [98, 102, 107, 108, 109, 110, 111], "summary": {"covered_lines": 7, "num_statements": 9, "percent_covered": 77.77777777777777, "percent_covered_display": "78", "missing_lines": 2, "excluded_lines": 0, "percent_statements_covered": 77.77777777777777, "percent_statements_covered_display": "78"}, "missing_lines": [99, 100], "excluded_lines": [], "start_line": 97}, "_build_handler.HealthHandler.do_HEAD": {"executed_lines": [], "summary": {"covered_lines": 0, "num_statements": 6, "percent_covered": 0.0, "percent_covered_display": "0", "missing_lines": 6, "excluded_lines": 0, "percent_statements_covered": 0.0, "percent_statements_covered_display": "0"}, "missing_lines": [114, 115, 116, 117, 118, 119], "excluded_lines": [], "start_line": 113}, "_build_handler.HealthHandler.log_message": {"executed_lines": [122], "summary": {"covered_lines": 1, "num_statements": 1, "percent_covered": 100.0, "percent_covered_display": "100", "missing_lines": 0, "excluded_lines": 0, "percent_statements_covered": 100.0, "percent_statements_covered_display": "100"}, "missing_lines": [], "excluded_lines": [], "start_line": 121}, "_storage_status": {"executed_lines": [128, 129, 134, 135, 137, 138, 142, 143, 144, 145, 147], "summary": {"covered_lines": 11, "num_statements": 13, "percent_covered": 84.61538461538461, "percent_covered_display": "85", "missing_lines": 2, "excluded_lines": 0, "percent_statements_covered": 84.61538461538461, "percent_statements_covered_display": "85"}, "missing_lines": [139, 140], "excluded_lines": [], "start_line": 127}, "": {"executed_lines": [1, 3, 4, 5, 6, 7, 8, 9, 10, 11, 13, 15, 17, 20, 21, 22, 23, 24, 25, 26, 27, 29, 34, 39, 44, 49, 69, 92, 127], "summary": {"covered_lines": 29, "num_statements": 29, "percent_covered": 100.0, "percent_covered_display": "100", "missing_lines": 0, "excluded_lines": 0, "percent_statements_covered": 100.0, "percent_statements_covered_display": "100"}, "missing_lines": [], "excluded_lines": [], "start_line": 1}}, "classes": {"HealthState": {"executed_lines": [30, 31, 32, 35, 36, 37, 40, 41, 42, 50, 51, 52, 53, 55], "summary": {"covered_lines": 14, "num_statements": 17, "percent_covered": 82.3529411764706, "percent_covered_display": "82", "missing_lines": 3, "excluded_lines": 0, "percent_statements_covered": 82.3529411764706, "percent_statements_covered_display": "82"}, "missing_lines": [45, 46, 47], "excluded_lines": [], "start_line": 21}, "_build_handler.HealthHandler": {"executed_lines": [98, 102, 107, 108, 109, 110, 111, 122], "summary": {"covered_lines": 8, "num_statements": 16, "percent_covered": 50.0, "percent_covered_display": "50", "missing_lines": 8, "excluded_lines": 0, "percent_statements_covered": 50.0, "percent_statements_covered_display": "50"}, "missing_lines": [99, 100, 114, 115, 116, 117, 118, 119], "excluded_lines": [], "start_line": 96}, "": {"executed_lines": [1, 3, 4, 5, 6, 7, 8, 9, 10, 11, 13, 15, 17, 20, 21, 22, 23, 24, 25, 26, 27, 29, 34, 39, 44, 49, 69, 92, 93, 94, 96, 97, 113, 121, 124, 127, 128, 129, 134, 135, 137, 138, 142, 143, 144, 145, 147], "summary": {"covered_lines": 47, "num_statements": 56, "percent_covered": 83.92857142857143, "percent_covered_display": "84", "missing_lines": 9, "excluded_lines": 0, "percent_statements_covered": 83.92857142857143, "percent_statements_covered_display": "84"}, "missing_lines": [70, 71, 73, 77, 82, 83, 89, 139, 140], "excluded_lines": [], "start_line": 1}}}, "src/futures_signal/market_calendar.py": {"executed_lines": [1, 3, 4, 5, 6, 7, 8, 9, 12, 13, 14, 15, 16, 19, 20, 23, 27, 28, 31, 32, 33, 34, 35, 38, 39, 40, 41, 44, 45, 52, 53, 54, 55, 56, 57, 58, 60, 61, 62, 63, 64, 66, 70, 71, 72, 73, 74, 75, 76, 78, 79, 80, 81, 82, 83, 84, 86, 99, 100, 101, 102, 103, 105, 106, 107, 112, 113, 114, 115, 116, 117, 118, 128, 129, 130, 139, 140, 141, 147, 148, 149, 150, 151, 152, 153, 154, 157, 158, 160, 161, 162, 163, 165, 166, 167, 176], "summary": {"covered_lines": 96, "num_statements": 153, "percent_covered": 62.745098039215684, "percent_covered_display": "63", "missing_lines": 57, "excluded_lines": 0, "percent_statements_covered": 62.745098039215684, "percent_statements_covered_display": "63"}, "missing_lines": [24, 67, 68, 87, 88, 89, 90, 91, 92, 93, 94, 95, 96, 97, 108, 109, 110, 119, 120, 121, 122, 123, 124, 125, 126, 131, 133, 134, 135, 136, 137, 142, 143, 144, 145, 159, 164, 168, 169, 170, 171, 172, 173, 177, 178, 179, 180, 181, 182, 183, 184, 185, 186, 187, 188, 189, 190], "excluded_lines": [], "functions": {"is_weekday_market_day": {"executed_lines": [20], "summary": {"covered_lines": 1, "num_statements": 1, "percent_covered": 100.0, "percent_covered_display": "100", "missing_lines": 0, "excluded_lines": 0, "percent_statements_covered": 100.0, "percent_statements_covered_display": "100"}, "missing_lines": [], "excluded_lines": [], "start_line": 19}, "is_intraday_session": {"executed_lines": [], "summary": {"covered_lines": 0, "num_statements": 1, "percent_covered": 0.0, "percent_covered_display": "0", "missing_lines": 1, "excluded_lines": 0, "percent_statements_covered": 0.0, "percent_statements_covered_display": "0"}, "missing_lines": [24], "excluded_lines": [], "start_line": 23}, "is_tail_session": {"executed_lines": [28], "summary": {"covered_lines": 1, "num_statements": 1, "percent_covered": 100.0, "percent_covered_display": "100", "missing_lines": 0, "excluded_lines": 0, "percent_statements_covered": 100.0, "percent_statements_covered_display": "100"}, "missing_lines": [], "excluded_lines": [], "start_line": 27}, "third_friday": {"executed_lines": [32, 33, 34, 35], "summary": {"covered_lines": 4, "num_statements": 4, "percent_covered": 100.0, "percent_covered_display": "100", "missing_lines": 0, "excluded_lines": 0, "percent_statements_covered": 100.0, "percent_statements_covered_display": "100"}, "missing_lines": [], "excluded_lines": [], "start_line": 31}, "is_roll_window": {"executed_lines": [39, 40, 41], "summary": {"covered_lines": 3, "num_statements": 3, "percent_covered": 100.0, "percent_covered_display": "100", "missing_lines": 0, "excluded_lines": 0, "percent_statements_covered": 100.0, "percent_statements_covered_display": "100"}, "missing_lines": [], "excluded_lines": [], "start_line": 38}, "TradingCalendar.__init__": {"executed_lines": [52, 53, 54, 55, 56, 57, 58], "summary": {"covered_lines": 7, "num_statements": 7, "percent_covered": 100.0, "percent_covered_display": "100", "missing_lines": 0, "excluded_lines": 0, "percent_statements_covered": 100.0, "percent_statements_covered_display": "100"}, "missing_lines": [], "excluded_lines": [], "start_line": 45}, "TradingCalendar.is_trading_day": {"executed_lines": [61, 62, 63, 64], "summary": {"covered_lines": 4, "num_statements": 4, "percent_covered": 100.0, "percent_covered_display": "100", "missing_lines": 0, "excluded_lines": 0, "percent_statements_covered": 100.0, "percent_statements_covered_display": "100"}, "missing_lines": [], "excluded_lines": [], "start_line": 60}, "TradingCalendar.is_market_open": {"executed_lines": [], "summary": {"covered_lines": 0, "num_statements": 2, "percent_covered": 0.0, "percent_covered_display": "0", "missing_lines": 2, "excluded_lines": 0, "percent_statements_covered": 0.0, "percent_statements_covered_display": "0"}, "missing_lines": [67, 68], "excluded_lines": [], "start_line": 66}, "TradingCalendar.next_trading_day": {"executed_lines": [71, 72, 73, 74, 75, 76], "summary": {"covered_lines": 6, "num_statements": 6, "percent_covered": 100.0, "percent_covered_display": "100", "missing_lines": 0, "excluded_lines": 0, "percent_statements_covered": 100.0, "percent_statements_covered_display": "100"}, "missing_lines": [], "excluded_lines": [], "start_line": 70}, "TradingCalendar.previous_trading_day": {"executed_lines": [79, 80, 81, 82, 83, 84], "summary": {"covered_lines": 6, "num_statements": 6, "percent_covered": 100.0, "percent_covered_display": "100", "missing_lines": 0, "excluded_lines": 0, "percent_statements_covered": 100.0, "percent_statements_covered_display": "100"}, "missing_lines": [], "excluded_lines": [], "start_line": 78}, "TradingCalendar.seconds_until_next_session": {"executed_lines": [], "summary": {"covered_lines": 0, "num_statements": 11, "percent_covered": 0.0, "percent_covered_display": "0", "missing_lines": 11, "excluded_lines": 0, "percent_statements_covered": 0.0, "percent_statements_covered_display": "0"}, "missing_lines": [87, 88, 89, 90, 91, 92, 93, 94, 95, 96, 97], "excluded_lines": [], "start_line": 86}, "TradingCalendar._trade_dates": {"executed_lines": [100, 101, 102, 103, 105, 106, 107, 112, 113, 114, 115, 116, 117, 118], "summary": {"covered_lines": 14, "num_statements": 25, "percent_covered": 56.0, "percent_covered_display": "56", "missing_lines": 11, "excluded_lines": 0, "percent_statements_covered": 56.0, "percent_statements_covered_display": "56"}, "missing_lines": [108, 109, 110, 119, 120, 121, 122, 123, 124, 125, 126], "excluded_lines": [], "start_line": 99}, "TradingCalendar._fetch_dates": {"executed_lines": [129, 130], "summary": {"covered_lines": 2, "num_statements": 8, "percent_covered": 25.0, "percent_covered_display": "25", "missing_lines": 6, "excluded_lines": 0, "percent_statements_covered": 25.0, "percent_statements_covered_display": "25"}, "missing_lines": [131, 133, 134, 135, 136, 137], "excluded_lines": [], "start_line": 128}, "TradingCalendar._read_cache": {"executed_lines": [140, 141], "summary": {"covered_lines": 2, "num_statements": 6, "percent_covered": 33.333333333333336, "percent_covered_display": "33", "missing_lines": 4, "excluded_lines": 0, "percent_statements_covered": 33.333333333333336, "percent_statements_covered_display": "33"}, "missing_lines": [142, 143, 144, 145], "excluded_lines": [], "start_line": 139}, "TradingCalendar._write_cache": {"executed_lines": [148, 149, 150, 151, 152, 153, 154], "summary": {"covered_lines": 7, "num_statements": 7, "percent_covered": 100.0, "percent_covered_display": "100", "missing_lines": 0, "excluded_lines": 0, "percent_statements_covered": 100.0, "percent_statements_covered_display": "100"}, "missing_lines": [], "excluded_lines": [], "start_line": 147}, "_parse_date": {"executed_lines": [158, 160, 161, 162, 163, 165, 166, 167], "summary": {"covered_lines": 8, "num_statements": 16, "percent_covered": 50.0, "percent_covered_display": "50", "missing_lines": 8, "excluded_lines": 0, "percent_statements_covered": 50.0, "percent_statements_covered_display": "50"}, "missing_lines": [159, 164, 168, 169, 170, 171, 172, 173], "excluded_lines": [], "start_line": 157}, "seconds_until_next_session": {"executed_lines": [], "summary": {"covered_lines": 0, "num_statements": 14, "percent_covered": 0.0, "percent_covered_display": "0", "missing_lines": 14, "excluded_lines": 0, "percent_statements_covered": 0.0, "percent_statements_covered_display": "0"}, "missing_lines": [177, 178, 179, 180, 181, 182, 183, 184, 185, 186, 187, 188, 189, 190], "excluded_lines": [], "start_line": 176}, "": {"executed_lines": [1, 3, 4, 5, 6, 7, 8, 9, 12, 13, 14, 15, 16, 19, 23, 27, 31, 38, 44, 45, 60, 66, 70, 78, 86, 99, 128, 139, 147, 157, 176], "summary": {"covered_lines": 31, "num_statements": 31, "percent_covered": 100.0, "percent_covered_display": "100", "missing_lines": 0, "excluded_lines": 0, "percent_statements_covered": 100.0, "percent_statements_covered_display": "100"}, "missing_lines": [], "excluded_lines": [], "start_line": 1}}, "classes": {"TradingCalendar": {"executed_lines": [52, 53, 54, 55, 56, 57, 58, 61, 62, 63, 64, 71, 72, 73, 74, 75, 76, 79, 80, 81, 82, 83, 84, 100, 101, 102, 103, 105, 106, 107, 112, 113, 114, 115, 116, 117, 118, 129, 130, 140, 141, 148, 149, 150, 151, 152, 153, 154], "summary": {"covered_lines": 48, "num_statements": 82, "percent_covered": 58.53658536585366, "percent_covered_display": "59", "missing_lines": 34, "excluded_lines": 0, "percent_statements_covered": 58.53658536585366, "percent_statements_covered_display": "59"}, "missing_lines": [67, 68, 87, 88, 89, 90, 91, 92, 93, 94, 95, 96, 97, 108, 109, 110, 119, 120, 121, 122, 123, 124, 125, 126, 131, 133, 134, 135, 136, 137, 142, 143, 144, 145], "excluded_lines": [], "start_line": 44}, "": {"executed_lines": [1, 3, 4, 5, 6, 7, 8, 9, 12, 13, 14, 15, 16, 19, 20, 23, 27, 28, 31, 32, 33, 34, 35, 38, 39, 40, 41, 44, 45, 60, 66, 70, 78, 86, 99, 128, 139, 147, 157, 158, 160, 161, 162, 163, 165, 166, 167, 176], "summary": {"covered_lines": 48, "num_statements": 71, "percent_covered": 67.6056338028169, "percent_covered_display": "68", "missing_lines": 23, "excluded_lines": 0, "percent_statements_covered": 67.6056338028169, "percent_statements_covered_display": "68"}, "missing_lines": [24, 159, 164, 168, 169, 170, 171, 172, 173, 177, 178, 179, 180, 181, 182, 183, 184, 185, 186, 187, 188, 189, 190], "excluded_lines": [], "start_line": 1}}}, "src/futures_signal/metrics.py": {"executed_lines": [1, 3, 4, 5, 6, 9, 10, 12, 14, 18, 19, 24, 25, 28, 30, 33, 34, 36, 39, 40, 41, 42, 43, 47, 48, 49, 50, 51, 52, 53, 57, 58, 59, 60, 61, 62, 65, 66, 67, 68, 69, 70, 71, 72, 74, 77, 78, 81, 82, 85, 86, 87, 88, 89, 90, 91, 92, 93, 94, 95, 99, 100, 101, 102, 103, 104, 105, 106, 107, 108, 111, 112, 113, 115, 116, 119, 120, 121, 123, 124, 126, 128], "summary": {"covered_lines": 82, "num_statements": 98, "percent_covered": 83.6734693877551, "percent_covered_display": "84", "missing_lines": 16, "excluded_lines": 0, "percent_statements_covered": 83.6734693877551, "percent_statements_covered_display": "84"}, "missing_lines": [11, 13, 15, 16, 17, 20, 21, 35, 44, 54, 73, 96, 114, 122, 125, 127], "excluded_lines": [], "functions": {"to_float": {"executed_lines": [10, 12, 14, 18, 19], "summary": {"covered_lines": 5, "num_statements": 12, "percent_covered": 41.666666666666664, "percent_covered_display": "42", "missing_lines": 7, "excluded_lines": 0, "percent_statements_covered": 41.666666666666664, "percent_statements_covered_display": "42"}, "missing_lines": [11, 13, 15, 16, 17, 20, 21], "excluded_lines": [], "start_line": 9}, "to_int": {"executed_lines": [25], "summary": {"covered_lines": 1, "num_statements": 1, "percent_covered": 100.0, "percent_covered_display": "100", "missing_lines": 0, "excluded_lines": 0, "percent_statements_covered": 100.0, "percent_statements_covered_display": "100"}, "missing_lines": [], "excluded_lines": [], "start_line": 24}, "basis": {"executed_lines": [30], "summary": {"covered_lines": 1, "num_statements": 1, "percent_covered": 100.0, "percent_covered_display": "100", "missing_lines": 0, "excluded_lines": 0, "percent_statements_covered": 100.0, "percent_statements_covered_display": "100"}, "missing_lines": [], "excluded_lines": [], "start_line": 28}, "basis_bp": {"executed_lines": [34, 36], "summary": {"covered_lines": 2, "num_statements": 3, "percent_covered": 66.66666666666667, "percent_covered_display": "67", "missing_lines": 1, "excluded_lines": 0, "percent_statements_covered": 66.66666666666667, "percent_statements_covered_display": "67"}, "missing_lines": [35], "excluded_lines": [], "start_line": 33}, "basis_state": {"executed_lines": [40, 41, 42, 43], "summary": {"covered_lines": 4, "num_statements": 5, "percent_covered": 80.0, "percent_covered_display": "80", "missing_lines": 1, "excluded_lines": 0, "percent_statements_covered": 80.0, "percent_statements_covered_display": "80"}, "missing_lines": [44], "excluded_lines": [], "start_line": 39}, "basis_change_label": {"executed_lines": [48, 49, 50, 51, 52, 53], "summary": {"covered_lines": 6, "num_statements": 7, "percent_covered": 85.71428571428571, "percent_covered_display": "86", "missing_lines": 1, "excluded_lines": 0, "percent_statements_covered": 85.71428571428571, "percent_statements_covered_display": "86"}, "missing_lines": [54], "excluded_lines": [], "start_line": 47}, "percentile_rank": {"executed_lines": [58, 59, 60, 61, 62], "summary": {"covered_lines": 5, "num_statements": 5, "percent_covered": 100.0, "percent_covered_display": "100", "missing_lines": 0, "excluded_lines": 0, "percent_statements_covered": 100.0, "percent_statements_covered_display": "100"}, "missing_lines": [], "excluded_lines": [], "start_line": 57}, "zscore": {"executed_lines": [66, 67, 68, 69, 70, 71, 72, 74], "summary": {"covered_lines": 8, "num_statements": 9, "percent_covered": 88.88888888888889, "percent_covered_display": "89", "missing_lines": 1, "excluded_lines": 0, "percent_statements_covered": 88.88888888888889, "percent_statements_covered_display": "89"}, "missing_lines": [73], "excluded_lines": [], "start_line": 65}, "is_dividend_season": {"executed_lines": [78], "summary": {"covered_lines": 1, "num_statements": 1, "percent_covered": 100.0, "percent_covered_display": "100", "missing_lines": 0, "excluded_lines": 0, "percent_statements_covered": 100.0, "percent_statements_covered_display": "100"}, "missing_lines": [], "excluded_lines": [], "start_line": 77}, "clamp": {"executed_lines": [82], "summary": {"covered_lines": 1, "num_statements": 1, "percent_covered": 100.0, "percent_covered_display": "100", "missing_lines": 0, "excluded_lines": 0, "percent_statements_covered": 100.0, "percent_statements_covered_display": "100"}, "missing_lines": [], "excluded_lines": [], "start_line": 81}, "classify_price_oi": {"executed_lines": [86, 87, 88, 89, 90, 91, 92, 93, 94, 95], "summary": {"covered_lines": 10, "num_statements": 11, "percent_covered": 90.9090909090909, "percent_covered_display": "91", "missing_lines": 1, "excluded_lines": 0, "percent_statements_covered": 90.9090909090909, "percent_statements_covered_display": "91"}, "missing_lines": [96], "excluded_lines": [], "start_line": 85}, "score_band": {"executed_lines": [100, 101, 102, 103, 104, 105, 106, 107, 108], "summary": {"covered_lines": 9, "num_statements": 9, "percent_covered": 100.0, "percent_covered_display": "100", "missing_lines": 0, "excluded_lines": 0, "percent_statements_covered": 100.0, "percent_statements_covered_display": "100"}, "missing_lines": [], "excluded_lines": [], "start_line": 99}, "normalize_index_code": {"executed_lines": [112, 113, 115, 116], "summary": {"covered_lines": 4, "num_statements": 5, "percent_covered": 80.0, "percent_covered_display": "80", "missing_lines": 1, "excluded_lines": 0, "percent_statements_covered": 80.0, "percent_statements_covered_display": "80"}, "missing_lines": [114], "excluded_lines": [], "start_line": 111}, "contract_sort_key": {"executed_lines": [120, 121, 123, 124, 126, 128], "summary": {"covered_lines": 6, "num_statements": 9, "percent_covered": 66.66666666666667, "percent_covered_display": "67", "missing_lines": 3, "excluded_lines": 0, "percent_statements_covered": 66.66666666666667, "percent_statements_covered_display": "67"}, "missing_lines": [122, 125, 127], "excluded_lines": [], "start_line": 119}, "": {"executed_lines": [1, 3, 4, 5, 6, 9, 24, 28, 33, 39, 47, 57, 65, 77, 81, 85, 99, 111, 119], "summary": {"covered_lines": 19, "num_statements": 19, "percent_covered": 100.0, "percent_covered_display": "100", "missing_lines": 0, "excluded_lines": 0, "percent_statements_covered": 100.0, "percent_statements_covered_display": "100"}, "missing_lines": [], "excluded_lines": [], "start_line": 1}}, "classes": {"": {"executed_lines": [1, 3, 4, 5, 6, 9, 10, 12, 14, 18, 19, 24, 25, 28, 30, 33, 34, 36, 39, 40, 41, 42, 43, 47, 48, 49, 50, 51, 52, 53, 57, 58, 59, 60, 61, 62, 65, 66, 67, 68, 69, 70, 71, 72, 74, 77, 78, 81, 82, 85, 86, 87, 88, 89, 90, 91, 92, 93, 94, 95, 99, 100, 101, 102, 103, 104, 105, 106, 107, 108, 111, 112, 113, 115, 116, 119, 120, 121, 123, 124, 126, 128], "summary": {"covered_lines": 82, "num_statements": 98, "percent_covered": 83.6734693877551, "percent_covered_display": "84", "missing_lines": 16, "excluded_lines": 0, "percent_statements_covered": 83.6734693877551, "percent_statements_covered_display": "84"}, "missing_lines": [11, 13, 15, 16, 17, 20, 21, 35, 44, 54, 73, 96, 114, 122, 125, 127], "excluded_lines": [], "start_line": 1}}}, "src/futures_signal/models.py": {"executed_lines": [1, 3, 4, 5, 8, 9, 10, 11, 12, 13, 14, 17, 24, 25, 28, 29, 30, 31, 32, 33, 34, 35, 36, 37, 38, 41, 42, 43, 44, 45, 46, 47, 48, 49, 50, 51, 54, 55, 56, 57, 58, 59, 60, 61, 62, 63, 66, 67, 68, 69, 70, 71, 72, 73, 74, 77, 78, 79, 80, 81, 82, 85, 86, 87, 88, 89, 90, 91, 92, 93, 94, 95, 96, 99, 100, 101, 102, 103, 104, 105, 106, 107, 108, 111, 112, 113, 114, 115, 118, 119, 120, 121, 122, 123, 124, 125, 126, 127, 128, 129, 130, 131, 132, 133, 134, 135, 136, 137, 138, 139, 140, 141, 142, 143, 144, 145, 146, 147, 148, 149, 150, 151, 152, 153, 154, 155, 156, 157, 158, 159, 162, 163, 164, 165, 166, 167, 168, 169, 170, 171, 172, 173, 174, 175, 176, 177, 178], "summary": {"covered_lines": 147, "num_statements": 147, "percent_covered": 100.0, "percent_covered_display": "100", "missing_lines": 0, "excluded_lines": 0, "percent_statements_covered": 100.0, "percent_statements_covered_display": "100"}, "missing_lines": [], "excluded_lines": [], "functions": {"": {"executed_lines": [1, 3, 4, 5, 8, 9, 10, 11, 12, 13, 14, 17, 24, 25, 28, 29, 30, 31, 32, 33, 34, 35, 36, 37, 38, 41, 42, 43, 44, 45, 46, 47, 48, 49, 50, 51, 54, 55, 56, 57, 58, 59, 60, 61, 62, 63, 66, 67, 68, 69, 70, 71, 72, 73, 74, 77, 78, 79, 80, 81, 82, 85, 86, 87, 88, 89, 90, 91, 92, 93, 94, 95, 96, 99, 100, 101, 102, 103, 104, 105, 106, 107, 108, 111, 112, 113, 114, 115, 118, 119, 120, 121, 122, 123, 124, 125, 126, 127, 128, 129, 130, 131, 132, 133, 134, 135, 136, 137, 138, 139, 140, 141, 142, 143, 144, 145, 146, 147, 148, 149, 150, 151, 152, 153, 154, 155, 156, 157, 158, 159, 162, 163, 164, 165, 166, 167, 168, 169, 170, 171, 172, 173, 174, 175, 176, 177, 178], "summary": {"covered_lines": 147, "num_statements": 147, "percent_covered": 100.0, "percent_covered_display": "100", "missing_lines": 0, "excluded_lines": 0, "percent_statements_covered": 100.0, "percent_statements_covered_display": "100"}, "missing_lines": [], "excluded_lines": [], "start_line": 1}}, "classes": {"ProductConfig": {"executed_lines": [], "summary": {"covered_lines": 0, "num_statements": 0, "percent_covered": 100.0, "percent_covered_display": "100", "missing_lines": 0, "excluded_lines": 0, "percent_statements_covered": 100.0, "percent_statements_covered_display": "100"}, "missing_lines": [], "excluded_lines": [], "start_line": 9}, "FutureQuote": {"executed_lines": [], "summary": {"covered_lines": 0, "num_statements": 0, "percent_covered": 100.0, "percent_covered_display": "100", "missing_lines": 0, "excluded_lines": 0, "percent_statements_covered": 100.0, "percent_statements_covered_display": "100"}, "missing_lines": [], "excluded_lines": [], "start_line": 29}, "SpotQuote": {"executed_lines": [], "summary": {"covered_lines": 0, "num_statements": 0, "percent_covered": 100.0, "percent_covered_display": "100", "missing_lines": 0, "excluded_lines": 0, "percent_statements_covered": 100.0, "percent_statements_covered_display": "100"}, "missing_lines": [], "excluded_lines": [], "start_line": 42}, "TermQuote": {"executed_lines": [], "summary": {"covered_lines": 0, "num_statements": 0, "percent_covered": 100.0, "percent_covered_display": "100", "missing_lines": 0, "excluded_lines": 0, "percent_statements_covered": 100.0, "percent_statements_covered_display": "100"}, "missing_lines": [], "excluded_lines": [], "start_line": 55}, "PositionRankSignal": {"executed_lines": [], "summary": {"covered_lines": 0, "num_statements": 0, "percent_covered": 100.0, "percent_covered_display": "100", "missing_lines": 0, "excluded_lines": 0, "percent_statements_covered": 100.0, "percent_statements_covered_display": "100"}, "missing_lines": [], "excluded_lines": [], "start_line": 67}, "PositionTrendSignal": {"executed_lines": [], "summary": {"
[...]
et_success_and_error.FakeHealthState": {"executed_lines": [399, 402, 405, 408], "summary": {"covered_lines": 4, "num_statements": 5, "percent_covered": 80.0, "percent_covered_display": "80", "missing_lines": 1, "excluded_lines": 0, "percent_statements_covered": 80.0, "percent_statements_covered_display": "80"}, "missing_lines": [411], "excluded_lines": [], "start_line": 397}, "test_run_forever_uses_calendar_for_storage_and_sleep.FakeCalendar": {"executed_lines": [454, 457, 460], "summary": {"covered_lines": 3, "num_statements": 3, "percent_covered": 100.0, "percent_covered_display": "100", "missing_lines": 0, "excluded_lines": 0, "percent_statements_covered": 100.0, "percent_statements_covered_display": "100"}, "missing_lines": [], "excluded_lines": [], "start_line": 449}, "test_run_forever_uses_calendar_for_storage_and_sleep.FakeStorage": {"executed_lines": [464, 465, 466, 469], "summary": {"covered_lines": 4, "num_statements": 4, "percent_covered": 100.0, "percent_covered_display": "100", "missing_lines": 0, "excluded_lines": 0, "percent_statements_covered": 100.0, "percent_statements_covered_display": "100"}, "missing_lines": [], "excluded_lines": [], "start_line": 462}, "test_run_forever_uses_calendar_for_storage_and_sleep.FakeDateTime": {"executed_lines": [474], "summary": {"covered_lines": 1, "num_statements": 1, "percent_covered": 100.0, "percent_covered_display": "100", "missing_lines": 0, "excluded_lines": 0, "percent_statements_covered": 100.0, "percent_statements_covered_display": "100"}, "missing_lines": [], "excluded_lines": [], "start_line": 471}, "": {"executed_lines": [1, 2, 3, 4, 6, 8, 9, 10, 11, 12, 13, 14, 17, 18, 22, 50, 51, 80, 81, 82, 83, 85, 87, 88, 89, 92, 93, 94, 95, 96, 97, 99, 100, 102, 103, 106, 107, 108, 109, 110, 111, 113, 115, 118, 119, 120, 121, 122, 124, 125, 129, 133, 137, 141, 145, 146, 148, 160, 161, 162, 163, 164, 165, 166, 169, 170, 172, 177, 184, 185, 187, 189, 190, 193, 194, 195, 198, 210, 215, 218, 219, 221, 224, 225, 226, 228, 229, 232, 234, 235, 236, 237, 240, 241, 243, 244, 247, 250, 256, 259, 260, 261, 262, 264, 265, 268, 271, 272, 275, 278, 280, 290, 291, 292, 293, 294, 297, 298, 303, 309, 310, 313, 317, 318, 320, 321, 322, 323, 324, 325, 326, 327, 328, 331, 332, 337, 338, 341, 343, 346, 347, 348, 350, 351, 354, 355, 357, 358, 361, 362, 364, 365, 367, 368, 371, 372, 373, 374, 375, 376, 378, 379, 380, 382, 385, 386, 389, 392, 393, 394, 397, 398, 401, 404, 407, 410, 413, 414, 415, 416, 417, 418, 419, 420, 421, 423, 424, 425, 426, 427, 429, 430, 431, 433, 434, 436, 437, 439, 440, 443, 444, 445, 446, 447, 449, 450, 451, 453, 456, 459, 462, 463, 468, 471, 472, 473, 476, 477, 478, 479, 480, 481, 482, 494, 496, 497, 499, 501, 502, 504, 505, 506, 507, 510, 511, 542, 551], "summary": {"covered_lines": 237, "num_statements": 237, "percent_covered": 100.0, "percent_covered_display": "100", "missing_lines": 0, "excluded_lines": 0, "percent_statements_covered": 100.0, "percent_statements_covered_display": "100"}, "missing_lines": [], "excluded_lines": [], "start_line": 1}}}, "tests/test_storage.py": {"executed_lines": [1, 2, 3, 4, 6, 7, 8, 11, 14, 15, 16, 17, 18, 20, 22, 23, 24, 27, 28, 29, 30, 50, 52, 53, 54, 56, 57, 60, 61, 62, 63, 64, 66, 68, 69, 70, 73, 74, 79, 80, 82, 83, 96, 107, 109, 110, 111, 117, 118, 121, 122, 123, 125, 126, 127, 130, 132, 133, 136, 137, 138, 139, 141, 142, 145, 146, 147, 148, 150, 152, 153, 154, 157, 159, 160, 161, 162, 165, 166, 171, 173, 174, 175, 176, 177, 178, 181, 182, 183, 184, 186, 187, 194, 202, 205, 206, 207, 208, 210, 211, 212, 213, 214, 215, 218, 219, 220, 232, 233, 264], "summary": {"covered_lines": 110, "num_statements": 111, "percent_covered": 99.09909909909909, "percent_covered_display": "99", "missing_lines": 1, "excluded_lines": 0, "percent_statements_covered": 99.09909909909909, "percent_statements_covered_display": "99"}, "missing_lines": [128], "excluded_lines": [], "functions": {"test_daily_reference_prefers_previous_tail_valid_session": {"executed_lines": [15, 16, 17, 18, 20, 22, 23, 24], "summary": {"covered_lines": 8, "num_statements": 8, "percent_covered": 100.0, "percent_covered_display": "100", "missing_lines": 0, "excluded_lines": 0, "percent_statements_covered": 100.0, "percent_statements_covered_display": "100"}, "missing_lines": [], "excluded_lines": [], "start_line": 14}, "test_init_migrates_existing_snapshot_table_before_valid_index": {"executed_lines": [28, 29, 30, 50, 52, 53, 54, 56, 57], "summary": {"covered_lines": 9, "num_statements": 9, "percent_covered": 100.0, "percent_covered_display": "100", "missing_lines": 0, "excluded_lines": 0, "percent_statements_covered": 100.0, "percent_statements_covered_display": "100"}, "missing_lines": [], "excluded_lines": [], "start_line": 27}, "test_daily_reference_falls_back_to_last_valid_day_session": {"executed_lines": [61, 62, 63, 64, 66, 68, 69, 70], "summary": {"covered_lines": 8, "num_statements": 8, "percent_covered": 100.0, "percent_covered_display": "100", "missing_lines": 0, "excluded_lines": 0, "percent_statements_covered": 100.0, "percent_statements_covered_display": "100"}, "missing_lines": [], "excluded_lines": [], "start_line": 60}, "test_label_due_predictions_uses_next_trading_day_calendar": {"executed_lines": [74, 79, 80, 82, 83, 96, 107, 109, 110, 111, 117, 118], "summary": {"covered_lines": 12, "num_statements": 12, "percent_covered": 100.0, "percent_covered_display": "100", "missing_lines": 0, "excluded_lines": 0, "percent_statements_covered": 100.0, "percent_statements_covered_display": "100"}, "missing_lines": [], "excluded_lines": [], "start_line": 73}, "test_connect_ignores_missing_file_during_chmod": {"executed_lines": [122, 123, 125, 130, 132, 133], "summary": {"covered_lines": 6, "num_statements": 6, "percent_covered": 100.0, "percent_covered_display": "100", "missing_lines": 0, "excluded_lines": 0, "percent_statements_covered": 100.0, "percent_statements_covered_display": "100"}, "missing_lines": [], "excluded_lines": [], "start_line": 121}, "test_connect_ignores_missing_file_during_chmod.fake_chmod": {"executed_lines": [126, 127], "summary": {"covered_lines": 2, "num_statements": 3, "percent_covered": 66.66666666666667, "percent_covered_display": "67", "missing_lines": 1, "excluded_lines": 0, "percent_statements_covered": 66.66666666666667, "percent_statements_covered_display": "67"}, "missing_lines": [128], "excluded_lines": [], "start_line": 125}, "test_reference_snapshot_and_latest_score_return_none_when_empty": {"executed_lines": [137, 138, 139, 141, 142], "summary": {"covered_lines": 5, "num_statements": 5, "percent_covered": 100.0, "percent_covered_display": "100", "missing_lines": 0, "excluded_lines": 0, "percent_statements_covered": 100.0, "percent_statements_covered_display": "100"}, "missing_lines": [], "excluded_lines": [], "start_line": 136}, "test_save_analysis_persists_contract_change_and_predictions": {"executed_lines": [146, 147, 148, 150, 152, 153, 154, 157, 159, 160, 161, 162], "summary": {"covered_lines": 12, "num_statements": 12, "percent_covered": 100.0, "percent_covered_display": "100", "missing_lines": 0, "excluded_lines": 0, "percent_statements_covered": 100.0, "percent_statements_covered_display": "100"}, "missing_lines": [], "excluded_lines": [], "start_line": 145}, "test_prediction_helpers_cover_tail_paths": {"executed_lines": [166, 171, 173, 174, 175, 176, 177, 178], "summary": {"covered_lines": 8, "num_statements": 8, "percent_covered": 100.0, "percent_covered_display": "100", "missing_lines": 0, "excluded_lines": 0, "percent_statements_covered": 100.0, "percent_statements_covered_display": "100"}, "missing_lines": [], "excluded_lines": [], "start_line": 165}, "test_label_due_predictions_skips_non_dict_signals_and_missing_prices": {"executed_lines": [182, 183, 184, 186, 187, 194, 202], "summary": {"covered_lines": 7, "num_statements": 7, "percent_covered": 100.0, "percent_covered_display": "100", "missing_lines": 0, "excluded_lines": 0, "percent_statements_covered": 100.0, "percent_statements_covered_display": "100"}, "missing_lines": [], "excluded_lines": [], "start_line": 181}, "test_future_return_bp_and_nearest_price_cover_empty_paths": {"executed_lines": [206, 207, 208, 210, 211, 212, 213, 214, 215], "summary": {"covered_lines": 9, "num_statements": 9, "percent_covered": 100.0, "percent_covered_display": "100", "missing_lines": 0, "excluded_lines": 0, "percent_statements_covered": 100.0, "percent_statements_covered_display": "100"}, "missing_lines": [], "excluded_lines": [], "start_line": 205}, "_insert_snapshot": {"executed_lines": [219, 220], "summary": {"covered_lines": 2, "num_statements": 2, "percent_covered": 100.0, "percent_covered_display": "100", "missing_lines": 0, "excluded_lines": 0, "percent_statements_covered": 100.0, "percent_statements_covered_display": "100"}, "missing_lines": [], "excluded_lines": [], "start_line": 218}, "_analysis": {"executed_lines": [233, 264], "summary": {"covered_lines": 2, "num_statements": 2, "percent_covered": 100.0, "percent_covered_display": "100", "missing_lines": 0, "excluded_lines": 0, "percent_statements_covered": 100.0, "percent_statements_covered_display": "100"}, "missing_lines": [], "excluded_lines": [], "start_line": 232}, "": {"executed_lines": [1, 2, 3, 4, 6, 7, 8, 11, 14, 27, 60, 73, 121, 136, 145, 165, 181, 205, 218, 232], "summary": {"covered_lines": 20, "num_statements": 20, "percent_covered": 100.0, "percent_covered_display": "100", "missing_lines": 0, "excluded_lines": 0, "percent_statements_covered": 100.0, "percent_statements_covered_display": "100"}, "missing_lines": [], "excluded_lines": [], "start_line": 1}}, "classes": {"": {"executed_lines": [1, 2, 3, 4, 6, 7, 8, 11, 14, 15, 16, 17, 18, 20, 22, 23, 24, 27, 28, 29, 30, 50, 52, 53, 54, 56, 57, 60, 61, 62, 63, 64, 66, 68, 69, 70, 73, 74, 79, 80, 82, 83, 96, 107, 109, 110, 111, 117, 118, 121, 122, 123, 125, 126, 127, 130, 132, 133, 136, 137, 138, 139, 141, 142, 145, 146, 147, 148, 150, 152, 153, 154, 157, 159, 160, 161, 162, 165, 166, 171, 173, 174, 175, 176, 177, 178, 181, 182, 183, 184, 186, 187, 194, 202, 205, 206, 207, 208, 210, 211, 212, 213, 214, 215, 218, 219, 220, 232, 233, 264], "summary": {"covered_lines": 110, "num_statements": 111, "percent_covered": 99.09909909909909, "percent_covered_display": "99", "missing_lines": 1, "excluded_lines": 0, "percent_statements_covered": 99.09909909909909, "percent_statements_covered_display": "99"}, "missing_lines": [128], "excluded_lines": [], "start_line": 1}}}, "tests/test_validation.py": {"executed_lines": [1, 2, 4, 6, 7, 10, 13, 14, 15, 24, 25, 28, 29, 30, 31, 32, 39, 41, 42, 45, 53, 54, 55, 62, 63], "summary": {"covered_lines": 25, "num_statements": 25, "percent_covered": 100.0, "percent_covered_display": "100", "missing_lines": 0, "excluded_lines": 0, "percent_statements_covered": 100.0, "percent_statements_covered_display": "100"}, "missing_lines": [], "excluded_lines": [], "functions": {"test_quote_validator_rejects_stale_quotes": {"executed_lines": [14, 15, 24, 25], "summary": {"covered_lines": 4, "num_statements": 4, "percent_covered": 100.0, "percent_covered_display": "100", "missing_lines": 0, "excluded_lines": 0, "percent_statements_covered": 100.0, "percent_statements_covered_display": "100"}, "missing_lines": [], "excluded_lines": [], "start_line": 13}, "test_quote_validator_keeps_synchronized_quotes_and_uses_market_ts": {"executed_lines": [29, 30, 31, 32, 39, 41, 42], "summary": {"covered_lines": 7, "num_statements": 7, "percent_covered": 100.0, "percent_covered_display": "100", "missing_lines": 0, "excluded_lines": 0, "percent_statements_covered": 100.0, "percent_statements_covered_display": "100"}, "missing_lines": [], "excluded_lines": [], "start_line": 28}, "test_quote_validator_rejects_missing_tick_time": {"executed_lines": [54, 55, 62, 63], "summary": {"covered_lines": 4, "num_statements": 4, "percent_covered": 100.0, "percent_covered_display": "100", "missing_lines": 0, "excluded_lines": 0, "percent_statements_covered": 100.0, "percent_statements_covered_display": "100"}, "missing_lines": [], "excluded_lines": [], "start_line": 53}, "": {"executed_lines": [1, 2, 4, 6, 7, 10, 13, 28, 45, 53], "summary": {"covered_lines": 10, "num_statements": 10, "percent_covered": 100.0, "percent_covered_display": "100", "missing_lines": 0, "excluded_lines": 0, "percent_statements_covered": 100.0, "percent_statements_covered_display": "100"}, "missing_lines": [], "excluded_lines": [], "start_line": 1}}, "classes": {"": {"executed_lines": [1, 2, 4, 6, 7, 10, 13, 14, 15, 24, 25, 28, 29, 30, 31, 32, 39, 41, 42, 45, 53, 54, 55, 62, 63], "summary": {"covered_lines": 25, "num_statements": 25, "percent_covered": 100.0, "percent_covered_display": "100", "missing_lines": 0, "excluded_lines": 0, "percent_statements_covered": 100.0, "percent_statements_covered_display": "100"}, "missing_lines": [], "excluded_lines": [], "start_line": 1}}}, "tests/test_wecom.py": {"executed_lines": [1, 3, 6, 7, 8, 9, 11, 12, 15, 16, 18, 19, 20, 22, 24, 25, 27, 28, 29, 32, 33, 35, 36, 39, 40, 41, 42, 44, 47, 49, 51, 52, 55, 56, 57, 58, 60, 61, 63, 65, 67, 68, 71, 72, 73, 74, 76, 77, 79, 81, 83, 84], "summary": {"covered_lines": 52, "num_statements": 53, "percent_covered": 98.11320754716981, "percent_covered_display": "98", "missing_lines": 1, "excluded_lines": 0, "percent_statements_covered": 98.11320754716981, "percent_statements_covered_display": "98"}, "missing_lines": [45], "excluded_lines": [], "functions": {"FakeResponse.json": {"executed_lines": [12], "summary": {"covered_lines": 1, "num_statements": 1, "percent_covered": 100.0, "percent_covered_display": "100", "missing_lines": 0, "excluded_lines": 0, "percent_statements_covered": 100.0, "percent_statements_covered_display": "100"}, "missing_lines": [], "excluded_lines": [], "start_line": 11}, "test_wecom_client_splits_long_messages": {"executed_lines": [16, 18, 22, 24, 25, 27, 28, 29], "summary": {"covered_lines": 8, "num_statements": 8, "percent_covered": 100.0, "percent_covered_display": "100", "missing_lines": 0, "excluded_lines": 0, "percent_statements_covered": 100.0, "percent_statements_covered_display": "100"}, "missing_lines": [], "excluded_lines": [], "start_line": 15}, "test_wecom_client_splits_long_messages.fake_post": {"executed_lines": [19, 20], "summary": {"covered_lines": 2, "num_statements": 2, "percent_covered": 100.0, "percent_covered_display": "100", "missing_lines": 0, "excluded_lines": 0, "percent_statements_covered": 100.0, "percent_statements_covered_display": "100"}, "missing_lines": [], "excluded_lines": [], "start_line": 18}, "test_wecom_client_requires_webhook_url": {"executed_lines": [33, 35, 36], "summary": {"covered_lines": 3, "num_statements": 3, "percent_covered": 100.0, "percent_covered_display": "100", "missing_lines": 0, "excluded_lines": 0, "percent_statements_covered": 100.0, "percent_statements_covered_display": "100"}, "missing_lines": [], "excluded_lines": [], "start_line": 32}, "test_wecom_client_raises_on_http_error": {"executed_lines": [40, 41, 42, 44, 47, 49, 51, 52], "summary": {"covered_lines": 8, "num_statements": 8, "percent_covered": 100.0, "percent_covered_display": "100", "missing_lines": 0, "excluded_lines": 0, "percent_statements_covered": 100.0, "percent_statements_covered_display": "100"}, "missing_lines": [], "excluded_lines": [], "start_line": 39}, "test_wecom_client_raises_on_http_error.ErrorResponse.json": {"executed_lines": [], "summary": {"covered_lines": 0, "num_statements": 1, "percent_covered": 0.0, "percent_covered_display": "0", "missing_lines": 1, "excluded_lines": 0, "percent_statements_covered": 0.0, "percent_statements_covered_display": "0"}, "missing_lines": [45], "excluded_lines": [], "start_line": 44}, "test_wecom_client_raises_on_invalid_json": {"executed_lines": [56, 57, 58, 60, 63, 65, 67, 68], "summary": {"covered_lines": 8, "num_statements": 8, "percent_covered": 100.0, "percent_covered_display": "100", "missing_lines": 0, "excluded_lines": 0, "percent_statements_covered": 100.0, "percent_statements_covered_display": "100"}, "missing_lines": [], "excluded_lines": [], "start_line": 55}, "test_wecom_client_raises_on_invalid_json.InvalidJsonResponse.json": {"executed_lines": [61], "summary": {"covered_lines": 1, "num_statements": 1, "percent_covered": 100.0, "percent_covered_display": "100", "missing_lines": 0, "excluded_lines": 0, "percent_statements_covered": 100.0, "percent_statements_covered_display": "100"}, "missing_lines": [], "excluded_lines": [], "start_line": 60}, "test_wecom_client_raises_on_nonzero_errcode": {"executed_lines": [72, 73, 74, 76, 79, 81, 83, 84], "summary": {"covered_lines": 8, "num_statements": 8, "percent_covered": 100.0, "percent_covered_display": "100", "missing_lines": 0, "excluded_lines": 0, "percent_statements_covered": 100.0, "percent_statements_covered_display": "100"}, "missing_lines": [], "excluded_lines": [], "start_line": 71}, "test_wecom_client_raises_on_nonzero_errcode.BizErrorResponse.json": {"executed_lines": [77], "summary": {"covered_lines": 1, "num_statements": 1, "percent_covered": 100.0, "percent_covered_display": "100", "missing_lines": 0, "excluded_lines": 0, "percent_statements_covered": 100.0, "percent_statements_covered_display": "100"}, "missing_lines": [], "excluded_lines": [], "start_line": 76}, "": {"executed_lines": [1, 3, 6, 7, 8, 9, 11, 15, 32, 39, 55, 71], "summary": {"covered_lines": 12, "num_statements": 12, "percent_covered": 100.0, "percent_covered_display": "100", "missing_lines": 0, "excluded_lines": 0, "percent_statements_covered": 100.0, "percent_statements_covered_display": "100"}, "missing_lines": [], "excluded_lines": [], "start_line": 1}}, "classes": {"FakeResponse": {"executed_lines": [12], "summary": {"covered_lines": 1, "num_statements": 1, "percent_covered": 100.0, "percent_covered_display": "100", "missing_lines": 0, "excluded_lines": 0, "percent_statements_covered": 100.0, "percent_statements_covered_display": "100"}, "missing_lines": [], "excluded_lines": [], "start_line": 6}, "test_wecom_client_raises_on_http_error.ErrorResponse": {"executed_lines": [], "summary": {"covered_lines": 0, "num_statements": 1, "percent_covered": 0.0, "percent_covered_display": "0", "missing_lines": 1, "excluded_lines": 0, "percent_statements_covered": 0.0, "percent_statements_covered_display": "0"}, "missing_lines": [45], "excluded_lines": [], "start_line": 40}, "test_wecom_client_raises_on_invalid_json.InvalidJsonResponse": {"executed_lines": [61], "summary": {"covered_lines": 1, "num_statements": 1, "percent_covered": 100.0, "percent_covered_display": "100", "missing_lines": 0, "excluded_lines": 0, "percent_statements_covered": 100.0, "percent_statements_covered_display": "100"}, "missing_lines": [], "excluded_lines": [], "start_line": 56}, "test_wecom_client_raises_on_nonzero_errcode.BizErrorResponse": {"executed_lines": [77], "summary": {"covered_lines": 1, "num_statements": 1, "percent_covered": 100.0, "percent_covered_display": "100", "missing_lines": 0, "excluded_lines": 0, "percent_statements_covered": 100.0, "percent_statements_covered_display": "100"}, "missing_lines": [], "excluded_lines": [], "start_line": 72}, "": {"executed_lines": [1, 3, 6, 7, 8, 9, 11, 15, 16, 18, 19, 20, 22, 24, 25, 27, 28, 29, 32, 33, 35, 36, 39, 40, 41, 42, 44, 47, 49, 51, 52, 55, 56, 57, 58, 60, 63, 65, 67, 68, 71, 72, 73, 74, 76, 79, 81, 83, 84], "summary": {"covered_lines": 49, "num_statements": 49, "percent_covered": 100.0, "percent_covered_display": "100", "missing_lines": 0, "excluded_lines": 0, "percent_statements_covered": 100.0, "percent_statements_covered_display": "100"}, "missing_lines": [], "excluded_lines": [], "start_line": 1}}}}, "totals": {"covered_lines": 3310, "num_statements": 3725, "percent_covered": 88.85906040268456, "percent_covered_display": "89", "missing_lines": 415, "excluded_lines": 3, "percent_statements_covered": 88.85906040268456, "percent_statements_covered_display": "89"}}